#
# There is insufficient memory for the Java Runtime Environment to continue.
# Native memory allocation (malloc) failed to allocate 311696 bytes for Chunk::new
# Possible reasons:
#   The system is out of physical RAM or swap space
#   In 32 bit mode, the process size limit was hit
# Possible solutions:
#   Reduce memory load on the system
#   Increase physical memory or swap space
#   Check if swap backing store is full
#   Use 64 bit Java on a 64 bit OS
#   Decrease Java heap size (-Xmx/-Xms)
#   Decrease number of Java threads
#   Decrease Java thread stack sizes (-Xss)
#   Set larger code cache with -XX:ReservedCodeCacheSize=
# This output file may be truncated or incomplete.
#
#  Out of Memory Error (allocation.cpp:323), pid=9612, tid=10424
#
# JRE version: Java(TM) SE Runtime Environment (7.0_80-b15) (build 1.7.0_80-b15)
# Java VM: Java HotSpot(TM) 64-Bit Server VM (24.80-b11 mixed mode windows-amd64 compressed oops)
# Failed to write core dump. Minidumps are not enabled by default on client versions of Windows
#

---------------  T H R E A D  ---------------

Current thread (0x0000000008f03000):  JavaThread "C2 CompilerThread1" daemon [_thread_in_native, id=10424, stack(0x000000000b860000,0x000000000b960000)]

Stack: [0x000000000b860000,0x000000000b960000]
[error occurred during error reporting (printing stack bounds), id 0xc0000005]


[error occurred during error reporting (printing native stack), id 0xc0000005]


Current CompileTask:
C2:   1649  192             com.android.dx.ssa.SCCP::simulateBranch (666 bytes)


---------------  P R O C E S S  ---------------

Java Threads: ( => current thread )
  0x0000000009eb7000 JavaThread "pool-1-thread-4" [_thread_in_Java, id=10428, stack(0x000000000c300000,0x000000000c400000)]
  0x0000000009eb6800 JavaThread "pool-1-thread-3" [_thread_blocked, id=10148, stack(0x000000000c0f0000,0x000000000c1f0000)]
  0x0000000009eb5800 JavaThread "pool-1-thread-2" [_thread_blocked, id=6584, stack(0x000000000be90000,0x000000000bf90000)]
  0x0000000009eb5000 JavaThread "pool-2-thread-1" [_thread_blocked, id=5240, stack(0x000000000bcd0000,0x000000000bdd0000)]
  0x0000000009eb4000 JavaThread "pool-1-thread-1" [_thread_blocked, id=9096, stack(0x000000000bb60000,0x000000000bc60000)]
  0x0000000009eb3000 JavaThread "Service Thread" daemon [_thread_blocked, id=10348, stack(0x000000000b710000,0x000000000b810000)]
=>0x0000000008f03000 JavaThread "C2 CompilerThread1" daemon [_thread_in_native, id=10424, stack(0x000000000b860000,0x000000000b960000)]
  0x0000000008eff800 JavaThread "C2 CompilerThread0" daemon [_thread_in_native, id=8536, stack(0x000000000b5e0000,0x000000000b6e0000)]
  0x0000000008efe800 JavaThread "Attach Listener" daemon [_thread_blocked, id=6928, stack(0x000000000b430000,0x000000000b530000)]
  0x0000000009ead000 JavaThread "Signal Dispatcher" daemon [_thread_blocked, id=10596, stack(0x000000000b300000,0x000000000b400000)]
  0x0000000002546000 JavaThread "Finalizer" daemon [_thread_blocked, id=9324, stack(0x000000000b1f0000,0x000000000b2f0000)]
  0x0000000002545000 JavaThread "Reference Handler" daemon [_thread_blocked, id=9800, stack(0x000000000afb0000,0x000000000b0b0000)]
  0x00000000025de800 JavaThread "main" [_thread_blocked, id=5460, stack(0x0000000002830000,0x0000000002930000)]

Other Threads:
  0x0000000008eed000 VMThread [stack: 0x000000000aea0000,0x000000000afa0000] [id=10964]
  0x0000000008f0d000 WatcherThread [stack: 0x000000000ba00000,0x000000000bb00000] [id=8680]

VM state:not at safepoint (normal execution)

VM Mutex/Monitor currently owned by a thread: None

Heap
 PSYoungGen      total 38400K, used 28277K [0x00000000eaa80000, 0x00000000ed500000, 0x0000000100000000)
  eden space 33280K, 84% used [0x00000000eaa80000,0x00000000ec61d400,0x00000000ecb00000)
  from space 5120K, 0% used [0x00000000ed000000,0x00000000ed000000,0x00000000ed500000)
  to   space 5120K, 0% used [0x00000000ecb00000,0x00000000ecb00000,0x00000000ed000000)
 ParOldGen       total 87040K, used 0K [0x00000000c0000000, 0x00000000c5500000, 0x00000000eaa80000)
  object space 87040K, 0% used [0x00000000c0000000,0x00000000c0000000,0x00000000c5500000)
 PSPermGen       total 21504K, used 5828K [0x00000000bae00000, 0x00000000bc300000, 0x00000000c0000000)
  object space 21504K, 27% used [0x00000000bae00000,0x00000000bb3b1098,0x00000000bc300000)

Card table byte_map: [0x0000000005930000,0x0000000005b60000] byte_map_base: 0x0000000005359000

Polling page: 0x0000000000130000

Code Cache  [0x0000000002930000, 0x0000000002ba0000, 0x0000000005930000)
 total_blobs=435 nmethods=197 adapters=191 free_code_cache=48361Kb largest_free_block=49491904

Compilation events (10 events):
Event: 1.632 Thread 0x0000000008eff800 nmethod 189 0x00000000029ebd90 code [0x00000000029ebf00, 0x00000000029ec128]
Event: 1.632 Thread 0x0000000008eff800  193             com.android.dx.rop.code.PlainInsn::accept (8 bytes)
Event: 1.632 Thread 0x0000000008eff800 nmethod 193 0x00000000029edc10 code [0x00000000029edd60, 0x00000000029eddd8]
Event: 1.632 Thread 0x0000000008eff800  194             java.util.Arrays::hashCode (56 bytes)
Event: 1.634 Thread 0x0000000008eff800 nmethod 194 0x00000000029e2410 code [0x00000000029e2560, 0x00000000029e26b8]
Event: 1.634 Thread 0x0000000008eff800  195             com.android.dx.ssa.DeadCodeRemover::pruneDeadInstructions (246 bytes)
Event: 1.646 Thread 0x0000000008eff800 nmethod 195 0x00000000029ee810 code [0x00000000029ee9a0, 0x00000000029eefb8]
Event: 1.646 Thread 0x0000000008eff800  196             com.android.dx.dex.code.ZeroSizeInsn::<init> (12 bytes)
Event: 1.647 Thread 0x0000000008eff800 nmethod 196 0x00000000029ee590 code [0x00000000029ee6e0, 0x00000000029ee778]
Event: 1.647 Thread 0x0000000008eff800  197             com.android.dx.rop.code.RegisterSpecSet::size (49 bytes)

GC Heap History (0 events):
No events

Deoptimization events (5 events):
Event: 0.359 Thread 0x00000000025de800 Uncommon trap: reason=unstable_if action=reinterpret pc=0x0000000002990ac4 method=java.lang.String.indexOf(II)I @ 49
Event: 1.101 Thread 0x0000000009eb5800 Uncommon trap: reason=class_check action=maybe_recompile pc=0x00000000029a0e2c method=com.android.dx.ssa.NormalSsaInsn.accept(Lcom/android/dx/ssa/SsaInsn$Visitor;)V @ 9
Event: 1.110 Thread 0x0000000009eb5800 Uncommon trap: reason=class_check action=maybe_recompile pc=0x00000000029a0e2c method=com.android.dx.ssa.NormalSsaInsn.accept(Lcom/android/dx/ssa/SsaInsn$Visitor;)V @ 9
Event: 1.110 Thread 0x0000000009eb4000 Uncommon trap: reason=null_check action=make_not_entrant pc=0x00000000029ac23c method=com.android.dx.rop.code.LocalItem.equals(Ljava/lang/Object;)Z @ 1
Event: 1.222 Thread 0x0000000009eb6800 Uncommon trap: reason=unstable_if action=reinterpret pc=0x00000000029b5544 method=com.android.dx.rop.cst.Constant.compareTo(Lcom/android/dx/rop/cst/Constant;)I @ 12

Internal exceptions (10 events):
Event: 0.737 Thread 0x0000000009eb6800 Threw 0x00000000eb5361c0 at C:\re\jdk7u80\2329\hotspot\src\share\vm\prims\jvm.cpp:1319
Event: 0.738 Thread 0x0000000009eb4000 Threw 0x00000000eb4e2f88 at C:\re\jdk7u80\2329\hotspot\src\share\vm\prims\jvm.cpp:1319
Event: 0.749 Thread 0x0000000009eb5800 Threw 0x00000000eb2886c8 at C:\re\jdk7u80\2329\hotspot\src\share\vm\prims\jvm.cpp:1319
Event: 0.757 Thread 0x0000000009eb4000 Threw 0x00000000eb4ebfe8 at C:\re\jdk7u80\2329\hotspot\src\share\vm\prims\jvm.cpp:1319
Event: 0.758 Thread 0x0000000009eb4000 Threw 0x00000000eb4f3010 at C:\re\jdk7u80\2329\hotspot\src\share\vm\prims\jvm.cpp:1319
Event: 0.788 Thread 0x0000000009eb4000 Threw 0x00000000eb60b3f0 at C:\re\jdk7u80\2329\hotspot\src\share\vm\prims\jvm.cpp:1319
Event: 0.809 Thread 0x00000000025de800 Threw 0x00000000eb0dcd20 at C:\re\jdk7u80\2329\hotspot\src\share\vm\prims\jvm.cpp:1319
Event: 1.036 Thread 0x0000000009eb6800 Threw 0x00000000eb58a358 at C:\re\jdk7u80\2329\hotspot\src\share\vm\prims\jvm.cpp:1319
Event: 1.088 Thread 0x0000000009eb5800 Threw 0x00000000eb2ed038 at C:\re\jdk7u80\2329\hotspot\src\share\vm\prims\jvm.cpp:1319
Event: 1.110 Thread 0x0000000009eb4000 Implicit null exception at 0x00000000029abecf to 0x00000000029ac229

Events (10 events):
Event: 1.110 Thread 0x0000000009eb5800 DEOPT PACKING pc=0x00000000029a0e2c sp=0x000000000bf8ead0
Event: 1.110 Thread 0x0000000009eb5800 DEOPT UNPACKING pc=0x0000000002969064 sp=0x000000000bf8ea20 mode 2
Event: 1.110 Thread 0x0000000009eb4000 Uncommon trap: trap_request=0xfffffff4 fr.pc=0x00000000029ac23c
Event: 1.110 Thread 0x0000000009eb4000 DEOPT PACKING pc=0x00000000029ac23c sp=0x000000000bc5e750
Event: 1.110 Thread 0x0000000009eb4000 DEOPT UNPACKING pc=0x0000000002969064 sp=0x000000000bc5e690 mode 2
Event: 1.222 Thread 0x0000000009eb6800 Uncommon trap: trap_request=0xffffff75 fr.pc=0x00000000029b5544
Event: 1.222 Thread 0x0000000009eb6800 DEOPT PACKING pc=0x00000000029b5544 sp=0x000000000c1eead0
Event: 1.223 Thread 0x0000000009eb6800 DEOPT UNPACKING pc=0x0000000002969064 sp=0x000000000c1eea70 mode 2
Event: 1.239 loading class 0x0000000008d47fe0
Event: 1.239 loading class 0x0000000008d47fe0 done


Dynamic libraries:
0x000000013f980000 - 0x000000013f9b3000 	D:\java\jdk1.7.0_80\bin\java.exe
0x00000000774b0000 - 0x000000007765a000 	C:\Windows\SYSTEM32\ntdll.dll
0x0000000077290000 - 0x00000000773af000 	C:\Windows\system32\kernel32.dll
0x000007fefd460000 - 0x000007fefd4cb000 	C:\Windows\system32\KERNELBASE.dll
0x000007fefeca0000 - 0x000007fefed7b000 	C:\Windows\system32\ADVAPI32.dll
0x000007fefee50000 - 0x000007fefeeef000 	C:\Windows\system32\msvcrt.dll
0x000007fefde70000 - 0x000007fefde8f000 	C:\Windows\SYSTEM32\sechost.dll
0x000007feff5c0000 - 0x000007feff6ed000 	C:\Windows\system32\RPCRT4.dll
0x00000000773b0000 - 0x00000000774aa000 	C:\Windows\system32\USER32.dll
0x000007fefec30000 - 0x000007fefec97000 	C:\Windows\system32\GDI32.dll
0x000007fefec20000 - 0x000007fefec2e000 	C:\Windows\system32\LPK.dll
0x000007feff4f0000 - 0x000007feff5ba000 	C:\Windows\system32\USP10.dll
0x000007fefbfb0000 - 0x000007fefc1a4000 	C:\Windows\WinSxS\amd64_microsoft.windows.common-controls_6595b64144ccf1df_6.0.7601.18837_none_fa3b1e3d17594757\COMCTL32.dll
0x000007feff6f0000 - 0x000007feff761000 	C:\Windows\system32\SHLWAPI.dll
0x000007fefed80000 - 0x000007fefedae000 	C:\Windows\system32\IMM32.DLL
0x000007fefef10000 - 0x000007feff019000 	C:\Windows\system32\MSCTF.dll
0x000000005a080000 - 0x000000005a152000 	D:\java\jdk1.7.0_80\jre\bin\msvcr100.dll
0x0000000059340000 - 0x0000000059b19000 	D:\java\jdk1.7.0_80\jre\bin\server\jvm.dll
0x000007fef37a0000 - 0x000007fef37a9000 	C:\Windows\system32\WSOCK32.dll
0x000007feff770000 - 0x000007feff7bd000 	C:\Windows\system32\WS2_32.dll
0x000007fefd840000 - 0x000007fefd848000 	C:\Windows\system32\NSI.dll
0x000007fef9e60000 - 0x000007fef9e9b000 	C:\Windows\system32\WINMM.dll
0x0000000077670000 - 0x0000000077677000 	C:\Windows\system32\PSAPI.DLL
0x000000005b070000 - 0x000000005b07f000 	D:\java\jdk1.7.0_80\jre\bin\verify.dll
0x000000005b040000 - 0x000000005b068000 	D:\java\jdk1.7.0_80\jre\bin\java.dll
0x000000005aff0000 - 0x000000005b006000 	D:\java\jdk1.7.0_80\jre\bin\zip.dll
0x000000005afd0000 - 0x000000005afea000 	D:\java\jdk1.7.0_80\jre\bin\net.dll
0x000007fefcc20000 - 0x000007fefcc75000 	C:\Windows\system32\mswsock.dll
0x000007fefcc10000 - 0x000007fefcc17000 	C:\Windows\System32\wship6.dll
0x000000005afb0000 - 0x000000005afc1000 	D:\java\jdk1.7.0_80\jre\bin\nio.dll

VM Arguments:
jvm_args: -Xmx1024M -Dfile.encoding=GBK -Duser.country=CN -Duser.language=zh -Duser.variant 
java_command: com.android.dx.command.Main --dex --num-threads=4 --output F:\AndroidStudioProjects\Thermal\app\build\intermediates\pre-dexed\debug\MobTools-2016.0303.1229-efbc16d7bcbdfbcbc391ee0ea748e9429a2944f3.jar F:\AndroidStudioProjects\Thermal\app\libs\MobTools-2016.0303.1229.jar
Launcher Type: SUN_STANDARD

Environment Variables:
JAVA_HOME=D:\java\jdk1.7.0_80
CLASSPATH=.;JAVA_HOME\lib;JAVA_HOME\lib\tools.jar
PATH=F:\AppData\Local\Android\sdk\platform-tools;E:\adt-bundle-windows-x86_64-20140702\sdk\platform-tools;E:\adt-bundle-windows-x86_64-20140702\sdk\sdk\tools;JAVA_HOME\bin;JAVA_HOME\jre\bin;C:\Program Files (x86)\AMD APP\bin\x86_64;C:\Program Files (x86)\AMD APP\bin\x86;C:\Windows\system32;C:\Windows;C:\Windows\System32\Wbem;C:\Windows\System32\WindowsPowerShell\v1.0\;C:\Program Files (x86)\AMD\ATI.ACE\Core-Static;C:\Program Files (x86)\Common Files\microsoft shared\TigerKin;C:\Program Files (x86)\Skype\Phone\;E:\Subversion\bin;C:\Program Files\TortoiseSVN\bin
USERNAME=Administrator
OS=Windows_NT
PROCESSOR_IDENTIFIER=AMD64 Family 21 Model 2 Stepping 0, AuthenticAMD



---------------  S Y S T E M  ---------------

OS: Windows 7 , 64 bit Build 7601 Service Pack 1

CPU:total 8 (8 cores per cpu, 1 threads per core) family 21 model 2 stepping 0, cmov, cx8, fxsr, mmx, sse, sse2, sse3, ssse3, sse4.1, sse4.2, popcnt, avx, aes, mmxext, 3dnowpref, lzcnt, sse4a, tsc, tscinvbit, tscinv

Memory: 4k page, physical 8354464k(990208k free), swap 10449780k(5204k free)

vm_info: Java HotSpot(TM) 64-Bit Server VM (24.80-b11) for windows-amd64 JRE (1.7.0_80-b15), built on Apr 10 2015 11:26:34 by "java_re" with unknown MS VC++:1600

time: Tue May 24 11:33:49 2016
elapsed time: 1 seconds

