#
# There is insufficient memory for the Java Runtime Environment to continue.
# Native memory allocation (malloc) failed to allocate 476496 bytes for Chunk::new
# Possible reasons:
#   The system is out of physical RAM or swap space
#   In 32 bit mode, the process size limit was hit
# Possible solutions:
#   Reduce memory load on the system
#   Increase physical memory or swap space
#   Check if swap backing store is full
#   Use 64 bit Java on a 64 bit OS
#   Decrease Java heap size (-Xmx/-Xms)
#   Decrease number of Java threads
#   Decrease Java thread stack sizes (-Xss)
#   Set larger code cache with -XX:ReservedCodeCacheSize=
# This output file may be truncated or incomplete.
#
#  Out of Memory Error (allocation.cpp:323), pid=7712, tid=7708
#
# JRE version: Java(TM) SE Runtime Environment (7.0_80-b15) (build 1.7.0_80-b15)
# Java VM: Java HotSpot(TM) 64-Bit Server VM (24.80-b11 mixed mode windows-amd64 compressed oops)
# Failed to write core dump. Minidumps are not enabled by default on client versions of Windows
#

---------------  T H R E A D  ---------------

Current thread (0x0000000009e8c800):  JavaThread "C2 CompilerThread1" daemon [_thread_in_native, id=7708, stack(0x000000000b840000,0x000000000b940000)]

Stack: [0x000000000b840000,0x000000000b940000]
[error occurred during error reporting (printing stack bounds), id 0xc0000005]


[error occurred during error reporting (printing native stack), id 0xc0000005]


Current CompileTask:
C2:   1526  128             com.android.dx.ssa.SsaConverter::placePhiFunctions (394 bytes)


---------------  P R O C E S S  ---------------

Java Threads: ( => current thread )
  0x000000000a05f800 JavaThread "pool-1-thread-4" [_thread_in_Java, id=8444, stack(0x000000000bc80000,0x000000000bd80000)]
  0x000000000a04e000 JavaThread "pool-1-thread-3" [_thread_in_Java, id=9064, stack(0x000000000c190000,0x000000000c290000)]
  0x000000000a04a000 JavaThread "pool-1-thread-2" [_thread_in_Java, id=9488, stack(0x000000000bf70000,0x000000000c070000)]
  0x000000000a049800 JavaThread "pool-2-thread-1" [_thread_blocked, id=6872, stack(0x000000000b740000,0x000000000b840000)]
  0x000000000a047800 JavaThread "pool-1-thread-1" [_thread_in_Java, id=8480, stack(0x000000000bd90000,0x000000000be90000)]
  0x0000000009e91800 JavaThread "Service Thread" daemon [_thread_blocked, id=4384, stack(0x000000000ba10000,0x000000000bb10000)]
=>0x0000000009e8c800 JavaThread "C2 CompilerThread1" daemon [_thread_in_native, id=7708, stack(0x000000000b840000,0x000000000b940000)]
  0x0000000009e89000 JavaThread "C2 CompilerThread0" daemon [_thread_blocked, id=8240, stack(0x000000000b5c0000,0x000000000b6c0000)]
  0x0000000009e87800 JavaThread "Attach Listener" daemon [_thread_blocked, id=7636, stack(0x000000000b470000,0x000000000b570000)]
  0x0000000009e86000 JavaThread "Signal Dispatcher" daemon [_thread_blocked, id=7392, stack(0x000000000b350000,0x000000000b450000)]
  0x00000000024fc000 JavaThread "Finalizer" daemon [_thread_blocked, id=7776, stack(0x000000000b200000,0x000000000b300000)]
  0x00000000024f5000 JavaThread "Reference Handler" daemon [_thread_blocked, id=10664, stack(0x000000000b040000,0x000000000b140000)]
  0x00000000025de800 JavaThread "main" [_thread_in_Java, id=2092, stack(0x0000000002890000,0x0000000002990000)]

Other Threads:
  0x0000000008cad000 VMThread [stack: 0x000000000aed0000,0x000000000afd0000] [id=9320]
  0x0000000009ea2800 WatcherThread [stack: 0x000000000bb70000,0x000000000bc70000] [id=8036]

VM state:not at safepoint (normal execution)

VM Mutex/Monitor currently owned by a thread: None

Heap
 PSYoungGen      total 38400K, used 20252K [0x00000000eaa80000, 0x00000000ed500000, 0x0000000100000000)
  eden space 33280K, 60% used [0x00000000eaa80000,0x00000000ebe471e0,0x00000000ecb00000)
  from space 5120K, 0% used [0x00000000ed000000,0x00000000ed000000,0x00000000ed500000)
  to   space 5120K, 0% used [0x00000000ecb00000,0x00000000ecb00000,0x00000000ed000000)
 ParOldGen       total 87040K, used 0K [0x00000000c0000000, 0x00000000c5500000, 0x00000000eaa80000)
  object space 87040K, 0% used [0x00000000c0000000,0x00000000c0000000,0x00000000c5500000)
 PSPermGen       total 21504K, used 5666K [0x00000000bae00000, 0x00000000bc300000, 0x00000000c0000000)
  object space 21504K, 26% used [0x00000000bae00000,0x00000000bb388978,0x00000000bc300000)

Card table byte_map: [0x0000000005990000,0x0000000005bc0000] byte_map_base: 0x00000000053b9000

Polling page: 0x0000000000230000

Code Cache  [0x0000000002990000, 0x0000000002c00000, 0x0000000005990000)
 total_blobs=368 nmethods=132 adapters=189 free_code_cache=48582Kb largest_free_block=49721024

Compilation events (10 events):
Event: 1.507 Thread 0x0000000009e89000  129             java.util.HashMap::indexFor (6 bytes)
Event: 1.508 Thread 0x0000000009e89000 nmethod 129 0x0000000002a21b90 code [0x0000000002a21cc0, 0x0000000002a21cf8]
Event: 1.509 Thread 0x0000000009e89000  130             com.android.dx.ssa.DeadCodeRemover::hasSideEffect (11 bytes)
Event: 1.512 Thread 0x0000000009e89000 nmethod 130 0x0000000002a1fed0 code [0x0000000002a20020, 0x0000000002a20178]
Event: 1.513 Thread 0x0000000009e89000  131             com.android.dx.util.IntList::binarysearch (124 bytes)
Event: 1.515 Thread 0x0000000009e89000 nmethod 131 0x0000000002a1fa10 code [0x0000000002a1fb60, 0x0000000002a1fd18]
Event: 1.515 Thread 0x0000000009e89000  132             com.android.dx.ssa.SsaBasicBlock::getPredecessors (5 bytes)
Event: 1.516 Thread 0x0000000009e89000 nmethod 132 0x0000000002a1f810 code [0x0000000002a1f940, 0x0000000002a1f998]
Event: 1.518 Thread 0x0000000009e89000  133             com.android.dx.cf.code.Ropper::labelToResultIndex (47 bytes)
Event: 1.522 Thread 0x0000000009e89000 nmethod 133 0x0000000002a1f290 code [0x0000000002a1f3e0, 0x0000000002a1f658]

GC Heap History (0 events):
No events

Deoptimization events (1 events):
Event: 0.248 Thread 0x00000000025de800 Uncommon trap: reason=unstable_if action=reinterpret pc=0x00000000029f0dc4 method=java.lang.String.indexOf(II)I @ 49

Internal exceptions (10 events):
Event: 0.705 Thread 0x000000000a04e000 Threw 0x00000000eb4d97f0 at C:\re\jdk7u80\2329\hotspot\src\share\vm\prims\jvm.cpp:1319
Event: 0.705 Thread 0x000000000a04e000 Threw 0x00000000eb4dcc30 at C:\re\jdk7u80\2329\hotspot\src\share\vm\prims\jvm.cpp:1319
Event: 0.708 Thread 0x000000000a04e000 Threw 0x00000000eb4e9020 at C:\re\jdk7u80\2329\hotspot\src\share\vm\prims\jvm.cpp:1319
Event: 0.709 Thread 0x000000000a04e000 Threw 0x00000000eb530000 at C:\re\jdk7u80\2329\hotspot\src\share\vm\prims\jvm.cpp:1319
Event: 0.710 Thread 0x000000000a04e000 Threw 0x00000000eb534328 at C:\re\jdk7u80\2329\hotspot\src\share\vm\prims\jvm.cpp:1319
Event: 0.758 Thread 0x000000000a04e000 Threw 0x00000000eb54a6e8 at C:\re\jdk7u80\2329\hotspot\src\share\vm\prims\jvm.cpp:1319
Event: 0.765 Thread 0x000000000a04a000 Threw 0x00000000eb0e6cb0 at C:\re\jdk7u80\2329\hotspot\src\share\vm\prims\jvm.cpp:1319
Event: 0.784 Thread 0x000000000a04e000 Threw 0x00000000eb5686b0 at C:\re\jdk7u80\2329\hotspot\src\share\vm\prims\jvm.cpp:1319
Event: 0.805 Thread 0x00000000025de800 Threw 0x00000000eb3c28f0 at C:\re\jdk7u80\2329\hotspot\src\share\vm\prims\jvm.cpp:1319
Event: 1.353 Thread 0x000000000a047800 Threw 0x00000000eb8bf5b0 at C:\re\jdk7u80\2329\hotspot\src\share\vm\prims\jvm.cpp:1319

Events (10 events):
Event: 0.784 loading class 0x0000000009fe33c0
Event: 0.784 loading class 0x0000000009fe33c0 done
Event: 0.805 loading class 0x0000000009f8efb0
Event: 0.805 loading class 0x0000000009f8efb0 done
Event: 1.181 loading class 0x0000000008aff5b0
Event: 1.181 loading class 0x0000000008aff5b0 done
Event: 1.353 loading class 0x000000000a0b4460
Event: 1.353 loading class 0x000000000a0b4460 done
Event: 1.387 loading class 0x0000000008b07fe0
Event: 1.387 loading class 0x0000000008b07fe0 done


Dynamic libraries:
0x000000013f570000 - 0x000000013f5a3000 	D:\java\jdk1.7.0_80\bin\java.exe
0x00000000774b0000 - 0x000000007765a000 	C:\Windows\SYSTEM32\ntdll.dll
0x0000000077290000 - 0x00000000773af000 	C:\Windows\system32\kernel32.dll
0x000007fefd460000 - 0x000007fefd4cb000 	C:\Windows\system32\KERNELBASE.dll
0x000007fefeca0000 - 0x000007fefed7b000 	C:\Windows\system32\ADVAPI32.dll
0x000007fefee50000 - 0x000007fefeeef000 	C:\Windows\system32\msvcrt.dll
0x000007fefde70000 - 0x000007fefde8f000 	C:\Windows\SYSTEM32\sechost.dll
0x000007feff5c0000 - 0x000007feff6ed000 	C:\Windows\system32\RPCRT4.dll
0x00000000773b0000 - 0x00000000774aa000 	C:\Windows\system32\USER32.dll
0x000007fefec30000 - 0x000007fefec97000 	C:\Windows\system32\GDI32.dll
0x000007fefec20000 - 0x000007fefec2e000 	C:\Windows\system32\LPK.dll
0x000007feff4f0000 - 0x000007feff5ba000 	C:\Windows\system32\USP10.dll
0x000007fefbfb0000 - 0x000007fefc1a4000 	C:\Windows\WinSxS\amd64_microsoft.windows.common-controls_6595b64144ccf1df_6.0.7601.18837_none_fa3b1e3d17594757\COMCTL32.dll
0x000007feff6f0000 - 0x000007feff761000 	C:\Windows\system32\SHLWAPI.dll
0x000007fefed80000 - 0x000007fefedae000 	C:\Windows\system32\IMM32.DLL
0x000007fefef10000 - 0x000007feff019000 	C:\Windows\system32\MSCTF.dll
0x0000000062840000 - 0x0000000062912000 	D:\java\jdk1.7.0_80\jre\bin\msvcr100.dll
0x0000000062d20000 - 0x00000000634f9000 	D:\java\jdk1.7.0_80\jre\bin\server\jvm.dll
0x000007fef37a0000 - 0x000007fef37a9000 	C:\Windows\system32\WSOCK32.dll
0x000007feff770000 - 0x000007feff7bd000 	C:\Windows\system32\WS2_32.dll
0x000007fefd840000 - 0x000007fefd848000 	C:\Windows\system32\NSI.dll
0x000007fef9e60000 - 0x000007fef9e9b000 	C:\Windows\system32\WINMM.dll
0x0000000077670000 - 0x0000000077677000 	C:\Windows\system32\PSAPI.DLL
0x0000000071ac0000 - 0x0000000071acf000 	D:\java\jdk1.7.0_80\jre\bin\verify.dll
0x000000006b8a0000 - 0x000000006b8c8000 	D:\java\jdk1.7.0_80\jre\bin\java.dll
0x00000000710f0000 - 0x0000000071106000 	D:\java\jdk1.7.0_80\jre\bin\zip.dll
0x0000000070dc0000 - 0x0000000070dda000 	D:\java\jdk1.7.0_80\jre\bin\net.dll
0x000007fefcc20000 - 0x000007fefcc75000 	C:\Windows\system32\mswsock.dll
0x000007fefcc10000 - 0x000007fefcc17000 	C:\Windows\System32\wship6.dll
0x00000000707b0000 - 0x00000000707c1000 	D:\java\jdk1.7.0_80\jre\bin\nio.dll

VM Arguments:
jvm_args: -Xmx1024M -Dfile.encoding=GBK -Duser.country=CN -Duser.language=zh -Duser.variant 
java_command: com.android.dx.command.Main --dex --num-threads=4 --output F:\AndroidStudioProjects\Thermal\app\build\intermediates\pre-dexed\debug\mobAPI-1.0.4-972aedbb750e4dd2bd1e3b99c45072dd578c7ef4.jar F:\AndroidStudioProjects\Thermal\app\libs\mobAPI-1.0.4.jar
Launcher Type: SUN_STANDARD

Environment Variables:
JAVA_HOME=D:\java\jdk1.7.0_80
CLASSPATH=.;JAVA_HOME\lib;JAVA_HOME\lib\tools.jar
PATH=F:\AppData\Local\Android\sdk\platform-tools;E:\adt-bundle-windows-x86_64-20140702\sdk\platform-tools;E:\adt-bundle-windows-x86_64-20140702\sdk\sdk\tools;JAVA_HOME\bin;JAVA_HOME\jre\bin;C:\Program Files (x86)\AMD APP\bin\x86_64;C:\Program Files (x86)\AMD APP\bin\x86;C:\Windows\system32;C:\Windows;C:\Windows\System32\Wbem;C:\Windows\System32\WindowsPowerShell\v1.0\;C:\Program Files (x86)\AMD\ATI.ACE\Core-Static;C:\Program Files (x86)\Common Files\microsoft shared\TigerKin;C:\Program Files (x86)\Skype\Phone\;E:\Subversion\bin;C:\Program Files\TortoiseSVN\bin
USERNAME=Administrator
OS=Windows_NT
PROCESSOR_IDENTIFIER=AMD64 Family 21 Model 2 Stepping 0, AuthenticAMD



---------------  S Y S T E M  ---------------

OS: Windows 7 , 64 bit Build 7601 Service Pack 1

CPU:total 8 (8 cores per cpu, 1 threads per core) family 21 model 2 stepping 0, cmov, cx8, fxsr, mmx, sse, sse2, sse3, ssse3, sse4.1, sse4.2, popcnt, avx, aes, mmxext, 3dnowpref, lzcnt, sse4a, tsc, tscinvbit, tscinv

Memory: 4k page, physical 8354464k(1175732k free), swap 10449780k(5472k free)

vm_info: Java HotSpot(TM) 64-Bit Server VM (24.80-b11) for windows-amd64 JRE (1.7.0_80-b15), built on Apr 10 2015 11:26:34 by "java_re" with unknown MS VC++:1600

time: Tue May 24 16:45:41 2016
elapsed time: 1 seconds

