#
# There is insufficient memory for the Java Runtime Environment to continue.
# Native memory allocation (malloc) failed to allocate 195776 bytes for Chunk::new
# Possible reasons:
#   The system is out of physical RAM or swap space
#   In 32 bit mode, the process size limit was hit
# Possible solutions:
#   Reduce memory load on the system
#   Increase physical memory or swap space
#   Check if swap backing store is full
#   Use 64 bit Java on a 64 bit OS
#   Decrease Java heap size (-Xmx/-Xms)
#   Decrease number of Java threads
#   Decrease Java thread stack sizes (-Xss)
#   Set larger code cache with -XX:ReservedCodeCacheSize=
# This output file may be truncated or incomplete.
#
#  Out of Memory Error (allocation.cpp:323), pid=7792, tid=8176
#
# JRE version: Java(TM) SE Runtime Environment (7.0_80-b15) (build 1.7.0_80-b15)
# Java VM: Java HotSpot(TM) 64-Bit Server VM (24.80-b11 mixed mode windows-amd64 compressed oops)
# Failed to write core dump. Minidumps are not enabled by default on client versions of Windows
#

---------------  T H R E A D  ---------------

Current thread (0x0000000008f62800):  JavaThread "C2 CompilerThread0" daemon [_thread_in_native, id=8176, stack(0x000000000b880000,0x000000000b980000)]

Stack: [0x000000000b880000,0x000000000b980000]
[error occurred during error reporting (printing stack bounds), id 0xc0000005]


[error occurred during error reporting (printing native stack), id 0xc0000005]


Current CompileTask:
C2:   1233   86             com.android.dx.rop.code.RopMethod::calcPredecessors (227 bytes)


---------------  P R O C E S S  ---------------

Java Threads: ( => current thread )
  0x000000000a20f000 JavaThread "pool-1-thread-4" [_thread_blocked, id=9124, stack(0x000000000c280000,0x000000000c380000)]
  0x000000000a211000 JavaThread "pool-1-thread-3" [_thread_blocked, id=5912, stack(0x000000000c020000,0x000000000c120000)]
  0x000000000a23f000 JavaThread "pool-1-thread-2" [_thread_in_Java, id=7176, stack(0x000000000c160000,0x000000000c260000)]
  0x000000000a236800 JavaThread "pool-2-thread-1" [_thread_blocked, id=4252, stack(0x000000000bf20000,0x000000000c020000)]
  0x000000000a236000 JavaThread "pool-1-thread-1" [_thread_in_Java, id=10220, stack(0x000000000bd40000,0x000000000be40000)]
  0x000000000a029800 JavaThread "Service Thread" daemon [_thread_blocked, id=10016, stack(0x000000000bbb0000,0x000000000bcb0000)]
  0x0000000008f66000 JavaThread "C2 CompilerThread1" daemon [_thread_blocked, id=5140, stack(0x000000000ba50000,0x000000000bb50000)]
=>0x0000000008f62800 JavaThread "C2 CompilerThread0" daemon [_thread_in_native, id=8176, stack(0x000000000b880000,0x000000000b980000)]
  0x0000000008f61000 JavaThread "Attach Listener" daemon [_thread_blocked, id=7584, stack(0x000000000af30000,0x000000000b030000)]
  0x000000000a01d000 JavaThread "Signal Dispatcher" daemon [_thread_blocked, id=9064, stack(0x000000000b600000,0x000000000b700000)]
  0x000000000261f000 JavaThread "Finalizer" daemon [_thread_blocked, id=7616, stack(0x000000000b400000,0x000000000b500000)]
  0x0000000002618800 JavaThread "Reference Handler" daemon [_thread_blocked, id=8512, stack(0x000000000b280000,0x000000000b380000)]
  0x00000000001be800 JavaThread "main" [_thread_blocked, id=10512, stack(0x0000000002930000,0x0000000002a30000)]

Other Threads:
  0x0000000008f4d800 VMThread [stack: 0x000000000b0e0000,0x000000000b1e0000] [id=6620]
  0x000000000a034000 WatcherThread [stack: 0x000000000b780000,0x000000000b880000] [id=7964]

VM state:not at safepoint (normal execution)

VM Mutex/Monitor currently owned by a thread: None

Heap
 PSYoungGen      total 38400K, used 16013K [0x00000000eaa80000, 0x00000000ed500000, 0x0000000100000000)
  eden space 33280K, 48% used [0x00000000eaa80000,0x00000000eba236a8,0x00000000ecb00000)
  from space 5120K, 0% used [0x00000000ed000000,0x00000000ed000000,0x00000000ed500000)
  to   space 5120K, 0% used [0x00000000ecb00000,0x00000000ecb00000,0x00000000ed000000)
 ParOldGen       total 87040K, used 0K [0x00000000c0000000, 0x00000000c5500000, 0x00000000eaa80000)
  object space 87040K, 0% used [0x00000000c0000000,0x00000000c0000000,0x00000000c5500000)
 PSPermGen       total 21504K, used 5606K [0x00000000bae00000, 0x00000000bc300000, 0x00000000c0000000)
  object space 21504K, 26% used [0x00000000bae00000,0x00000000bb379af0,0x00000000bc300000)

Card table byte_map: [0x0000000005a30000,0x0000000005c60000] byte_map_base: 0x0000000005459000

Polling page: 0x0000000000140000

Code Cache  [0x0000000002a30000, 0x0000000002ca0000, 0x0000000005a30000)
 total_blobs=322 nmethods=86 adapters=189 free_code_cache=48636Kb largest_free_block=49778944

Compilation events (10 events):
Event: 1.101 Thread 0x0000000008f62800   83             com.android.dx.rop.code.RegisterSpecSet::mutableCopy (57 bytes)
Event: 1.106 Thread 0x0000000008f62800 nmethod 83 0x0000000002aaeb50 code [0x0000000002aaeca0, 0x0000000002aaef38]
Event: 1.128 Thread 0x0000000008f66000 nmethod 80 0x0000000002ab4e90 code [0x0000000002ab5080, 0x0000000002ab5d58]
Event: 1.227 Thread 0x0000000008f62800   84             java.util.ArrayList$Itr::<init> (26 bytes)
Event: 1.227 Thread 0x0000000008f66000   85             java.util.ArrayList$Itr::<init> (6 bytes)
Event: 1.228 Thread 0x0000000008f62800 nmethod 84 0x0000000002aae8d0 code [0x0000000002aaea00, 0x0000000002aaea78]
Event: 1.228 Thread 0x0000000008f66000 nmethod 85 0x0000000002ab1650 code [0x0000000002ab1780, 0x0000000002ab17f8]
Event: 1.228 Thread 0x0000000008f62800   86             com.android.dx.rop.code.RopMethod::calcPredecessors (227 bytes)
Event: 1.230 Thread 0x0000000008f66000   87             java.util.ArrayList::iterator (10 bytes)
Event: 1.230 Thread 0x0000000008f66000 nmethod 87 0x0000000002ab1390 code [0x0000000002ab14e0, 0x0000000002ab1598]

GC Heap History (0 events):
No events

Deoptimization events (2 events):
Event: 0.420 Thread 0x00000000001be800 Uncommon trap: reason=unstable_if action=reinterpret pc=0x0000000002a90dc4 method=java.lang.String.indexOf(II)I @ 49
Event: 0.432 Thread 0x00000000001be800 Uncommon trap: reason=unstable_if action=reinterpret pc=0x0000000002a96f84 method=java.lang.String.compareTo(Ljava/lang/String;)I @ 38

Internal exceptions (10 events):
Event: 0.958 Thread 0x000000000a23f000 Threw 0x00000000eb480c68 at C:\re\jdk7u80\2329\hotspot\src\share\vm\prims\jvm.cpp:1319
Event: 0.959 Thread 0x000000000a23f000 Threw 0x00000000eb4862e0 at C:\re\jdk7u80\2329\hotspot\src\share\vm\prims\jvm.cpp:1319
Event: 0.960 Thread 0x000000000a23f000 Threw 0x00000000eb48ebc8 at C:\re\jdk7u80\2329\hotspot\src\share\vm\prims\jvm.cpp:1319
Event: 0.961 Thread 0x000000000a23f000 Threw 0x00000000eb493c30 at C:\re\jdk7u80\2329\hotspot\src\share\vm\prims\jvm.cpp:1319
Event: 0.961 Thread 0x000000000a23f000 Threw 0x00000000eb496860 at C:\re\jdk7u80\2329\hotspot\src\share\vm\prims\jvm.cpp:1319
Event: 0.962 Thread 0x000000000a23f000 Threw 0x00000000eb499410 at C:\re\jdk7u80\2329\hotspot\src\share\vm\prims\jvm.cpp:1319
Event: 0.971 Thread 0x00000000001be800 Threw 0x00000000eb654aa8 at C:\re\jdk7u80\2329\hotspot\src\share\vm\prims\jvm.cpp:1319
Event: 0.977 Thread 0x00000000001be800 Threw 0x00000000eb665690 at C:\re\jdk7u80\2329\hotspot\src\share\vm\prims\jvm.cpp:1319
Event: 0.980 Thread 0x000000000a23f000 Threw 0x00000000eb4cb760 at C:\re\jdk7u80\2329\hotspot\src\share\vm\prims\jvm.cpp:1319
Event: 0.985 Thread 0x00000000001be800 Threw 0x00000000eb6729a8 at C:\re\jdk7u80\2329\hotspot\src\share\vm\prims\jvm.cpp:1319

Events (10 events):
Event: 0.985 loading class 0x000000000a1b5140
Event: 0.985 loading class 0x000000000a1b5140 done
Event: 1.083 loading class 0x0000000008da7fe0
Event: 1.084 loading class 0x0000000008da7fe0 done
Event: 1.098 loading class 0x0000000008dae990
Event: 1.098 loading class 0x0000000008dae990 done
Event: 1.098 loading class 0x0000000008dae960
Event: 1.098 loading class 0x0000000008dae960 done
Event: 1.227 loading class 0x0000000008d9f5b0
Event: 1.227 loading class 0x0000000008d9f5b0 done


Dynamic libraries:
0x000000013f570000 - 0x000000013f5a3000 	D:\java\jdk1.7.0_80\bin\java.exe
0x00000000774b0000 - 0x000000007765a000 	C:\Windows\SYSTEM32\ntdll.dll
0x0000000077290000 - 0x00000000773af000 	C:\Windows\system32\kernel32.dll
0x000007fefd460000 - 0x000007fefd4cb000 	C:\Windows\system32\KERNELBASE.dll
0x000007fefeca0000 - 0x000007fefed7b000 	C:\Windows\system32\ADVAPI32.dll
0x000007fefee50000 - 0x000007fefeeef000 	C:\Windows\system32\msvcrt.dll
0x000007fefde70000 - 0x000007fefde8f000 	C:\Windows\SYSTEM32\sechost.dll
0x000007feff5c0000 - 0x000007feff6ed000 	C:\Windows\system32\RPCRT4.dll
0x00000000773b0000 - 0x00000000774aa000 	C:\Windows\system32\USER32.dll
0x000007fefec30000 - 0x000007fefec97000 	C:\Windows\system32\GDI32.dll
0x000007fefec20000 - 0x000007fefec2e000 	C:\Windows\system32\LPK.dll
0x000007feff4f0000 - 0x000007feff5ba000 	C:\Windows\system32\USP10.dll
0x000007fefbfb0000 - 0x000007fefc1a4000 	C:\Windows\WinSxS\amd64_microsoft.windows.common-controls_6595b64144ccf1df_6.0.7601.18837_none_fa3b1e3d17594757\COMCTL32.dll
0x000007feff6f0000 - 0x000007feff761000 	C:\Windows\system32\SHLWAPI.dll
0x000007fefed80000 - 0x000007fefedae000 	C:\Windows\system32\IMM32.DLL
0x000007fefef10000 - 0x000007feff019000 	C:\Windows\system32\MSCTF.dll
0x0000000062840000 - 0x0000000062912000 	D:\java\jdk1.7.0_80\jre\bin\msvcr100.dll
0x0000000062d20000 - 0x00000000634f9000 	D:\java\jdk1.7.0_80\jre\bin\server\jvm.dll
0x000007fef37a0000 - 0x000007fef37a9000 	C:\Windows\system32\WSOCK32.dll
0x000007feff770000 - 0x000007feff7bd000 	C:\Windows\system32\WS2_32.dll
0x000007fefd840000 - 0x000007fefd848000 	C:\Windows\system32\NSI.dll
0x000007fef9e60000 - 0x000007fef9e9b000 	C:\Windows\system32\WINMM.dll
0x0000000077670000 - 0x0000000077677000 	C:\Windows\system32\PSAPI.DLL
0x0000000071ac0000 - 0x0000000071acf000 	D:\java\jdk1.7.0_80\jre\bin\verify.dll
0x000000006b8a0000 - 0x000000006b8c8000 	D:\java\jdk1.7.0_80\jre\bin\java.dll
0x00000000710f0000 - 0x0000000071106000 	D:\java\jdk1.7.0_80\jre\bin\zip.dll
0x0000000070dc0000 - 0x0000000070dda000 	D:\java\jdk1.7.0_80\jre\bin\net.dll
0x000007fefcc20000 - 0x000007fefcc75000 	C:\Windows\system32\mswsock.dll
0x000007fefcc10000 - 0x000007fefcc17000 	C:\Windows\System32\wship6.dll
0x00000000707b0000 - 0x00000000707c1000 	D:\java\jdk1.7.0_80\jre\bin\nio.dll

VM Arguments:
jvm_args: -Xmx1024M -Dfile.encoding=GBK -Duser.country=CN -Duser.language=zh -Duser.variant 
java_command: com.android.dx.command.Main --dex --num-threads=4 --output F:\AndroidStudioProjects\Thermal\app\build\intermediates\pre-dexed\debug\bmob-im-2.0.4-e5440192c790f429860c1442b1e33168c5f8fc9c.jar C:\Users\Administrator\.gradle\caches\modules-2\files-2.1\cn.bmob.android\bmob-im\2.0.4\1d03e14f65a1db94d060fe646817e20320581732\bmob-im-2.0.4.jar
Launcher Type: SUN_STANDARD

Environment Variables:
JAVA_HOME=D:\java\jdk1.7.0_80
CLASSPATH=.;JAVA_HOME\lib;JAVA_HOME\lib\tools.jar
PATH=F:\AppData\Local\Android\sdk\platform-tools;E:\adt-bundle-windows-x86_64-20140702\sdk\platform-tools;E:\adt-bundle-windows-x86_64-20140702\sdk\sdk\tools;JAVA_HOME\bin;JAVA_HOME\jre\bin;C:\Program Files (x86)\AMD APP\bin\x86_64;C:\Program Files (x86)\AMD APP\bin\x86;C:\Windows\system32;C:\Windows;C:\Windows\System32\Wbem;C:\Windows\System32\WindowsPowerShell\v1.0\;C:\Program Files (x86)\AMD\ATI.ACE\Core-Static;C:\Program Files (x86)\Common Files\microsoft shared\TigerKin;C:\Program Files (x86)\Skype\Phone\;E:\Subversion\bin;C:\Program Files\TortoiseSVN\bin
USERNAME=Administrator
OS=Windows_NT
PROCESSOR_IDENTIFIER=AMD64 Family 21 Model 2 Stepping 0, AuthenticAMD



---------------  S Y S T E M  ---------------

OS: Windows 7 , 64 bit Build 7601 Service Pack 1

CPU:total 8 (8 cores per cpu, 1 threads per core) family 21 model 2 stepping 0, cmov, cx8, fxsr, mmx, sse, sse2, sse3, ssse3, sse4.1, sse4.2, popcnt, avx, aes, mmxext, 3dnowpref, lzcnt, sse4a, tsc, tscinvbit, tscinv

Memory: 4k page, physical 8354464k(1151524k free), swap 10449780k(5788k free)

vm_info: Java HotSpot(TM) 64-Bit Server VM (24.80-b11) for windows-amd64 JRE (1.7.0_80-b15), built on Apr 10 2015 11:26:34 by "java_re" with unknown MS VC++:1600

time: Tue May 24 16:42:42 2016
elapsed time: 1 seconds

