#
# There is insufficient memory for the Java Runtime Environment to continue.
# Native memory allocation (malloc) failed to allocate 137296 bytes for Chunk::new
# Possible reasons:
#   The system is out of physical RAM or swap space
#   In 32 bit mode, the process size limit was hit
# Possible solutions:
#   Reduce memory load on the system
#   Increase physical memory or swap space
#   Check if swap backing store is full
#   Use 64 bit Java on a 64 bit OS
#   Decrease Java heap size (-Xmx/-Xms)
#   Decrease number of Java threads
#   Decrease Java thread stack sizes (-Xss)
#   Set larger code cache with -XX:ReservedCodeCacheSize=
# This output file may be truncated or incomplete.
#
#  Out of Memory Error (allocation.cpp:323), pid=1276, tid=5496
#
# JRE version: Java(TM) SE Runtime Environment (7.0_80-b15) (build 1.7.0_80-b15)
# Java VM: Java HotSpot(TM) 64-Bit Server VM (24.80-b11 mixed mode windows-amd64 compressed oops)
# Failed to write core dump. Minidumps are not enabled by default on client versions of Windows
#

---------------  T H R E A D  ---------------

Current thread (0x0000000008de0000):  JavaThread "C2 CompilerThread0" daemon [_thread_in_native, id=5496, stack(0x000000000b560000,0x000000000b660000)]

Stack: [0x000000000b560000,0x000000000b660000]
[error occurred during error reporting (printing stack bounds), id 0xc0000005]


[error occurred during error reporting (printing native stack), id 0xc0000005]


Current CompileTask:
C2:   1468   70             com.android.dx.ssa.SsaMethod::deleteInsns (239 bytes)


---------------  P R O C E S S  ---------------

Java Threads: ( => current thread )
  0x000000000a09e800 JavaThread "pool-1-thread-4" [_thread_in_Java, id=8360, stack(0x000000000bf00000,0x000000000c000000)]
  0x000000000a09d800 JavaThread "pool-1-thread-3" [_thread_in_Java, id=2680, stack(0x000000000c140000,0x000000000c240000)]
  0x000000000a060800 JavaThread "pool-1-thread-2" [_thread_in_vm, id=5104, stack(0x000000000c020000,0x000000000c120000)]
  0x0000000009f63000 JavaThread "pool-2-thread-1" [_thread_blocked, id=7528, stack(0x000000000bdf0000,0x000000000bef0000)]
  0x000000000a032000 JavaThread "pool-1-thread-1" [_thread_in_Java, id=7072, stack(0x000000000bcb0000,0x000000000bdb0000)]
  0x0000000009e97800 JavaThread "Service Thread" daemon [_thread_blocked, id=2724, stack(0x000000000b920000,0x000000000ba20000)]
  0x0000000008de4000 JavaThread "C2 CompilerThread1" daemon [_thread_in_native, id=7348, stack(0x000000000b770000,0x000000000b870000)]
=>0x0000000008de0000 JavaThread "C2 CompilerThread0" daemon [_thread_in_native, id=5496, stack(0x000000000b560000,0x000000000b660000)]
  0x0000000008ddf000 JavaThread "Attach Listener" daemon [_thread_blocked, id=10968, stack(0x000000000b280000,0x000000000b380000)]
  0x0000000009e95000 JavaThread "Signal Dispatcher" daemon [_thread_blocked, id=2080, stack(0x000000000b440000,0x000000000b540000)]
  0x0000000001dbc000 JavaThread "Finalizer" daemon [_thread_blocked, id=9776, stack(0x000000000b180000,0x000000000b280000)]
  0x0000000001db5000 JavaThread "Reference Handler" daemon [_thread_blocked, id=2796, stack(0x000000000af80000,0x000000000b080000)]
  0x00000000026ce800 JavaThread "main" [_thread_in_Java, id=4628, stack(0x0000000002590000,0x0000000002690000)]

Other Threads:
  0x0000000008dcd800 VMThread [stack: 0x000000000ad90000,0x000000000ae90000] [id=7432]
  0x0000000009ebf800 WatcherThread [stack: 0x000000000bac0000,0x000000000bbc0000] [id=10820]

VM state:not at safepoint (normal execution)

VM Mutex/Monitor currently owned by a thread: None

Heap
 PSYoungGen      total 38400K, used 20670K [0x00000000eaa80000, 0x00000000ed500000, 0x0000000100000000)
  eden space 33280K, 62% used [0x00000000eaa80000,0x00000000ebeafa10,0x00000000ecb00000)
  from space 5120K, 0% used [0x00000000ed000000,0x00000000ed000000,0x00000000ed500000)
  to   space 5120K, 0% used [0x00000000ecb00000,0x00000000ecb00000,0x00000000ed000000)
 ParOldGen       total 87040K, used 0K [0x00000000c0000000, 0x00000000c5500000, 0x00000000eaa80000)
  object space 87040K, 0% used [0x00000000c0000000,0x00000000c0000000,0x00000000c5500000)
 PSPermGen       total 21504K, used 5607K [0x00000000bae00000, 0x00000000bc300000, 0x00000000c0000000)
  object space 21504K, 26% used [0x00000000bae00000,0x00000000bb379c00,0x00000000bc300000)

Card table byte_map: [0x0000000005790000,0x00000000059c0000] byte_map_base: 0x00000000051b9000

Polling page: 0x0000000000130000

Code Cache  [0x00000000026d0000, 0x0000000002940000, 0x00000000056d0000)
 total_blobs=306 nmethods=68 adapters=191 free_code_cache=48671Kb largest_free_block=49819136

Compilation events (10 events):
Event: 1.455 Thread 0x0000000008de0000 nmethod 65 0x00000000027442d0 code [0x0000000002744400, 0x0000000002744498]
Event: 1.455 Thread 0x0000000008de0000   66             com.android.dx.util.MutabilityControl::<init> (10 bytes)
Event: 1.455 Thread 0x0000000008de0000 nmethod 66 0x0000000002748d50 code [0x0000000002748e80, 0x0000000002748ed8]
Event: 1.455 Thread 0x0000000008de0000   67             com.android.dx.ssa.NormalSsaInsn::getOriginalRopInsn (5 bytes)
Event: 1.455 Thread 0x0000000008de0000 nmethod 67 0x0000000002748b50 code [0x0000000002748c80, 0x0000000002748cd8]
Event: 1.455 Thread 0x0000000008de0000   68             com.android.dx.ssa.SsaBasicBlock::getInsns (5 bytes)
Event: 1.456 Thread 0x0000000008de0000 nmethod 68 0x0000000002748950 code [0x0000000002748a80, 0x0000000002748ad8]
Event: 1.456 Thread 0x0000000008de0000   69             com.android.dx.rop.code.BasicBlock::getLabel (5 bytes)
Event: 1.456 Thread 0x0000000008de0000 nmethod 69 0x000000000274b8d0 code [0x000000000274ba00, 0x000000000274ba58]
Event: 1.456 Thread 0x0000000008de0000   70             com.android.dx.ssa.SsaMethod::deleteInsns (239 bytes)

GC Heap History (0 events):
No events

Deoptimization events (3 events):
Event: 0.480 Thread 0x00000000026ce800 Uncommon trap: reason=unstable_if action=reinterpret pc=0x0000000002736b70 method=java.lang.String.indexOf(II)I @ 49
Event: 0.480 Thread 0x00000000026ce800 Uncommon trap: reason=unstable_if action=reinterpret pc=0x0000000002730dc4 method=java.lang.String.indexOf(II)I @ 49
Event: 1.464 Thread 0x00000000026ce800 Uncommon trap: reason=unstable_if action=reinterpret pc=0x000000000273ebd8 method=java.lang.String.startsWith(Ljava/lang/String;I)Z @ 25

Internal exceptions (10 events):
Event: 1.222 Thread 0x000000000a060800 Threw 0x00000000ebb0b150 at C:\re\jdk7u80\2329\hotspot\src\share\vm\prims\jvm.cpp:1319
Event: 1.222 Thread 0x000000000a060800 Threw 0x00000000ebb13fd0 at C:\re\jdk7u80\2329\hotspot\src\share\vm\prims\jvm.cpp:1319
Event: 1.223 Thread 0x000000000a060800 Threw 0x00000000ebb181c0 at C:\re\jdk7u80\2329\hotspot\src\share\vm\prims\jvm.cpp:1319
Event: 1.272 Thread 0x000000000a09e800 Threw 0x00000000eb864b20 at C:\re\jdk7u80\2329\hotspot\src\share\vm\prims\jvm.cpp:1319
Event: 1.282 Thread 0x000000000a09e800 Threw 0x00000000eb87c050 at C:\re\jdk7u80\2329\hotspot\src\share\vm\prims\jvm.cpp:1319
Event: 1.285 Thread 0x000000000a09e800 Threw 0x00000000eb8837b8 at C:\re\jdk7u80\2329\hotspot\src\share\vm\prims\jvm.cpp:1319
Event: 1.457 Thread 0x00000000026ce800 Threw 0x00000000ebe27b28 at C:\re\jdk7u80\2329\hotspot\src\share\vm\prims\jvm.cpp:1319
Event: 1.458 Thread 0x00000000026ce800 Threw 0x00000000ebe29ae0 at C:\re\jdk7u80\2329\hotspot\src\share\vm\prims\jvm.cpp:1319
Event: 1.459 Thread 0x00000000026ce800 Threw 0x00000000ebe33840 at C:\re\jdk7u80\2329\hotspot\src\share\vm\prims\jvm.cpp:1319
Event: 1.459 Thread 0x00000000026ce800 Threw 0x00000000ebe35a88 at C:\re\jdk7u80\2329\hotspot\src\share\vm\prims\jvm.cpp:1319

Events (10 events):
Event: 1.457 loading class 0x0000000009f9c620 done
Event: 1.458 loading class 0x0000000009f9c3a0
Event: 1.458 loading class 0x0000000009f9c3a0 done
Event: 1.459 loading class 0x0000000009f9cb10
Event: 1.459 loading class 0x0000000009f9cb10 done
Event: 1.459 loading class 0x000000000a0d20f0
Event: 1.459 loading class 0x000000000a0d20f0 done
Event: 1.464 Thread 0x00000000026ce800 Uncommon trap: trap_request=0xffffff75 fr.pc=0x000000000273ebd8
Event: 1.464 Thread 0x00000000026ce800 DEOPT PACKING pc=0x000000000273ebd8 sp=0x000000000268f1a0
Event: 1.464 Thread 0x00000000026ce800 DEOPT UNPACKING pc=0x0000000002709064 sp=0x000000000268f130 mode 2


Dynamic libraries:
0x000000013f570000 - 0x000000013f5a3000 	D:\java\jdk1.7.0_80\bin\java.exe
0x00000000774b0000 - 0x000000007765a000 	C:\Windows\SYSTEM32\ntdll.dll
0x0000000077290000 - 0x00000000773af000 	C:\Windows\system32\kernel32.dll
0x000007fefd460000 - 0x000007fefd4cb000 	C:\Windows\system32\KERNELBASE.dll
0x000007fefeca0000 - 0x000007fefed7b000 	C:\Windows\system32\ADVAPI32.dll
0x000007fefee50000 - 0x000007fefeeef000 	C:\Windows\system32\msvcrt.dll
0x000007fefde70000 - 0x000007fefde8f000 	C:\Windows\SYSTEM32\sechost.dll
0x000007feff5c0000 - 0x000007feff6ed000 	C:\Windows\system32\RPCRT4.dll
0x00000000773b0000 - 0x00000000774aa000 	C:\Windows\system32\USER32.dll
0x000007fefec30000 - 0x000007fefec97000 	C:\Windows\system32\GDI32.dll
0x000007fefec20000 - 0x000007fefec2e000 	C:\Windows\system32\LPK.dll
0x000007feff4f0000 - 0x000007feff5ba000 	C:\Windows\system32\USP10.dll
0x000007fefbfb0000 - 0x000007fefc1a4000 	C:\Windows\WinSxS\amd64_microsoft.windows.common-controls_6595b64144ccf1df_6.0.7601.18837_none_fa3b1e3d17594757\COMCTL32.dll
0x000007feff6f0000 - 0x000007feff761000 	C:\Windows\system32\SHLWAPI.dll
0x000007fefed80000 - 0x000007fefedae000 	C:\Windows\system32\IMM32.DLL
0x000007fefef10000 - 0x000007feff019000 	C:\Windows\system32\MSCTF.dll
0x0000000062840000 - 0x0000000062912000 	D:\java\jdk1.7.0_80\jre\bin\msvcr100.dll
0x0000000062d20000 - 0x00000000634f9000 	D:\java\jdk1.7.0_80\jre\bin\server\jvm.dll
0x000007fef37a0000 - 0x000007fef37a9000 	C:\Windows\system32\WSOCK32.dll
0x000007feff770000 - 0x000007feff7bd000 	C:\Windows\system32\WS2_32.dll
0x000007fefd840000 - 0x000007fefd848000 	C:\Windows\system32\NSI.dll
0x000007fef9e60000 - 0x000007fef9e9b000 	C:\Windows\system32\WINMM.dll
0x0000000077670000 - 0x0000000077677000 	C:\Windows\system32\PSAPI.DLL
0x0000000071ac0000 - 0x0000000071acf000 	D:\java\jdk1.7.0_80\jre\bin\verify.dll
0x000000006b8a0000 - 0x000000006b8c8000 	D:\java\jdk1.7.0_80\jre\bin\java.dll
0x00000000710f0000 - 0x0000000071106000 	D:\java\jdk1.7.0_80\jre\bin\zip.dll
0x0000000070dc0000 - 0x0000000070dda000 	D:\java\jdk1.7.0_80\jre\bin\net.dll
0x000007fefcc20000 - 0x000007fefcc75000 	C:\Windows\system32\mswsock.dll
0x000007fefcc10000 - 0x000007fefcc17000 	C:\Windows\System32\wship6.dll
0x00000000707b0000 - 0x00000000707c1000 	D:\java\jdk1.7.0_80\jre\bin\nio.dll

VM Arguments:
jvm_args: -Xmx1024M -Dfile.encoding=GBK -Duser.country=CN -Duser.language=zh -Duser.variant 
java_command: com.android.dx.command.Main --dex --num-threads=4 --output F:\AndroidStudioProjects\Thermal\app\build\intermediates\pre-dexed\debug\org.apache.http.legacy-5d8549aecabe954a4d2b5e4ce426bd7af9fa6830.jar F:\AndroidStudioProjects\Thermal\app\libs\org.apache.http.legacy.jar
Launcher Type: SUN_STANDARD

Environment Variables:
JAVA_HOME=D:\java\jdk1.7.0_80
CLASSPATH=.;JAVA_HOME\lib;JAVA_HOME\lib\tools.jar
PATH=F:\AppData\Local\Android\sdk\platform-tools;E:\adt-bundle-windows-x86_64-20140702\sdk\platform-tools;E:\adt-bundle-windows-x86_64-20140702\sdk\sdk\tools;JAVA_HOME\bin;JAVA_HOME\jre\bin;C:\Program Files (x86)\AMD APP\bin\x86_64;C:\Program Files (x86)\AMD APP\bin\x86;C:\Windows\system32;C:\Windows;C:\Windows\System32\Wbem;C:\Windows\System32\WindowsPowerShell\v1.0\;C:\Program Files (x86)\AMD\ATI.ACE\Core-Static;C:\Program Files (x86)\Common Files\microsoft shared\TigerKin;C:\Program Files (x86)\Skype\Phone\;E:\Subversion\bin;C:\Program Files\TortoiseSVN\bin
USERNAME=Administrator
OS=Windows_NT
PROCESSOR_IDENTIFIER=AMD64 Family 21 Model 2 Stepping 0, AuthenticAMD



---------------  S Y S T E M  ---------------

OS: Windows 7 , 64 bit Build 7601 Service Pack 1

CPU:total 8 (8 cores per cpu, 1 threads per core) family 21 model 2 stepping 0, cmov, cx8, fxsr, mmx, sse, sse2, sse3, ssse3, sse4.1, sse4.2, popcnt, avx, aes, mmxext, 3dnowpref, lzcnt, sse4a, tsc, tscinvbit, tscinv

Memory: 4k page, physical 8354464k(1137588k free), swap 10449780k(5148k free)

vm_info: Java HotSpot(TM) 64-Bit Server VM (24.80-b11) for windows-amd64 JRE (1.7.0_80-b15), built on Apr 10 2015 11:26:34 by "java_re" with unknown MS VC++:1600

time: Tue May 24 16:42:42 2016
elapsed time: 1 seconds

