#
# There is insufficient memory for the Java Runtime Environment to continue.
# Native memory allocation (malloc) failed to allocate 65552 bytes for Chunk::new
# Possible reasons:
#   The system is out of physical RAM or swap space
#   In 32 bit mode, the process size limit was hit
# Possible solutions:
#   Reduce memory load on the system
#   Increase physical memory or swap space
#   Check if swap backing store is full
#   Use 64 bit Java on a 64 bit OS
#   Decrease Java heap size (-Xmx/-Xms)
#   Decrease number of Java threads
#   Decrease Java thread stack sizes (-Xss)
#   Set larger code cache with -XX:ReservedCodeCacheSize=
# This output file may be truncated or incomplete.
#
#  Out of Memory Error (allocation.cpp:323), pid=3668, tid=9604
#
# JRE version: Java(TM) SE Runtime Environment (7.0_80-b15) (build 1.7.0_80-b15)
# Java VM: Java HotSpot(TM) 64-Bit Server VM (24.80-b11 mixed mode windows-amd64 compressed oops)
# Failed to write core dump. Minidumps are not enabled by default on client versions of Windows
#

---------------  T H R E A D  ---------------

Current thread (0x0000000008dbd000):  JavaThread "C2 CompilerThread0" daemon [_thread_in_native, id=9604, stack(0x000000000b600000,0x000000000b700000)]

Stack: [0x000000000b600000,0x000000000b700000]
[error occurred during error reporting (printing stack bounds), id 0xc0000005]


[error occurred during error reporting (printing native stack), id 0xc0000005]


Current CompileTask:
C2:   5101  301             com.android.dx.dex.code.OutputFinisher::addConstants (68 bytes)


---------------  P R O C E S S  ---------------

Java Threads: ( => current thread )
  0x0000000009f7a800 JavaThread "Service Thread" daemon [_thread_blocked, id=9512, stack(0x000000000b9e0000,0x000000000bae0000)]
  0x0000000009f78000 JavaThread "C2 CompilerThread1" daemon [_thread_in_native, id=4368, stack(0x000000000b890000,0x000000000b990000)]
=>0x0000000008dbd000 JavaThread "C2 CompilerThread0" daemon [_thread_in_native, id=9604, stack(0x000000000b600000,0x000000000b700000)]
  0x0000000009f76000 JavaThread "Attach Listener" daemon [_thread_blocked, id=9816, stack(0x000000000aff0000,0x000000000b0f0000)]
  0x0000000009f74000 JavaThread "Signal Dispatcher" daemon [_thread_blocked, id=2624, stack(0x000000000b480000,0x000000000b580000)]
  0x0000000008da6000 JavaThread "Finalizer" daemon [_thread_blocked, id=8280, stack(0x000000000b370000,0x000000000b470000)]
  0x000000000249a800 JavaThread "Reference Handler" daemon [_thread_blocked, id=6664, stack(0x000000000b130000,0x000000000b230000)]
  0x00000000024ce800 JavaThread "main" [_thread_in_Java, id=10220, stack(0x00000000026c0000,0x00000000027c0000)]

Other Threads:
  0x0000000008d9d800 VMThread [stack: 0x000000000aeb0000,0x000000000afb0000] [id=9032]
  0x0000000009f7f000 WatcherThread [stack: 0x000000000b230000,0x000000000b330000] [id=9184]

VM state:not at safepoint (normal execution)

VM Mutex/Monitor currently owned by a thread: None

Heap
 PSYoungGen      total 38400K, used 9174K [0x00000000eaa80000, 0x00000000ef580000, 0x0000000100000000)
  eden space 33280K, 12% used [0x00000000eaa80000,0x00000000eae760c8,0x00000000ecb00000)
  from space 5120K, 99% used [0x00000000ecb00000,0x00000000ecfff870,0x00000000ed000000)
  to   space 5120K, 0% used [0x00000000ef080000,0x00000000ef080000,0x00000000ef580000)
 ParOldGen       total 87040K, used 1766K [0x00000000c0000000, 0x00000000c5500000, 0x00000000eaa80000)
  object space 87040K, 2% used [0x00000000c0000000,0x00000000c01b9b98,0x00000000c5500000)
 PSPermGen       total 21504K, used 5941K [0x00000000bae00000, 0x00000000bc300000, 0x00000000c0000000)
  object space 21504K, 27% used [0x00000000bae00000,0x00000000bb3cd4c0,0x00000000bc300000)

Card table byte_map: [0x00000000057c0000,0x00000000059f0000] byte_map_base: 0x00000000051e9000

Polling page: 0x0000000000340000

Code Cache  [0x00000000027c0000, 0x0000000002a30000, 0x00000000057c0000)
 total_blobs=537 nmethods=299 adapters=191 free_code_cache=47983Kb largest_free_block=49109376

Compilation events (10 events):
Event: 5.032 Thread 0x0000000009f78000 nmethod 296 0x00000000028d0910 code [0x00000000028d0a40, 0x00000000028d0ad8]
Event: 5.032 Thread 0x0000000009f78000  297             com.android.dx.dex.code.OutputFinisher::addConstants (93 bytes)
Event: 5.039 Thread 0x0000000008dbd000 nmethod 295 0x00000000028d6790 code [0x00000000028d6940, 0x00000000028d7098]
Event: 5.039 Thread 0x0000000008dbd000  298             java.util.HashMap$Entry::<init> (26 bytes)
Event: 5.039 Thread 0x0000000008dbd000 nmethod 298 0x00000000028d6350 code [0x00000000028d6480, 0x00000000028d64f8]
Event: 5.039 Thread 0x0000000008dbd000  299             java.util.HashMap::addEntry (69 bytes)
Event: 5.042 Thread 0x0000000008dbd000 nmethod 299 0x00000000028d4a90 code [0x00000000028d4c00, 0x00000000028d4eb8]
Event: 5.042 Thread 0x0000000008dbd000  300             java.util.HashMap::createEntry (39 bytes)
Event: 5.044 Thread 0x0000000008dbd000 nmethod 300 0x00000000028e89d0 code [0x00000000028e8b20, 0x00000000028e8cb8]
Event: 5.078 Thread 0x0000000008dbd000  301             com.android.dx.dex.code.OutputFinisher::addConstants (68 bytes)

GC Heap History (2 events):
Event: 2.772 GC heap before
{Heap before GC invocations=1 (full 0):
 PSYoungGen      total 38400K, used 33280K [0x00000000eaa80000, 0x00000000ed500000, 0x0000000100000000)
  eden space 33280K, 100% used [0x00000000eaa80000,0x00000000ecb00000,0x00000000ecb00000)
  from space 5120K, 0% used [0x00000000ed000000,0x00000000ed000000,0x00000000ed500000)
  to   space 5120K, 0% used [0x00000000ecb00000,0x00000000ecb00000,0x00000000ed000000)
 ParOldGen       total 87040K, used 0K [0x00000000c0000000, 0x00000000c5500000, 0x00000000eaa80000)
  object space 87040K, 0% used [0x00000000c0000000,0x00000000c0000000,0x00000000c5500000)
 PSPermGen       total 21504K, used 5896K [0x00000000bae00000, 0x00000000bc300000, 0x00000000c0000000)
  object space 21504K, 27% used [0x00000000bae00000,0x00000000bb3c21d8,0x00000000bc300000)
Event: 4.424 GC heap after
Heap after GC invocations=1 (full 0):
 PSYoungGen      total 38400K, used 5118K [0x00000000eaa80000, 0x00000000ef580000, 0x0000000100000000)
  eden space 33280K, 0% used [0x00000000eaa80000,0x00000000eaa80000,0x00000000ecb00000)
  from space 5120K, 99% used [0x00000000ecb00000,0x00000000ecfff870,0x00000000ed000000)
  to   space 5120K, 0% used [0x00000000ef080000,0x00000000ef080000,0x00000000ef580000)
 ParOldGen       total 87040K, used 1766K [0x00000000c0000000, 0x00000000c5500000, 0x00000000eaa80000)
  object space 87040K, 2% used [0x00000000c0000000,0x00000000c01b9b98,0x00000000c5500000)
 PSPermGen       total 21504K, used 5896K [0x00000000bae00000, 0x00000000bc300000, 0x00000000c0000000)
  object space 21504K, 27% used [0x00000000bae00000,0x00000000bb3c21d8,0x00000000bc300000)
}

Deoptimization events (10 events):
Event: 1.961 Thread 0x000000000a0b3800 Uncommon trap: reason=unstable_if action=reinterpret pc=0x00000000028573ec method=com.android.dx.util.IntList.binarysearch(I)I @ 105
Event: 1.961 Thread 0x000000000a0b3800 Uncommon trap: reason=class_check action=maybe_recompile pc=0x0000000002849498 method=com.android.dx.rop.type.Type.equals(Ljava/lang/Object;)Z @ 8
Event: 1.961 Thread 0x000000000a0b3800 Uncommon trap: reason=unstable_if action=reinterpret pc=0x000000000283f078 method=com.android.dx.cf.code.Ropper.labelToResultIndex(I)I @ 34
Event: 1.961 Thread 0x000000000a0b3800 Uncommon trap: reason=class_check action=maybe_recompile pc=0x0000000002849498 method=com.android.dx.rop.type.Type.equals(Ljava/lang/Object;)Z @ 8
Event: 1.965 Thread 0x000000000a0b3800 Uncommon trap: reason=class_check action=maybe_recompile pc=0x0000000002849498 method=com.android.dx.rop.type.Type.equals(Ljava/lang/Object;)Z @ 8
Event: 1.966 Thread 0x000000000a0b3800 Uncommon trap: reason=class_check action=maybe_recompile pc=0x0000000002849498 method=com.android.dx.rop.type.Type.equals(Ljava/lang/Object;)Z @ 8
Event: 2.035 Thread 0x000000000a0b3800 Uncommon trap: reason=null_check action=make_not_entrant pc=0x0000000002846e20 method=com.android.dx.rop.type.Type.equals(Ljava/lang/Object;)Z @ 8
Event: 2.445 Thread 0x000000000a155800 Uncommon trap: reason=unstable_if action=reinterpret pc=0x0000000002862618 method=com.android.dx.rop.code.RegisterSpec.equals(ILcom/android/dx/rop/type/TypeBearer;Lcom/android/dx/rop/code/LocalItem;)Z @ 42
Event: 2.503 Thread 0x000000000a0b3800 Uncommon trap: reason=unstable_if action=reinterpret pc=0x000000000288ffc4 method=com.android.dx.cf.code.LocalVariableList.pcAndIndexToLocal(II)Lcom/android/dx/cf/code/LocalVariableList$Item; @ 11
Event: 5.028 Thread 0x00000000024ce800 Uncommon trap: reason=unstable_if action=reinterpret pc=0x0000000002880084 method=java.util.HashMap.put(Ljava/lang/Object;Ljava/lang/Object;)Ljava/lang/Object; @ 86

Internal exceptions (10 events):
Event: 1.183 Thread 0x000000000a0b3800 Threw 0x00000000eb51c6e0 at C:\re\jdk7u80\2329\hotspot\src\share\vm\prims\jvm.cpp:1319
Event: 1.184 Thread 0x000000000a0b3800 Threw 0x00000000eb521d90 at C:\re\jdk7u80\2329\hotspot\src\share\vm\prims\jvm.cpp:1319
Event: 1.185 Thread 0x000000000a0b3800 Threw 0x00000000eb5271b8 at C:\re\jdk7u80\2329\hotspot\src\share\vm\prims\jvm.cpp:1319
Event: 1.367 Thread 0x000000000a157000 Threw 0x00000000eb590f68 at C:\re\jdk7u80\2329\hotspot\src\share\vm\prims\jvm.cpp:1319
Event: 1.377 Thread 0x000000000a155800 Implicit null exception at 0x000000000283fe74 to 0x00000000028401a5
Event: 1.965 Thread 0x000000000a155800 Threw 0x00000000ebed0c38 at C:\re\jdk7u80\2329\hotspot\src\share\vm\prims\jvm.cpp:1319
Event: 1.975 Thread 0x000000000a0b3800 Threw 0x00000000ebf0c2d0 at C:\re\jdk7u80\2329\hotspot\src\share\vm\prims\jvm.cpp:1319
Event: 2.035 Thread 0x000000000a0b3800 Implicit null exception at 0x0000000002846d12 to 0x0000000002846e11
Event: 5.019 Thread 0x00000000024ce800 Threw 0x00000000eae14708 at C:\re\jdk7u80\2329\hotspot\src\share\vm\prims\jvm.cpp:1319
Event: 5.029 Thread 0x00000000024ce800 Threw 0x00000000eae22798 at C:\re\jdk7u80\2329\hotspot\src\share\vm\prims\jvm.cpp:1319

Events (10 events):
Event: 5.019 loading class 0x0000000008bfe9f0 done
Event: 5.019 loading class 0x0000000008bfe9c0
Event: 5.019 loading class 0x0000000008bfe9c0 done
Event: 5.019 loading class 0x000000000a0df350
Event: 5.019 loading class 0x000000000a0df350 done
Event: 5.028 Thread 0x00000000024ce800 Uncommon trap: trap_request=0xffffff75 fr.pc=0x0000000002880084
Event: 5.028 Thread 0x00000000024ce800 DEOPT PACKING pc=0x0000000002880084 sp=0x00000000027bef70
Event: 5.028 Thread 0x00000000024ce800 DEOPT UNPACKING pc=0x00000000027f9064 sp=0x00000000027bef20 mode 2
Event: 5.029 loading class 0x000000000a1d3bc0
Event: 5.029 loading class 0x000000000a1d3bc0 done


Dynamic libraries:
0x000000013fad0000 - 0x000000013fb03000 	D:\java\jdk1.7.0_80\bin\java.exe
0x00000000774b0000 - 0x000000007765a000 	C:\Windows\SYSTEM32\ntdll.dll
0x0000000077290000 - 0x00000000773af000 	C:\Windows\system32\kernel32.dll
0x000007fefd460000 - 0x000007fefd4cb000 	C:\Windows\system32\KERNELBASE.dll
0x000007fefeca0000 - 0x000007fefed7b000 	C:\Windows\system32\ADVAPI32.dll
0x000007fefee50000 - 0x000007fefeeef000 	C:\Windows\system32\msvcrt.dll
0x000007fefde70000 - 0x000007fefde8f000 	C:\Windows\SYSTEM32\sechost.dll
0x000007feff5c0000 - 0x000007feff6ed000 	C:\Windows\system32\RPCRT4.dll
0x00000000773b0000 - 0x00000000774aa000 	C:\Windows\system32\USER32.dll
0x000007fefec30000 - 0x000007fefec97000 	C:\Windows\system32\GDI32.dll
0x000007fefec20000 - 0x000007fefec2e000 	C:\Windows\system32\LPK.dll
0x000007feff4f0000 - 0x000007feff5ba000 	C:\Windows\system32\USP10.dll
0x000007fefbfb0000 - 0x000007fefc1a4000 	C:\Windows\WinSxS\amd64_microsoft.windows.common-controls_6595b64144ccf1df_6.0.7601.18837_none_fa3b1e3d17594757\COMCTL32.dll
0x000007feff6f0000 - 0x000007feff761000 	C:\Windows\system32\SHLWAPI.dll
0x000007fefed80000 - 0x000007fefedae000 	C:\Windows\system32\IMM32.DLL
0x000007fefef10000 - 0x000007feff019000 	C:\Windows\system32\MSCTF.dll
0x0000000063250000 - 0x0000000063322000 	D:\java\jdk1.7.0_80\jre\bin\msvcr100.dll
0x0000000058940000 - 0x0000000059119000 	D:\java\jdk1.7.0_80\jre\bin\server\jvm.dll
0x000007fef37a0000 - 0x000007fef37a9000 	C:\Windows\system32\WSOCK32.dll
0x000007feff770000 - 0x000007feff7bd000 	C:\Windows\system32\WS2_32.dll
0x000007fefd840000 - 0x000007fefd848000 	C:\Windows\system32\NSI.dll
0x000007fef9e60000 - 0x000007fef9e9b000 	C:\Windows\system32\WINMM.dll
0x0000000077670000 - 0x0000000077677000 	C:\Windows\system32\PSAPI.DLL
0x0000000071aa0000 - 0x0000000071aaf000 	D:\java\jdk1.7.0_80\jre\bin\verify.dll
0x000000006b1a0000 - 0x000000006b1c8000 	D:\java\jdk1.7.0_80\jre\bin\java.dll
0x0000000070dc0000 - 0x0000000070dd6000 	D:\java\jdk1.7.0_80\jre\bin\zip.dll
0x00000000710f0000 - 0x000000007110a000 	D:\java\jdk1.7.0_80\jre\bin\net.dll
0x000007fefcc20000 - 0x000007fefcc75000 	C:\Windows\system32\mswsock.dll
0x000007fefcc10000 - 0x000007fefcc17000 	C:\Windows\System32\wship6.dll
0x0000000070760000 - 0x0000000070771000 	D:\java\jdk1.7.0_80\jre\bin\nio.dll

VM Arguments:
jvm_args: -Xmx1024M -Dfile.encoding=GBK -Duser.country=CN -Duser.language=zh -Duser.variant 
java_command: com.android.dx.command.Main --dex --num-threads=4 --output F:\AndroidStudioProjects\Thermal\app\build\intermediates\pre-dexed\debug\classes-e33bfd9b1b97e80166bf8f50ec3e954927a2a43a.jar F:\AndroidStudioProjects\Thermal\app\build\intermediates\exploded-aar\com.android.support\support-vector-drawable\23.2.1\jars\classes.jar
Launcher Type: SUN_STANDARD

Environment Variables:
JAVA_HOME=D:\java\jdk1.7.0_80
CLASSPATH=.;JAVA_HOME\lib;JAVA_HOME\lib\tools.jar
PATH=F:\AppData\Local\Android\sdk\platform-tools;E:\adt-bundle-windows-x86_64-20140702\sdk\platform-tools;E:\adt-bundle-windows-x86_64-20140702\sdk\sdk\tools;JAVA_HOME\bin;JAVA_HOME\jre\bin;C:\Program Files (x86)\AMD APP\bin\x86_64;C:\Program Files (x86)\AMD APP\bin\x86;C:\Windows\system32;C:\Windows;C:\Windows\System32\Wbem;C:\Windows\System32\WindowsPowerShell\v1.0\;C:\Program Files (x86)\AMD\ATI.ACE\Core-Static;C:\Program Files (x86)\Common Files\microsoft shared\TigerKin;C:\Program Files (x86)\Skype\Phone\;E:\Subversion\bin;C:\Program Files\TortoiseSVN\bin
USERNAME=Administrator
OS=Windows_NT
PROCESSOR_IDENTIFIER=AMD64 Family 21 Model 2 Stepping 0, AuthenticAMD



---------------  S Y S T E M  ---------------

OS: Windows 7 , 64 bit Build 7601 Service Pack 1

CPU:total 8 (8 cores per cpu, 1 threads per core) family 21 model 2 stepping 0, cmov, cx8, fxsr, mmx, sse, sse2, sse3, ssse3, sse4.1, sse4.2, popcnt, avx, aes, mmxext, 3dnowpref, lzcnt, sse4a, tsc, tscinvbit, tscinv

Memory: 4k page, physical 8354464k(1319220k free), swap 10387580k(21128k free)

vm_info: Java HotSpot(TM) 64-Bit Server VM (24.80-b11) for windows-amd64 JRE (1.7.0_80-b15), built on Apr 10 2015 11:26:34 by "java_re" with unknown MS VC++:1600

time: Tue May 24 16:49:17 2016
elapsed time: 5 seconds

