#
# There is insufficient memory for the Java Runtime Environment to continue.
# Native memory allocation (malloc) failed to allocate 76016 bytes for Chunk::new
# Possible reasons:
#   The system is out of physical RAM or swap space
#   In 32 bit mode, the process size limit was hit
# Possible solutions:
#   Reduce memory load on the system
#   Increase physical memory or swap space
#   Check if swap backing store is full
#   Use 64 bit Java on a 64 bit OS
#   Decrease Java heap size (-Xmx/-Xms)
#   Decrease number of Java threads
#   Decrease Java thread stack sizes (-Xss)
#   Set larger code cache with -XX:ReservedCodeCacheSize=
# This output file may be truncated or incomplete.
#
#  Out of Memory Error (allocation.cpp:323), pid=9124, tid=7224
#
# JRE version: Java(TM) SE Runtime Environment (7.0_80-b15) (build 1.7.0_80-b15)
# Java VM: Java HotSpot(TM) 64-Bit Server VM (24.80-b11 mixed mode windows-amd64 compressed oops)
# Failed to write core dump. Minidumps are not enabled by default on client versions of Windows
#

---------------  T H R E A D  ---------------

Current thread (0x000000000a099000):  JavaThread "C2 CompilerThread1" daemon [_thread_in_native, id=7224, stack(0x000000000b990000,0x000000000ba90000)]

Stack: [0x000000000b990000,0x000000000ba90000]
[error occurred during error reporting (printing stack bounds), id 0xc0000005]


[error occurred during error reporting (printing native stack), id 0xc0000005]


Current CompileTask:
C2:   1590   96             com.android.dx.ssa.SsaMethod::forEachInsn (36 bytes)


---------------  P R O C E S S  ---------------

Java Threads: ( => current thread )
  0x000000000a265800 JavaThread "pool-1-thread-4" [_thread_blocked, id=7420, stack(0x000000000c360000,0x000000000c460000)]
  0x000000000a264800 JavaThread "pool-1-thread-3" [_thread_blocked, id=7544, stack(0x000000000c1b0000,0x000000000c2b0000)]
  0x000000000a267800 JavaThread "pool-1-thread-2" [_thread_blocked, id=8232, stack(0x000000000beb0000,0x000000000bfb0000)]
  0x000000000a1ba000 JavaThread "pool-2-thread-1" [_thread_blocked, id=5380, stack(0x000000000c020000,0x000000000c120000)]
  0x000000000a25d800 JavaThread "pool-1-thread-1" [_thread_in_Java, id=756, stack(0x000000000bd90000,0x000000000be90000)]
  0x000000000a09b800 JavaThread "Service Thread" daemon [_thread_blocked, id=6608, stack(0x000000000bbc0000,0x000000000bcc0000)]
=>0x000000000a099000 JavaThread "C2 CompilerThread1" daemon [_thread_in_native, id=7224, stack(0x000000000b990000,0x000000000ba90000)]
  0x000000000a095800 JavaThread "C2 CompilerThread0" daemon [_thread_blocked, id=6336, stack(0x000000000b2c0000,0x000000000b3c0000)]
  0x000000000a094000 JavaThread "Attach Listener" daemon [_thread_blocked, id=9788, stack(0x000000000b7a0000,0x000000000b8a0000)]
  0x00000000090fe800 JavaThread "Signal Dispatcher" daemon [_thread_blocked, id=6340, stack(0x000000000b660000,0x000000000b760000)]
  0x00000000090e0800 JavaThread "Finalizer" daemon [_thread_blocked, id=7236, stack(0x000000000b400000,0x000000000b500000)]
  0x000000000252a800 JavaThread "Reference Handler" daemon [_thread_blocked, id=6948, stack(0x000000000b190000,0x000000000b290000)]
  0x000000000242e800 JavaThread "main" [_thread_blocked, id=8940, stack(0x00000000027b0000,0x00000000028b0000)]

Other Threads:
  0x00000000090de000 VMThread [stack: 0x000000000b010000,0x000000000b110000] [id=10132]
  0x000000000a0a0000 WatcherThread [stack: 0x000000000b560000,0x000000000b660000] [id=10496]

VM state:not at safepoint (normal execution)

VM Mutex/Monitor currently owned by a thread: None

Heap
 PSYoungGen      total 38400K, used 16681K [0x00000000eaa80000, 0x00000000ed500000, 0x0000000100000000)
  eden space 33280K, 50% used [0x00000000eaa80000,0x00000000ebaca528,0x00000000ecb00000)
  from space 5120K, 0% used [0x00000000ed000000,0x00000000ed000000,0x00000000ed500000)
  to   space 5120K, 0% used [0x00000000ecb00000,0x00000000ecb00000,0x00000000ed000000)
 ParOldGen       total 87040K, used 0K [0x00000000c0000000, 0x00000000c5500000, 0x00000000eaa80000)
  object space 87040K, 0% used [0x00000000c0000000,0x00000000c0000000,0x00000000c5500000)
 PSPermGen       total 21504K, used 5639K [0x00000000bae00000, 0x00000000bc300000, 0x00000000c0000000)
  object space 21504K, 26% used [0x00000000bae00000,0x00000000bb381e50,0x00000000bc300000)

Card table byte_map: [0x00000000058b0000,0x0000000005ae0000] byte_map_base: 0x00000000052d9000

Polling page: 0x0000000000430000

Code Cache  [0x00000000028b0000, 0x0000000002b20000, 0x00000000058b0000)
 total_blobs=339 nmethods=102 adapters=190 free_code_cache=48619Kb largest_free_block=49757888

Compilation events (10 events):
Event: 1.580 Thread 0x000000000a095800   99             com.android.dx.util.Bits::getMax (6 bytes)
Event: 1.580 Thread 0x000000000a095800 nmethod 99 0x0000000002934b50 code [0x0000000002934c80, 0x0000000002934cd8]
Event: 1.580 Thread 0x000000000a095800  100             java.util.BitSet::recalculateWordsInUse (39 bytes)
Event: 1.581 Thread 0x000000000a095800 nmethod 100 0x0000000002934910 code [0x0000000002934a40, 0x0000000002934ad8]
Event: 1.581 Thread 0x000000000a095800  101             com.android.dx.ssa.NormalSsaInsn::getSources (8 bytes)
Event: 1.582 Thread 0x000000000a095800 nmethod 101 0x00000000029346d0 code [0x0000000002934800, 0x0000000002934878]
Event: 1.582 Thread 0x000000000a095800  102             com.android.dx.util.BitIntSet::ensureCapacity (51 bytes)
Event: 1.584 Thread 0x000000000a095800 nmethod 102 0x00000000029342d0 code [0x0000000002934420, 0x00000000029345b8]
Event: 1.584 Thread 0x000000000a095800  103             com.android.dx.util.LabeledList::indexOfLabel (22 bytes)
Event: 1.585 Thread 0x000000000a095800 nmethod 103 0x0000000002933f90 code [0x00000000029340e0, 0x0000000002934198]

GC Heap History (0 events):
No events

Deoptimization events (5 events):
Event: 0.317 Thread 0x000000000242e800 Uncommon trap: reason=unstable_if action=reinterpret pc=0x0000000002910dc4 method=java.lang.String.indexOf(II)I @ 49
Event: 0.438 Thread 0x000000000242e800 Uncommon trap: reason=unstable_if action=reinterpret pc=0x0000000002918558 method=java.util.regex.Pattern$BnM.optimize(Ljava/util/regex/Pattern$Node;)Ljava/util/regex/Pattern$Node; @ 22
Event: 0.438 Thread 0x000000000242e800 Uncommon trap: reason=class_check action=maybe_recompile pc=0x00000000029141b4 method=java.util.regex.Matcher.search(I)Z @ 86
Event: 0.438 Thread 0x000000000242e800 Uncommon trap: reason=unstable_if action=reinterpret pc=0x00000000029141f4 method=java.util.regex.Matcher.search(I)Z @ 30
Event: 0.972 Thread 0x000000000a265800 Uncommon trap: reason=unstable_if action=reinterpret pc=0x00000000029228e0 method=java.util.BitSet.nextSetBit(I)I @ 87

Internal exceptions (10 events):
Event: 0.639 Thread 0x000000000a25d800 Threw 0x00000000eb50c648 at C:\re\jdk7u80\2329\hotspot\src\share\vm\prims\jvm.cpp:1319
Event: 0.639 Thread 0x000000000a25d800 Threw 0x00000000eb50f840 at C:\re\jdk7u80\2329\hotspot\src\share\vm\prims\jvm.cpp:1319
Event: 0.639 Thread 0x000000000a25d800 Threw 0x00000000eb512308 at C:\re\jdk7u80\2329\hotspot\src\share\vm\prims\jvm.cpp:1319
Event: 0.640 Thread 0x000000000a25d800 Threw 0x00000000eb514dd0 at C:\re\jdk7u80\2329\hotspot\src\share\vm\prims\jvm.cpp:1319
Event: 0.644 Thread 0x000000000a25d800 Threw 0x00000000eb520820 at C:\re\jdk7u80\2329\hotspot\src\share\vm\prims\jvm.cpp:1319
Event: 0.680 Thread 0x000000000a265800 Threw 0x00000000eb3f3d48 at C:\re\jdk7u80\2329\hotspot\src\share\vm\prims\jvm.cpp:1319
Event: 0.696 Thread 0x000000000242e800 Threw 0x00000000eb09b5f8 at C:\re\jdk7u80\2329\hotspot\src\share\vm\prims\jvm.cpp:1319
Event: 0.722 Thread 0x000000000242e800 Threw 0x00000000eb0bb0e8 at C:\re\jdk7u80\2329\hotspot\src\share\vm\prims\jvm.cpp:1319
Event: 0.995 Thread 0x000000000a25d800 Threw 0x00000000eb7c1418 at C:\re\jdk7u80\2329\hotspot\src\share\vm\prims\jvm.cpp:1319
Event: 0.998 Thread 0x000000000a264800 Threw 0x00000000eb6a88f0 at C:\re\jdk7u80\2329\hotspot\src\share\vm\prims\jvm.cpp:1319

Events (10 events):
Event: 0.972 Thread 0x000000000a265800 DEOPT PACKING pc=0x00000000029228e0 sp=0x000000000c45ea60
Event: 0.972 Thread 0x000000000a265800 DEOPT UNPACKING pc=0x00000000028e9064 sp=0x000000000c45e9f8 mode 2
Event: 0.993 loading class 0x0000000008f37fe0
Event: 0.993 loading class 0x0000000008f37fe0 done
Event: 0.995 loading class 0x000000000a25f080
Event: 0.995 loading class 0x000000000a25f080 done
Event: 0.998 loading class 0x000000000a1bb680
Event: 0.998 loading class 0x000000000a1bb680 done
Event: 1.257 loading class 0x0000000008f2f5b0
Event: 1.257 loading class 0x0000000008f2f5b0 done


Dynamic libraries:
