#
# There is insufficient memory for the Java Runtime Environment to continue.
# Native memory allocation (malloc) failed to allocate 67056 bytes for Chunk::new
# Possible reasons:
#   The system is out of physical RAM or swap space
#   In 32 bit mode, the process size limit was hit
# Possible solutions:
#   Reduce memory load on the system
#   Increase physical memory or swap space
#   Check if swap backing store is full
#   Use 64 bit Java on a 64 bit OS
#   Decrease Java heap size (-Xmx/-Xms)
#   Decrease number of Java threads
#   Decrease Java thread stack sizes (-Xss)
#   Set larger code cache with -XX:ReservedCodeCacheSize=
# This output file may be truncated or incomplete.
#
#  Out of Memory Error (allocation.cpp:323), pid=7500, tid=6160
#
# JRE version: Java(TM) SE Runtime Environment (7.0_80-b15) (build 1.7.0_80-b15)
# Java VM: Java HotSpot(TM) 64-Bit Server VM (24.80-b11 mixed mode windows-amd64 compressed oops)
# Failed to write core dump. Minidumps are not enabled by default on client versions of Windows
#

---------------  T H R E A D  ---------------

Current thread (0x00000000090ce000):  JavaThread "C2 CompilerThread1" daemon [_thread_in_native, id=6160, stack(0x000000000b9a0000,0x000000000baa0000)]

Stack: [0x000000000b9a0000,0x000000000baa0000]
[error occurred during error reporting (printing stack bounds), id 0xc0000005]


[error occurred during error reporting (printing native stack), id 0xc0000005]


Current CompileTask:
C2:   1629  158             com.android.dx.rop.cst.CstString::utf8BytesToString (391 bytes)


---------------  P R O C E S S  ---------------

Java Threads: ( => current thread )
  0x000000000a205000 JavaThread "pool-1-thread-4" [_thread_blocked, id=7792, stack(0x000000000c3a0000,0x000000000c4a0000)]
  0x000000000a209800 JavaThread "pool-1-thread-3" [_thread_in_Java, id=6452, stack(0x000000000c1d0000,0x000000000c2d0000)]
  0x000000000a207800 JavaThread "pool-1-thread-2" [_thread_blocked, id=7944, stack(0x000000000bff0000,0x000000000c0f0000)]
  0x000000000a1f2000 JavaThread "pool-2-thread-1" [_thread_blocked, id=9964, stack(0x000000000b460000,0x000000000b560000)]
  0x000000000a230800 JavaThread "pool-1-thread-1" [_thread_blocked, id=8260, stack(0x000000000bc60000,0x000000000bd60000)]
  0x000000000a077800 JavaThread "Service Thread" daemon [_thread_blocked, id=2724, stack(0x000000000bae0000,0x000000000bbe0000)]
=>0x00000000090ce000 JavaThread "C2 CompilerThread1" daemon [_thread_in_native, id=6160, stack(0x000000000b9a0000,0x000000000baa0000)]
  0x00000000090bf000 JavaThread "C2 CompilerThread0" daemon [_thread_in_native, id=8828, stack(0x000000000af70000,0x000000000b070000)]
  0x000000000a06e800 JavaThread "Attach Listener" daemon [_thread_blocked, id=7528, stack(0x000000000b750000,0x000000000b850000)]
  0x00000000090c8800 JavaThread "Signal Dispatcher" daemon [_thread_blocked, id=10892, stack(0x000000000b570000,0x000000000b670000)]
  0x0000000002546000 JavaThread "Finalizer" daemon [_thread_blocked, id=5020, stack(0x000000000b360000,0x000000000b460000)]
  0x0000000002545000 JavaThread "Reference Handler" daemon [_thread_blocked, id=9040, stack(0x000000000b240000,0x000000000b340000)]
  0x000000000024e800 JavaThread "main" [_thread_blocked, id=8180, stack(0x0000000002600000,0x0000000002700000)]

Other Threads:
  0x00000000090ad800 VMThread [stack: 0x000000000b110000,0x000000000b210000] [id=5360]
  0x000000000a084800 WatcherThread [stack: 0x000000000b860000,0x000000000b960000] [id=6244]

VM state:not at safepoint (normal execution)

VM Mutex/Monitor currently owned by a thread: None

Heap
 PSYoungGen      total 38400K, used 20264K [0x00000000eaa80000, 0x00000000ed500000, 0x0000000100000000)
  eden space 33280K, 60% used [0x00000000eaa80000,0x00000000ebe4a310,0x00000000ecb00000)
  from space 5120K, 0% used [0x00000000ed000000,0x00000000ed000000,0x00000000ed500000)
  to   space 5120K, 0% used [0x00000000ecb00000,0x00000000ecb00000,0x00000000ed000000)
 ParOldGen       total 87040K, used 0K [0x00000000c0000000, 0x00000000c5500000, 0x00000000eaa80000)
  object space 87040K, 0% used [0x00000000c0000000,0x00000000c0000000,0x00000000c5500000)
 PSPermGen       total 21504K, used 5676K [0x00000000bae00000, 0x00000000bc300000, 0x00000000c0000000)
  object space 21504K, 26% used [0x00000000bae00000,0x00000000bb38b140,0x00000000bc300000)

Card table byte_map: [0x0000000005880000,0x0000000005ab0000] byte_map_base: 0x00000000052a9000

Polling page: 0x0000000000230000

Code Cache  [0x00000000027c0000, 0x0000000002a30000, 0x00000000057c0000)
 total_blobs=399 nmethods=160 adapters=189 free_code_cache=48517Kb largest_free_block=49665280

Compilation events (10 events):
Event: 1.607 Thread 0x00000000090ce000  154   !         com.android.dx.util.IntList::<init> (37 bytes)
Event: 1.607 Thread 0x00000000090bf000  155             com.android.dx.rop.code.Insn::<init> (69 bytes)
Event: 1.608 Thread 0x00000000090ce000 nmethod 154 0x0000000002857dd0 code [0x0000000002857f20, 0x0000000002858038]
Event: 1.608 Thread 0x00000000090bf000 nmethod 155 0x0000000002857ad0 code [0x0000000002857c00, 0x0000000002857cf8]
Event: 1.609 Thread 0x00000000090ce000  156             java.util.Vector::ensureCapacityHelper (16 bytes)
Event: 1.610 Thread 0x00000000090ce000 nmethod 156 0x0000000002857850 code [0x00000000028579a0, 0x0000000002857a28]
Event: 1.622 Thread 0x00000000090bf000  157             com.android.dx.rop.code.BasicBlockList$RegCountVisitor::visit (52 bytes)
Event: 1.626 Thread 0x00000000090ce000  158             com.android.dx.rop.cst.CstString::utf8BytesToString (391 bytes)
Event: 1.626 Thread 0x00000000090bf000 nmethod 157 0x00000000028570d0 code [0x0000000002857220, 0x0000000002857498]
Event: 1.627 Thread 0x00000000090bf000  159             com.android.dx.ssa.NormalSsaInsn::isNormalMoveInsn (20 bytes)

GC Heap History (0 events):
No events

Deoptimization events (3 events):
Event: 0.284 Thread 0x000000000024e800 Uncommon trap: reason=unstable_if action=reinterpret pc=0x0000000002820dc4 method=java.lang.String.indexOf(II)I @ 49
Event: 0.813 Thread 0x000000000024e800 Uncommon trap: reason=unstable_if action=reinterpret pc=0x0000000002834978 method=com.android.dx.cf.code.Ropper.labelToResultIndex(I)I @ 34
Event: 1.167 Thread 0x000000000a230800 Uncommon trap: reason=predicate action=maybe_recompile pc=0x000000000283b7a4 method=java.util.ArrayList.remove(Ljava/lang/Object;)Z @ 49

Internal exceptions (10 events):
Event: 0.651 Thread 0x000000000a205000 Threw 0x00000000eb4e2648 at C:\re\jdk7u80\2329\hotspot\src\share\vm\prims\jvm.cpp:1319
Event: 0.652 Thread 0x000000000a230800 Threw 0x00000000eb3cde10 at C:\re\jdk7u80\2329\hotspot\src\share\vm\prims\jvm.cpp:1319
Event: 0.655 Thread 0x000000000a230800 Threw 0x00000000eb3da200 at C:\re\jdk7u80\2329\hotspot\src\share\vm\prims\jvm.cpp:1319
Event: 0.656 Thread 0x000000000a230800 Threw 0x00000000eb3e0070 at C:\re\jdk7u80\2329\hotspot\src\share\vm\prims\jvm.cpp:1319
Event: 0.657 Thread 0x000000000a230800 Threw 0x00000000eb3e4398 at C:\re\jdk7u80\2329\hotspot\src\share\vm\prims\jvm.cpp:1319
Event: 0.672 Thread 0x000000000a230800 Threw 0x00000000eb401fb8 at C:\re\jdk7u80\2329\hotspot\src\share\vm\prims\jvm.cpp:1319
Event: 0.690 Thread 0x000000000a209800 Threw 0x00000000eb044550 at C:\re\jdk7u80\2329\hotspot\src\share\vm\prims\jvm.cpp:1319
Event: 0.698 Thread 0x000000000024e800 Threw 0x00000000eb356e08 at C:\re\jdk7u80\2329\hotspot\src\share\vm\prims\jvm.cpp:1319
Event: 0.950 Thread 0x000000000a205000 Threw 0x00000000eb56bce0 at C:\re\jdk7u80\2329\hotspot\src\share\vm\prims\jvm.cpp:1319
Event: 1.218 Thread 0x000000000a205000 Threw 0x00000000eb96a438 at C:\re\jdk7u80\2329\hotspot\src\share\vm\prims\jvm.cpp:1319

Events (10 events):
Event: 0.923 loading class 0x0000000008f07fe0 done
Event: 0.950 loading class 0x000000000a217290
Event: 0.950 loading class 0x000000000a217290 done
Event: 1.167 Thread 0x000000000a230800 Uncommon trap: trap_request=0xffffff86 fr.pc=0x000000000283b7a4
Event: 1.167 Thread 0x000000000a230800 DEOPT PACKING pc=0x000000000283b7a4 sp=0x000000000bd5e420
Event: 1.167 Thread 0x000000000a230800 DEOPT UNPACKING pc=0x00000000027f9064 sp=0x000000000bd5e3f8 mode 2
Event: 1.172 loading class 0x0000000008eff5b0
Event: 1.172 loading class 0x0000000008eff5b0 done
Event: 1.218 loading class 0x000000000a1efbe0
Event: 1.218 loading class 0x000000000a1efbe0 done


Dynamic libraries:
0x000000013f570000 - 0x000000013f5a3000 	D:\java\jdk1.7.0_80\bin\java.exe
0x00000000774b0000 - 0x000000007765a000 	C:\Windows\SYSTEM32\ntdll.dll
0x0000000077290000 - 0x00000000773af000 	C:\Windows\system32\kernel32.dll
0x000007fefd460000 - 0x000007fefd4cb000 	C:\Windows\system32\KERNELBASE.dll
0x000007fefeca0000 - 0x000007fefed7b000 	C:\Windows\system32\ADVAPI32.dll
0x000007fefee50000 - 0x000007fefeeef000 	C:\Windows\system32\msvcrt.dll
0x000007fefde70000 - 0x000007fefde8f000 	C:\Windows\SYSTEM32\sechost.dll
0x000007feff5c0000 - 0x000007feff6ed000 	C:\Windows\system32\RPCRT4.dll
0x00000000773b0000 - 0x00000000774aa000 	C:\Windows\system32\USER32.dll
0x000007fefec30000 - 0x000007fefec97000 	C:\Windows\system32\GDI32.dll
0x000007fefec20000 - 0x000007fefec2e000 	C:\Windows\system32\LPK.dll
0x000007feff4f0000 - 0x000007feff5ba000 	C:\Windows\system32\USP10.dll
0x000007fefbfb0000 - 0x000007fefc1a4000 	C:\Windows\WinSxS\amd64_microsoft.windows.common-controls_6595b64144ccf1df_6.0.7601.18837_none_fa3b1e3d17594757\COMCTL32.dll
0x000007feff6f0000 - 0x000007feff761000 	C:\Windows\system32\SHLWAPI.dll
0x000007fefed80000 - 0x000007fefedae000 	C:\Windows\system32\IMM32.DLL
0x000007fefef10000 - 0x000007feff019000 	C:\Windows\system32\MSCTF.dll
0x0000000062840000 - 0x0000000062912000 	D:\java\jdk1.7.0_80\jre\bin\msvcr100.dll
0x0000000062d20000 - 0x00000000634f9000 	D:\java\jdk1.7.0_80\jre\bin\server\jvm.dll
0x000007fef37a0000 - 0x000007fef37a9000 	C:\Windows\system32\WSOCK32.dll
0x000007feff770000 - 0x000007feff7bd000 	C:\Windows\system32\WS2_32.dll
0x000007fefd840000 - 0x000007fefd848000 	C:\Windows\system32\NSI.dll
0x000007fef9e60000 - 0x000007fef9e9b000 	C:\Windows\system32\WINMM.dll
0x0000000077670000 - 0x0000000077677000 	C:\Windows\system32\PSAPI.DLL
0x0000000071ac0000 - 0x0000000071acf000 	D:\java\jdk1.7.0_80\jre\bin\verify.dll
0x000000006b8a0000 - 0x000000006b8c8000 	D:\java\jdk1.7.0_80\jre\bin\java.dll
0x00000000710f0000 - 0x0000000071106000 	D:\java\jdk1.7.0_80\jre\bin\zip.dll
0x0000000070dc0000 - 0x0000000070dda000 	D:\java\jdk1.7.0_80\jre\bin\net.dll
0x000007fefcc20000 - 0x000007fefcc75000 	C:\Windows\system32\mswsock.dll
0x000007fefcc10000 - 0x000007fefcc17000 	C:\Windows\System32\wship6.dll
0x00000000707b0000 - 0x00000000707c1000 	D:\java\jdk1.7.0_80\jre\bin\nio.dll

VM Arguments:
jvm_args: -Xmx1024M -Dfile.encoding=GBK -Duser.country=CN -Duser.language=zh -Duser.variant 
java_command: com.android.dx.command.Main --dex --num-threads=4 --output F:\AndroidStudioProjects\Thermal\app\build\intermediates\pre-dexed\debug\bmob-push-0.8-b6f6bad9e9cbfe7ddfa529c72e5b7722eb520a54.jar C:\Users\Administrator\.gradle\caches\modules-2\files-2.1\cn.bmob.android\bmob-push\0.8\2fe391ed9034cd023de1da05cb8da77e08b46245\bmob-push-0.8.jar
Launcher Type: SUN_STANDARD

Environment Variables:
JAVA_HOME=D:\java\jdk1.7.0_80
CLASSPATH=.;JAVA_HOME\lib;JAVA_HOME\lib\tools.jar
PATH=F:\AppData\Local\Android\sdk\platform-tools;E:\adt-bundle-windows-x86_64-20140702\sdk\platform-tools;E:\adt-bundle-windows-x86_64-20140702\sdk\sdk\tools;JAVA_HOME\bin;JAVA_HOME\jre\bin;C:\Program Files (x86)\AMD APP\bin\x86_64;C:\Program Files (x86)\AMD APP\bin\x86;C:\Windows\system32;C:\Windows;C:\Windows\System32\Wbem;C:\Windows\System32\WindowsPowerShell\v1.0\;C:\Program Files (x86)\AMD\ATI.ACE\Core-Static;C:\Program Files (x86)\Common Files\microsoft shared\TigerKin;C:\Program Files (x86)\Skype\Phone\;E:\Subversion\bin;C:\Program Files\TortoiseSVN\bin
USERNAME=Administrator
OS=Windows_NT
PROCESSOR_IDENTIFIER=AMD64 Family 21 Model 2 Stepping 0, AuthenticAMD



---------------  S Y S T E M  ---------------

OS: Windows 7 , 64 bit Build 7601 Service Pack 1

CPU:total 8 (8 cores per cpu, 1 threads per core) family 21 model 2 stepping 0, cmov, cx8, fxsr, mmx, sse, sse2, sse3, ssse3, sse4.1, sse4.2, popcnt, avx, aes, mmxext, 3dnowpref, lzcnt, sse4a, tsc, tscinvbit, tscinv

Memory: 4k page, physical 8354464k(1166460k free), swap 10449780k(5396k free)

vm_info: Java HotSpot(TM) 64-Bit Server VM (24.80-b11) for windows-amd64 JRE (1.7.0_80-b15), built on Apr 10 2015 11:26:34 by "java_re" with unknown MS VC++:1600

time: Tue May 24 16:45:41 2016
elapsed time: 1 seconds

