#
# There is insufficient memory for the Java Runtime Environment to continue.
# Native memory allocation (malloc) failed to allocate 373984 bytes for Chunk::new
# Possible reasons:
#   The system is out of physical RAM or swap space
#   In 32 bit mode, the process size limit was hit
# Possible solutions:
#   Reduce memory load on the system
#   Increase physical memory or swap space
#   Check if swap backing store is full
#   Use 64 bit Java on a 64 bit OS
#   Decrease Java heap size (-Xmx/-Xms)
#   Decrease number of Java threads
#   Decrease Java thread stack sizes (-Xss)
#   Set larger code cache with -XX:ReservedCodeCacheSize=
# This output file may be truncated or incomplete.
#
#  Out of Memory Error (allocation.cpp:323), pid=9976, tid=6060
#
# JRE version: Java(TM) SE Runtime Environment (7.0_80-b15) (build 1.7.0_80-b15)
# Java VM: Java HotSpot(TM) 64-Bit Server VM (24.80-b11 mixed mode windows-amd64 compressed oops)
# Failed to write core dump. Minidumps are not enabled by default on client versions of Windows
#

---------------  T H R E A D  ---------------

Current thread (0x0000000008e08000):  JavaThread "C2 CompilerThread0" daemon [_thread_in_native, id=6060, stack(0x000000000b750000,0x000000000b850000)]

Stack: [0x000000000b750000,0x000000000b850000]
[error occurred during error reporting (printing stack bounds), id 0xc0000005]


[error occurred during error reporting (printing native stack), id 0xc0000005]


Current CompileTask:
C2:   3415  180             com.android.dx.ssa.SCCP::simulateBranch (666 bytes)


---------------  P R O C E S S  ---------------

Java Threads: ( => current thread )
  0x0000000009ff7000 JavaThread "pool-1-thread-4" [_thread_blocked, id=10292, stack(0x000000000c260000,0x000000000c360000)]
  0x0000000009ff6000 JavaThread "pool-1-thread-3" [_thread_blocked, id=10288, stack(0x000000000c080000,0x000000000c180000)]
  0x0000000009ff5800 JavaThread "pool-1-thread-2" [_thread_blocked, id=10284, stack(0x000000000b4e0000,0x000000000b5e0000)]
  0x0000000009ff2800 JavaThread "pool-2-thread-1" [_thread_blocked, id=10280, stack(0x000000000be60000,0x000000000bf60000)]
  0x000000000a0a7000 JavaThread "pool-1-thread-1" [_thread_blocked, id=10276, stack(0x000000000bcc0000,0x000000000bdc0000)]
  0x0000000009ec7800 JavaThread "Service Thread" daemon [_thread_blocked, id=9468, stack(0x000000000b880000,0x000000000b980000)]
  0x0000000009ec5800 JavaThread "C2 CompilerThread1" daemon [_thread_in_native, id=4800, stack(0x000000000b0f0000,0x000000000b1f0000)]
=>0x0000000008e08000 JavaThread "C2 CompilerThread0" daemon [_thread_in_native, id=6060, stack(0x000000000b750000,0x000000000b850000)]
  0x0000000008e07000 JavaThread "Attach Listener" daemon [_thread_blocked, id=6424, stack(0x000000000b5e0000,0x000000000b6e0000)]
  0x0000000009eb5000 JavaThread "Signal Dispatcher" daemon [_thread_blocked, id=7600, stack(0x000000000b380000,0x000000000b480000)]
  0x00000000024bc000 JavaThread "Finalizer" daemon [_thread_blocked, id=328, stack(0x000000000b210000,0x000000000b310000)]
  0x00000000024b5000 JavaThread "Reference Handler" daemon [_thread_blocked, id=3300, stack(0x000000000afb0000,0x000000000b0b0000)]
  0x000000000254e800 JavaThread "main" [_thread_blocked, id=5636, stack(0x0000000002760000,0x0000000002860000)]

Other Threads:
  0x0000000008ded800 VMThread [stack: 0x000000000ae60000,0x000000000af60000] [id=1816]
  0x0000000009ed4000 WatcherThread [stack: 0x000000000bb00000,0x000000000bc00000] [id=8476]

VM state:not at safepoint (normal execution)

VM Mutex/Monitor currently owned by a thread: None

Heap
 PSYoungGen      total 38400K, used 13226K [0x00000000eaa80000, 0x00000000ed500000, 0x0000000100000000)
  eden space 33280K, 24% used [0x00000000eaa80000,0x00000000eb26ade8,0x00000000ecb00000)
  from space 5120K, 99% used [0x00000000ecb00000,0x00000000ecfffca8,0x00000000ed000000)
  to   space 5120K, 0% used [0x00000000ed000000,0x00000000ed000000,0x00000000ed500000)
 ParOldGen       total 87040K, used 1951K [0x00000000c0000000, 0x00000000c5500000, 0x00000000eaa80000)
  object space 87040K, 2% used [0x00000000c0000000,0x00000000c01e7db8,0x00000000c5500000)
 PSPermGen       total 21504K, used 5869K [0x00000000bae00000, 0x00000000bc300000, 0x00000000c0000000)
  object space 21504K, 27% used [0x00000000bae00000,0x00000000bb3bb480,0x00000000bc300000)

Card table byte_map: [0x0000000005860000,0x0000000005a90000] byte_map_base: 0x0000000005289000

Polling page: 0x0000000001b60000

Code Cache  [0x0000000002860000, 0x0000000002ad0000, 0x0000000005860000)
 total_blobs=419 nmethods=181 adapters=191 free_code_cache=48362Kb largest_free_block=49487104

Compilation events (10 events):
Event: 3.189 Thread 0x0000000009ec5800 nmethod 176 0x0000000002905550 code [0x0000000002905680, 0x00000000029057b8]
Event: 3.189 Thread 0x0000000009ec5800  177             com.android.dx.rop.code.RegisterSpec::withReg (23 bytes)
Event: 3.189 Thread 0x0000000009ec5800 nmethod 177 0x0000000002905290 code [0x00000000029053e0, 0x0000000002905468]
Event: 3.189 Thread 0x0000000009ec5800  178             com.android.dx.ssa.SsaMethod$2::addToUses (48 bytes)
Event: 3.204 Thread 0x0000000009ec5800 nmethod 178 0x000000000291a050 code [0x000000000291a200, 0x000000000291aa18]
Event: 3.204 Thread 0x0000000009ec5800  179             com.android.dx.ssa.back.LivenessAnalyzer::run (231 bytes)
Event: 3.238 Thread 0x0000000008e08000 nmethod 169 0x0000000002927210 code [0x00000000029275c0, 0x0000000002929828]
Event: 3.239 Thread 0x0000000008e08000  180             com.android.dx.ssa.SCCP::simulateBranch (666 bytes)
Event: 3.257 Thread 0x0000000009ec5800 nmethod 179 0x0000000002923850 code [0x0000000002923b00, 0x0000000002925000]
Event: 3.257 Thread 0x0000000009ec5800  181             com.android.dx.ssa.SCCP::run (298 bytes)

GC Heap History (2 events):
Event: 2.534 GC heap before
{Heap before GC invocations=1 (full 0):
 PSYoungGen      total 38400K, used 33280K [0x00000000eaa80000, 0x00000000ed500000, 0x0000000100000000)
  eden space 33280K, 100% used [0x00000000eaa80000,0x00000000ecb00000,0x00000000ecb00000)
  from space 5120K, 0% used [0x00000000ed000000,0x00000000ed000000,0x00000000ed500000)
  to   space 5120K, 0% used [0x00000000ecb00000,0x00000000ecb00000,0x00000000ed000000)
 ParOldGen       total 87040K, used 0K [0x00000000c0000000, 0x00000000c5500000, 0x00000000eaa80000)
  object space 87040K, 0% used [0x00000000c0000000,0x00000000c0000000,0x00000000c5500000)
 PSPermGen       total 21504K, used 5843K [0x00000000bae00000, 0x00000000bc300000, 0x00000000c0000000)
  object space 21504K, 27% used [0x00000000bae00000,0x00000000bb3b4f60,0x00000000bc300000)
Event: 2.932 GC heap after
Heap after GC invocations=1 (full 0):
 PSYoungGen      total 38400K, used 5119K [0x00000000eaa80000, 0x00000000ed500000, 0x0000000100000000)
  eden space 33280K, 0% used [0x00000000eaa80000,0x00000000eaa80000,0x00000000ecb00000)
  from space 5120K, 99% used [0x00000000ecb00000,0x00000000ecfffca8,0x00000000ed000000)
  to   space 5120K, 0% used [0x00000000ed000000,0x00000000ed000000,0x00000000ed500000)
 ParOldGen       total 87040K, used 1951K [0x00000000c0000000, 0x00000000c5500000, 0x00000000eaa80000)
  object space 87040K, 2% used [0x00000000c0000000,0x00000000c01e7db8,0x00000000c5500000)
 PSPermGen       total 21504K, used 5843K [0x00000000bae00000, 0x00000000bc300000, 0x00000000c0000000)
  object space 21504K, 27% used [0x00000000bae00000,0x00000000bb3b4f60,0x00000000bc300000)
}

Deoptimization events (5 events):
Event: 0.329 Thread 0x000000000254e800 Uncommon trap: reason=unstable_if action=reinterpret pc=0x00000000028c1204 method=java.lang.String.indexOf(II)I @ 49
Event: 1.638 Thread 0x0000000009ff6000 Uncommon trap: reason=class_check action=maybe_recompile pc=0x00000000028d99b4 method=com.android.dx.ssa.NormalSsaInsn.accept(Lcom/android/dx/ssa/SsaInsn$Visitor;)V @ 9
Event: 1.649 Thread 0x0000000009ff6000 Uncommon trap: reason=class_check action=maybe_recompile pc=0x00000000028d99b4 method=com.android.dx.ssa.NormalSsaInsn.accept(Lcom/android/dx/ssa/SsaInsn$Visitor;)V @ 9
Event: 1.780 Thread 0x000000000a0a7000 Uncommon trap: reason=null_check action=make_not_entrant pc=0x00000000028e08b8 method=com.android.dx.rop.code.LocalItem.equals(Ljava/lang/Object;)Z @ 1
Event: 2.111 Thread 0x0000000009ff5800 Uncommon trap: reason=unstable_if action=reinterpret pc=0x00000000028e7044 method=com.android.dx.rop.cst.Constant.compareTo(Lcom/android/dx/rop/cst/Constant;)I @ 12

Internal exceptions (10 events):
Event: 1.012 Thread 0x000000000254e800 Threw 0x00000000eb3f9c78 at C:\re\jdk7u80\2329\hotspot\src\share\vm\prims\jvm.cpp:1319
Event: 1.013 Thread 0x000000000254e800 Threw 0x00000000eb3feee0 at C:\re\jdk7u80\2329\hotspot\src\share\vm\prims\jvm.cpp:1319
Event: 1.019 Thread 0x000000000254e800 Threw 0x00000000eb40dfe8 at C:\re\jdk7u80\2329\hotspot\src\share\vm\prims\jvm.cpp:1319
Event: 1.027 Thread 0x000000000a0a7000 Threw 0x00000000eb5255d8 at C:\re\jdk7u80\2329\hotspot\src\share\vm\prims\jvm.cpp:1319
Event: 1.029 Thread 0x000000000a0a7000 Threw 0x00000000eb52c600 at C:\re\jdk7u80\2329\hotspot\src\share\vm\prims\jvm.cpp:1319
Event: 1.533 Thread 0x000000000254e800 Threw 0x00000000eb41f288 at C:\re\jdk7u80\2329\hotspot\src\share\vm\prims\jvm.cpp:1319
Event: 1.558 Thread 0x0000000009ff5800 Threw 0x00000000eb4b8998 at C:\re\jdk7u80\2329\hotspot\src\share\vm\prims\jvm.cpp:1319
Event: 1.573 Thread 0x000000000a0a7000 Threw 0x00000000eb55c260 at C:\re\jdk7u80\2329\hotspot\src\share\vm\prims\jvm.cpp:1319
Event: 1.596 Thread 0x0000000009ff6000 Threw 0x00000000eb16d690 at C:\re\jdk7u80\2329\hotspot\src\share\vm\prims\jvm.cpp:1319
Event: 1.780 Thread 0x000000000a0a7000 Implicit null exception at 0x00000000028e0574 to 0x00000000028e08a5

Events (10 events):
Event: 1.780 Thread 0x000000000a0a7000 Uncommon trap: trap_request=0xfffffff4 fr.pc=0x00000000028e08b8
Event: 1.780 Thread 0x000000000a0a7000 DEOPT PACKING pc=0x00000000028e08b8 sp=0x000000000bdbe830
Event: 1.780 Thread 0x000000000a0a7000 DEOPT UNPACKING pc=0x0000000002899064 sp=0x000000000bdbe770 mode 2
Event: 1.968 loading class 0x0000000008c47fe0
Event: 1.969 loading class 0x0000000008c47fe0 done
Event: 2.111 Thread 0x0000000009ff5800 Uncommon trap: trap_request=0xffffff75 fr.pc=0x00000000028e7044
Event: 2.111 Thread 0x0000000009ff5800 DEOPT PACKING pc=0x00000000028e7044 sp=0x000000000b5de490
Event: 2.111 Thread 0x0000000009ff5800 DEOPT UNPACKING pc=0x0000000002899064 sp=0x000000000b5de430 mode 2
Event: 2.182 Executing VM operation: ParallelGCFailedAllocation
Event: 2.932 Executing VM operation: ParallelGCFailedAllocation done


Dynamic libraries:
0x000000013ff90000 - 0x000000013ffc3000 	D:\java\jdk1.7.0_80\bin\java.exe
0x0000000077250000 - 0x00000000773fa000 	C:\Windows\SYSTEM32\ntdll.dll
0x0000000077130000 - 0x000000007724f000 	C:\Windows\system32\kernel32.dll
0x000007fefd2e0000 - 0x000007fefd34b000 	C:\Windows\system32\KERNELBASE.dll
0x000007fefda80000 - 0x000007fefdb5b000 	C:\Windows\system32\ADVAPI32.dll
0x000007fefdf90000 - 0x000007fefe02f000 	C:\Windows\system32\msvcrt.dll
0x000007fefdb60000 - 0x000007fefdb7f000 	C:\Windows\SYSTEM32\sechost.dll
0x000007fefd560000 - 0x000007fefd68d000 	C:\Windows\system32\RPCRT4.dll
0x0000000077030000 - 0x000000007712a000 	C:\Windows\system32\USER32.dll
0x000007fefda10000 - 0x000007fefda77000 	C:\Windows\system32\GDI32.dll
0x000007fefda00000 - 0x000007fefda0e000 	C:\Windows\system32\LPK.dll
0x000007fefe110000 - 0x000007fefe1da000 	C:\Windows\system32\USP10.dll
0x000007fefbd50000 - 0x000007fefbf44000 	C:\Windows\WinSxS\amd64_microsoft.windows.common-controls_6595b64144ccf1df_6.0.7601.18837_none_fa3b1e3d17594757\COMCTL32.dll
0x000007fefd980000 - 0x000007fefd9f1000 	C:\Windows\system32\SHLWAPI.dll
0x000007fefe490000 - 0x000007fefe4be000 	C:\Windows\system32\IMM32.DLL
0x000007fefd870000 - 0x000007fefd979000 	C:\Windows\system32\MSCTF.dll
0x0000000059970000 - 0x0000000059a42000 	D:\java\jdk1.7.0_80\jre\bin\msvcr100.dll
0x0000000058b80000 - 0x0000000059359000 	D:\java\jdk1.7.0_80\jre\bin\server\jvm.dll
0x000007fef4b30000 - 0x000007fef4b39000 	C:\Windows\system32\WSOCK32.dll
0x000007fefddb0000 - 0x000007fefddfd000 	C:\Windows\system32\WS2_32.dll
0x000007feff550000 - 0x000007feff558000 	C:\Windows\system32\NSI.dll
0x000007fef9f60000 - 0x000007fef9f9b000 	C:\Windows\system32\WINMM.dll
0x0000000077420000 - 0x0000000077427000 	C:\Windows\system32\PSAPI.DLL
0x000000005de50000 - 0x000000005de5f000 	D:\java\jdk1.7.0_80\jre\bin\verify.dll
0x000000005b300000 - 0x000000005b328000 	D:\java\jdk1.7.0_80\jre\bin\java.dll
0x000000005d3e0000 - 0x000000005d3f6000 	D:\java\jdk1.7.0_80\jre\bin\zip.dll
0x000000005b2e0000 - 0x000000005b2fa000 	D:\java\jdk1.7.0_80\jre\bin\net.dll
0x000007fefc980000 - 0x000007fefc9d5000 	C:\Windows\system32\mswsock.dll
0x000007fefc970000 - 0x000007fefc977000 	C:\Windows\System32\wship6.dll
0x000000005b2c0000 - 0x000000005b2d1000 	D:\java\jdk1.7.0_80\jre\bin\nio.dll

VM Arguments:
jvm_args: -Djava.awt.headless=true -Xmx1024M -Dfile.encoding=GBK -Duser.country=CN -Duser.language=zh -Duser.variant 
java_command: com.android.dx.command.Main --dex --num-threads=4 --output F:\AndroidStudioProjects\Thermal\app\build\intermediates\pre-dexed\debug\MobTools-2016.0303.1229_efbc16d7bcbdfbcbc391ee0ea748e9429a2944f3.jar F:\AndroidStudioProjects\Thermal\app\libs\MobTools-2016.0303.1229.jar
Launcher Type: SUN_STANDARD

Environment Variables:
JAVA_HOME=D:\java\jdk1.7.0_80
CLASSPATH=.;JAVA_HOME\lib;JAVA_HOME\lib\tools.jar
PATH=F:\AppData\Local\Android\sdk\platform-tools;E:\adt-bundle-windows-x86_64-20140702\sdk\platform-tools;E:\adt-bundle-windows-x86_64-20140702\sdk\sdk\tools;JAVA_HOME\bin;JAVA_HOME\jre\bin;C:\Program Files (x86)\AMD APP\bin\x86_64;C:\Program Files (x86)\AMD APP\bin\x86;C:\Windows\system32;C:\Windows;C:\Windows\System32\Wbem;C:\Windows\System32\WindowsPowerShell\v1.0\;C:\Program Files (x86)\AMD\ATI.ACE\Core-Static;C:\Program Files (x86)\Common Files\microsoft shared\TigerKin;C:\Program Files (x86)\Skype\Phone\;E:\Subversion\bin;C:\Program Files\TortoiseSVN\bin
USERNAME=Administrator
OS=Windows_NT
PROCESSOR_IDENTIFIER=AMD64 Family 21 Model 2 Stepping 0, AuthenticAMD



---------------  S Y S T E M  ---------------

OS: Windows 7 , 64 bit Build 7601 Service Pack 1

CPU:total 8 (8 cores per cpu, 1 threads per core) family 21 model 2 stepping 0, cmov, cx8, fxsr, mmx, sse, sse2, sse3, ssse3, sse4.1, sse4.2, popcnt, avx, aes, mmxext, 3dnowpref, lzcnt, sse4a, tsc, tscinvbit, tscinv

Memory: 4k page, physical 8354464k(415160k free), swap 10449780k(5064k free)

vm_info: Java HotSpot(TM) 64-Bit Server VM (24.80-b11) for windows-amd64 JRE (1.7.0_80-b15), built on Apr 10 2015 11:26:34 by "java_re" with unknown MS VC++:1600

time: Fri May 20 14:14:54 2016
elapsed time: 3 seconds

