#
# There is insufficient memory for the Java Runtime Environment to continue.
# Native memory allocation (malloc) failed to allocate 535296 bytes for Chunk::new
# Possible reasons:
#   The system is out of physical RAM or swap space
#   In 32 bit mode, the process size limit was hit
# Possible solutions:
#   Reduce memory load on the system
#   Increase physical memory or swap space
#   Check if swap backing store is full
#   Use 64 bit Java on a 64 bit OS
#   Decrease Java heap size (-Xmx/-Xms)
#   Decrease number of Java threads
#   Decrease Java thread stack sizes (-Xss)
#   Set larger code cache with -XX:ReservedCodeCacheSize=
# This output file may be truncated or incomplete.
#
#  Out of Memory Error (allocation.cpp:323), pid=11172, tid=4476
#
# JRE version: Java(TM) SE Runtime Environment (7.0_80-b15) (build 1.7.0_80-b15)
# Java VM: Java HotSpot(TM) 64-Bit Server VM (24.80-b11 mixed mode windows-amd64 compressed oops)
# Failed to write core dump. Minidumps are not enabled by default on client versions of Windows
#

---------------  T H R E A D  ---------------

Current thread (0x0000000008e1c000):  JavaThread "C2 CompilerThread1" daemon [_thread_in_native, id=4476, stack(0x000000000b700000,0x000000000b800000)]

Stack: [0x000000000b700000,0x000000000b800000]
[error occurred during error reporting (printing stack bounds), id 0xc0000005]


[error occurred during error reporting (printing native stack), id 0xc0000005]


Current CompileTask:
C2:   1893  152             com.android.dx.ssa.SsaConverter::placePhiFunctions (394 bytes)


---------------  P R O C E S S  ---------------

Java Threads: ( => current thread )
  0x000000000a037800 JavaThread "pool-1-thread-4" [_thread_in_Java, id=10612, stack(0x000000000bb60000,0x000000000bc60000)]
  0x000000000a028800 JavaThread "pool-1-thread-3" [_thread_in_Java, id=7172, stack(0x000000000c160000,0x000000000c260000)]
  0x0000000009fa2000 JavaThread "pool-1-thread-2" [_thread_in_Java, id=6420, stack(0x000000000b4a0000,0x000000000b5a0000)]
  0x0000000009ecf000 JavaThread "pool-2-thread-1" [_thread_blocked, id=9804, stack(0x000000000bf30000,0x000000000c030000)]
  0x0000000009fb3000 JavaThread "pool-1-thread-1" [_thread_in_Java, id=5392, stack(0x000000000bd80000,0x000000000be80000)]
  0x0000000009dbb800 JavaThread "Service Thread" daemon [_thread_blocked, id=10064, stack(0x000000000b820000,0x000000000b920000)]
=>0x0000000008e1c000 JavaThread "C2 CompilerThread1" daemon [_thread_in_native, id=4476, stack(0x000000000b700000,0x000000000b800000)]
  0x0000000008e18000 JavaThread "C2 CompilerThread0" daemon [_thread_in_native, id=11148, stack(0x000000000b5a0000,0x000000000b6a0000)]
  0x0000000008e16800 JavaThread "Attach Listener" daemon [_thread_blocked, id=10708, stack(0x000000000b340000,0x000000000b440000)]
  0x0000000009db5000 JavaThread "Signal Dispatcher" daemon [_thread_blocked, id=7492, stack(0x000000000b1e0000,0x000000000b2e0000)]
  0x0000000002616000 JavaThread "Finalizer" daemon [_thread_blocked, id=1424, stack(0x000000000aff0000,0x000000000b0f0000)]
  0x0000000002615000 JavaThread "Reference Handler" daemon [_thread_blocked, id=10632, stack(0x000000000aec0000,0x000000000afc0000)]
  0x000000000251e800 JavaThread "main" [_thread_in_Java, id=9744, stack(0x00000000027d0000,0x00000000028d0000)]

Other Threads:
  0x0000000008dfd800 VMThread [stack: 0x000000000acf0000,0x000000000adf0000] [id=10944]
  0x0000000009dd0800 WatcherThread [stack: 0x000000000ba40000,0x000000000bb40000] [id=10224]

VM state:not at safepoint (normal execution)

VM Mutex/Monitor currently owned by a thread: None

Heap
 PSYoungGen      total 38400K, used 26939K [0x00000000eaa80000, 0x00000000ed500000, 0x0000000100000000)
  eden space 33280K, 80% used [0x00000000eaa80000,0x00000000ec4cefc8,0x00000000ecb00000)
  from space 5120K, 0% used [0x00000000ed000000,0x00000000ed000000,0x00000000ed500000)
  to   space 5120K, 0% used [0x00000000ecb00000,0x00000000ecb00000,0x00000000ed000000)
 ParOldGen       total 87040K, used 0K [0x00000000c0000000, 0x00000000c5500000, 0x00000000eaa80000)
  object space 87040K, 0% used [0x00000000c0000000,0x00000000c0000000,0x00000000c5500000)
 PSPermGen       total 21504K, used 5752K [0x00000000bae00000, 0x00000000bc300000, 0x00000000c0000000)
  object space 21504K, 26% used [0x00000000bae00000,0x00000000bb39e288,0x00000000bc300000)

Card table byte_map: [0x00000000058d0000,0x0000000005b00000] byte_map_base: 0x00000000052f9000

Polling page: 0x0000000000330000

Code Cache  [0x00000000028d0000, 0x0000000002b40000, 0x00000000058d0000)
 total_blobs=402 nmethods=164 adapters=191 free_code_cache=48515Kb largest_free_block=49657344

Compilation events (10 events):
Event: 1.869 Thread 0x0000000008e18000 nmethod 161 0x000000000295fd50 code [0x000000000295fe80, 0x000000000295fed8]
Event: 1.869 Thread 0x0000000008e18000  162             com.android.dx.ssa.NormalSsaInsn::isNormalMoveInsn (20 bytes)
Event: 1.870 Thread 0x0000000008e18000 nmethod 162 0x0000000002962450 code [0x0000000002962580, 0x00000000029625f8]
Event: 1.870 Thread 0x0000000008e18000  163             com.android.dx.ssa.DeadCodeRemover::hasSideEffect (11 bytes)
Event: 1.873 Thread 0x0000000008e18000 nmethod 163 0x000000000296eb10 code [0x000000000296ec60, 0x000000000296ee18]
Event: 1.873 Thread 0x0000000008e18000  164             com.android.dx.ssa.NormalSsaInsn::hasSideEffect (76 bytes)
Event: 1.875 Thread 0x0000000008e18000 nmethod 164 0x000000000296e5d0 code [0x000000000296e720, 0x000000000296e878]
Event: 1.875 Thread 0x0000000008e18000  165             com.android.dx.rop.code.Insn::<init> (69 bytes)
Event: 1.876 Thread 0x0000000008e18000 nmethod 165 0x000000000296e2d0 code [0x000000000296e400, 0x000000000296e4f8]
Event: 1.876 Thread 0x0000000008e18000  166             com.android.dx.ssa.SsaMethod::mapRegisters (87 bytes)

GC Heap History (0 events):
No events

Deoptimization events (4 events):
Event: 0.389 Thread 0x000000000251e800 Uncommon trap: reason=unstable_if action=reinterpret pc=0x0000000002930dc4 method=java.lang.String.indexOf(II)I @ 49
Event: 1.199 Thread 0x0000000009fb3000 Uncommon trap: reason=unstable_if action=reinterpret pc=0x0000000002940020 method=java.util.HashMap.getEntry(Ljava/lang/Object;)Ljava/util/HashMap$Entry; @ 71
Event: 1.209 Thread 0x000000000a028800 Uncommon trap: reason=unstable_if action=reinterpret pc=0x0000000002947da0 method=java.util.BitSet.nextSetBit(I)I @ 87
Event: 1.278 Thread 0x000000000a037800 Uncommon trap: reason=null_check action=make_not_entrant pc=0x000000000294d1ec method=com.android.dx.rop.code.LocalItem.equals(Ljava/lang/Object;)Z @ 1

Internal exceptions (10 events):
Event: 0.911 Thread 0x000000000251e800 Threw 0x00000000eb470cf0 at C:\re\jdk7u80\2329\hotspot\src\share\vm\prims\jvm.cpp:1319
Event: 0.912 Thread 0x000000000251e800 Threw 0x00000000eb474b70 at C:\re\jdk7u80\2329\hotspot\src\share\vm\prims\jvm.cpp:1319
Event: 0.916 Thread 0x000000000a028800 Threw 0x00000000eb36af68 at C:\re\jdk7u80\2329\hotspot\src\share\vm\prims\jvm.cpp:1319
Event: 0.916 Thread 0x000000000a028800 Threw 0x00000000eb370dd8 at C:\re\jdk7u80\2329\hotspot\src\share\vm\prims\jvm.cpp:1319
Event: 0.917 Thread 0x000000000a028800 Threw 0x00000000eb3752f8 at C:\re\jdk7u80\2329\hotspot\src\share\vm\prims\jvm.cpp:1319
Event: 1.033 Thread 0x000000000a028800 Threw 0x00000000eb74a3d0 at C:\re\jdk7u80\2329\hotspot\src\share\vm\prims\jvm.cpp:1319
Event: 1.151 Thread 0x000000000a028800 Threw 0x00000000eb77ffb8 at C:\re\jdk7u80\2329\hotspot\src\share\vm\prims\jvm.cpp:1319
Event: 1.188 Thread 0x0000000009fb3000 Threw 0x00000000eb843a58 at C:\re\jdk7u80\2329\hotspot\src\share\vm\prims\jvm.cpp:1319
Event: 1.278 Thread 0x000000000a037800 Implicit null exception at 0x000000000294ce95 to 0x000000000294d1d9
Event: 1.575 Thread 0x000000000251e800 Threw 0x00000000ebd35548 at C:\re\jdk7u80\2329\hotspot\src\share\vm\prims\jvm.cpp:1319

Events (10 events):
Event: 1.483 loading class 0x0000000008c4f5b0
Event: 1.483 loading class 0x0000000008c4f5b0 done
Event: 1.575 loading class 0x0000000009eb89c0
Event: 1.575 loading class 0x0000000009eb89c0 done
Event: 1.663 loading class 0x0000000008c57fe0
Event: 1.663 loading class 0x0000000008c57fe0 done
Event: 1.848 loading class 0x0000000008c5e990
Event: 1.849 loading class 0x0000000008c5e990 done
Event: 1.849 loading class 0x0000000008c5e960
Event: 1.849 loading class 0x0000000008c5e960 done


Dynamic libraries:
0x000000013f980000 - 0x000000013f9b3000 	D:\java\jdk1.7.0_80\bin\java.exe
0x00000000774b0000 - 0x000000007765a000 	C:\Windows\SYSTEM32\ntdll.dll
0x0000000077290000 - 0x00000000773af000 	C:\Windows\system32\kernel32.dll
0x000007fefd460000 - 0x000007fefd4cb000 	C:\Windows\system32\KERNELBASE.dll
0x000007fefeca0000 - 0x000007fefed7b000 	C:\Windows\system32\ADVAPI32.dll
0x000007fefee50000 - 0x000007fefeeef000 	C:\Windows\system32\msvcrt.dll
0x000007fefde70000 - 0x000007fefde8f000 	C:\Windows\SYSTEM32\sechost.dll
0x000007feff5c0000 - 0x000007feff6ed000 	C:\Windows\system32\RPCRT4.dll
0x00000000773b0000 - 0x00000000774aa000 	C:\Windows\system32\USER32.dll
0x000007fefec30000 - 0x000007fefec97000 	C:\Windows\system32\GDI32.dll
0x000007fefec20000 - 0x000007fefec2e000 	C:\Windows\system32\LPK.dll
0x000007feff4f0000 - 0x000007feff5ba000 	C:\Windows\system32\USP10.dll
0x000007fefbfb0000 - 0x000007fefc1a4000 	C:\Windows\WinSxS\amd64_microsoft.windows.common-controls_6595b64144ccf1df_6.0.7601.18837_none_fa3b1e3d17594757\COMCTL32.dll
0x000007feff6f0000 - 0x000007feff761000 	C:\Windows\system32\SHLWAPI.dll
0x000007fefed80000 - 0x000007fefedae000 	C:\Windows\system32\IMM32.DLL
0x000007fefef10000 - 0x000007feff019000 	C:\Windows\system32\MSCTF.dll
0x000000005a080000 - 0x000000005a152000 	D:\java\jdk1.7.0_80\jre\bin\msvcr100.dll
0x0000000059340000 - 0x0000000059b19000 	D:\java\jdk1.7.0_80\jre\bin\server\jvm.dll
0x000007fef37a0000 - 0x000007fef37a9000 	C:\Windows\system32\WSOCK32.dll
0x000007feff770000 - 0x000007feff7bd000 	C:\Windows\system32\WS2_32.dll
0x000007fefd840000 - 0x000007fefd848000 	C:\Windows\system32\NSI.dll
0x000007fef9e60000 - 0x000007fef9e9b000 	C:\Windows\system32\WINMM.dll
0x0000000077670000 - 0x0000000077677000 	C:\Windows\system32\PSAPI.DLL
0x000000005b070000 - 0x000000005b07f000 	D:\java\jdk1.7.0_80\jre\bin\verify.dll
0x000000005b040000 - 0x000000005b068000 	D:\java\jdk1.7.0_80\jre\bin\java.dll
0x000000005aff0000 - 0x000000005b006000 	D:\java\jdk1.7.0_80\jre\bin\zip.dll
0x000000005afd0000 - 0x000000005afea000 	D:\java\jdk1.7.0_80\jre\bin\net.dll
0x000007fefcc20000 - 0x000007fefcc75000 	C:\Windows\system32\mswsock.dll
0x000007fefcc10000 - 0x000007fefcc17000 	C:\Windows\System32\wship6.dll
0x000000005afb0000 - 0x000000005afc1000 	D:\java\jdk1.7.0_80\jre\bin\nio.dll

VM Arguments:
jvm_args: -Xmx1024M -Dfile.encoding=GBK -Duser.country=CN -Duser.language=zh -Duser.variant 
java_command: com.android.dx.command.Main --dex --num-threads=4 --output F:\AndroidStudioProjects\Thermal\app\build\intermediates\pre-dexed\debug\universal-image-loader-1.8.6-with-sources-78d1958ae39501ec388e0d8e4623485ce510b3d1.jar F:\AndroidStudioProjects\Thermal\app\libs\universal-image-loader-1.8.6-with-sources.jar
Launcher Type: SUN_STANDARD

Environment Variables:
JAVA_HOME=D:\java\jdk1.7.0_80
CLASSPATH=.;JAVA_HOME\lib;JAVA_HOME\lib\tools.jar
PATH=F:\AppData\Local\Android\sdk\platform-tools;E:\adt-bundle-windows-x86_64-20140702\sdk\platform-tools;E:\adt-bundle-windows-x86_64-20140702\sdk\sdk\tools;JAVA_HOME\bin;JAVA_HOME\jre\bin;C:\Program Files (x86)\AMD APP\bin\x86_64;C:\Program Files (x86)\AMD APP\bin\x86;C:\Windows\system32;C:\Windows;C:\Windows\System32\Wbem;C:\Windows\System32\WindowsPowerShell\v1.0\;C:\Program Files (x86)\AMD\ATI.ACE\Core-Static;C:\Program Files (x86)\Common Files\microsoft shared\TigerKin;C:\Program Files (x86)\Skype\Phone\;E:\Subversion\bin;C:\Program Files\TortoiseSVN\bin
USERNAME=Administrator
OS=Windows_NT
PROCESSOR_IDENTIFIER=AMD64 Family 21 Model 2 Stepping 0, AuthenticAMD



---------------  S Y S T E M  ---------------

OS: Windows 7 , 64 bit Build 7601 Service Pack 1

CPU:total 8 (8 cores per cpu, 1 threads per core) family 21 model 2 stepping 0, cmov, cx8, fxsr, mmx, sse, sse2, sse3, ssse3, sse4.1, sse4.2, popcnt, avx, aes, mmxext, 3dnowpref, lzcnt, sse4a, tsc, tscinvbit, tscinv

Memory: 4k page, physical 8354464k(975876k free), swap 10449780k(5112k free)

vm_info: Java HotSpot(TM) 64-Bit Server VM (24.80-b11) for windows-amd64 JRE (1.7.0_80-b15), built on Apr 10 2015 11:26:34 by "java_re" with unknown MS VC++:1600

time: Tue May 24 11:33:49 2016
elapsed time: 1 seconds

