#
# There is insufficient memory for the Java Runtime Environment to continue.
# Native memory allocation (malloc) failed to allocate 90560 bytes for Chunk::new
# Possible reasons:
#   The system is out of physical RAM or swap space
#   In 32 bit mode, the process size limit was hit
# Possible solutions:
#   Reduce memory load on the system
#   Increase physical memory or swap space
#   Check if swap backing store is full
#   Use 64 bit Java on a 64 bit OS
#   Decrease Java heap size (-Xmx/-Xms)
#   Decrease number of Java threads
#   Decrease Java thread stack sizes (-Xss)
#   Set larger code cache with -XX:ReservedCodeCacheSize=
# This output file may be truncated or incomplete.
#
#  Out of Memory Error (allocation.cpp:323), pid=9724, tid=4920
#
# JRE version: Java(TM) SE Runtime Environment (7.0_80-b15) (build 1.7.0_80-b15)
# Java VM: Java HotSpot(TM) 64-Bit Server VM (24.80-b11 mixed mode windows-amd64 compressed oops)
# Failed to write core dump. Minidumps are not enabled by default on client versions of Windows
#

---------------  T H R E A D  ---------------

Current thread (0x0000000008e7e800):  JavaThread "C2 CompilerThread0" daemon [_thread_in_native, id=4920, stack(0x000000000b380000,0x000000000b480000)]

Stack: [0x000000000b380000,0x000000000b480000]
[error occurred during error reporting (printing stack bounds), id 0xc0000005]


[error occurred during error reporting (printing native stack), id 0xc0000005]


Current CompileTask:
C2:   3494  295             com.android.dx.dex.code.OutputFinisher::addConstants (93 bytes)


---------------  P R O C E S S  ---------------

Java Threads: ( => current thread )
  0x0000000009f47000 JavaThread "Service Thread" daemon [_thread_blocked, id=9256, stack(0x000000000b7f0000,0x000000000b8f0000)]
  0x0000000008e8d800 JavaThread "C2 CompilerThread1" daemon [_thread_in_native, id=9444, stack(0x000000000b6a0000,0x000000000b7a0000)]
=>0x0000000008e7e800 JavaThread "C2 CompilerThread0" daemon [_thread_in_native, id=4920, stack(0x000000000b380000,0x000000000b480000)]
  0x0000000009f3e000 JavaThread "Attach Listener" daemon [_thread_blocked, id=3224, stack(0x000000000b550000,0x000000000b650000)]
  0x0000000009f3c000 JavaThread "Signal Dispatcher" daemon [_thread_blocked, id=5920, stack(0x000000000b270000,0x000000000b370000)]
  0x00000000024fc000 JavaThread "Finalizer" daemon [_thread_blocked, id=9804, stack(0x000000000ae60000,0x000000000af60000)]
  0x00000000024f5800 JavaThread "Reference Handler" daemon [_thread_blocked, id=9280, stack(0x000000000b150000,0x000000000b250000)]
  0x00000000000fe800 JavaThread "main" [_thread_in_vm, id=8612, stack(0x0000000002860000,0x0000000002960000)]

Other Threads:
  0x0000000008e6d000 VMThread [stack: 0x000000000b020000,0x000000000b120000] [id=8076]
  0x0000000008e8f800 WatcherThread [stack: 0x000000000ba70000,0x000000000bb70000] [id=7728]

VM state:not at safepoint (normal execution)

VM Mutex/Monitor currently owned by a thread: None

Heap
 PSYoungGen      total 38400K, used 9291K [0x00000000eaa80000, 0x00000000ef580000, 0x0000000100000000)
  eden space 33280K, 12% used [0x00000000eaa80000,0x00000000eae995f8,0x00000000ecb00000)
  from space 5120K, 99% used [0x00000000ecb00000,0x00000000ecff96b0,0x00000000ed000000)
  to   space 5120K, 0% used [0x00000000ef080000,0x00000000ef080000,0x00000000ef580000)
 ParOldGen       total 87040K, used 1503K [0x00000000c0000000, 0x00000000c5500000, 0x00000000eaa80000)
  object space 87040K, 1% used [0x00000000c0000000,0x00000000c0177eb0,0x00000000c5500000)
 PSPermGen       total 21504K, used 5935K [0x00000000bae00000, 0x00000000bc300000, 0x00000000c0000000)
  object space 21504K, 27% used [0x00000000bae00000,0x00000000bb3cbd48,0x00000000bc300000)

Card table byte_map: [0x0000000005960000,0x0000000005b90000] byte_map_base: 0x0000000005389000

Polling page: 0x0000000000140000

Code Cache  [0x0000000002960000, 0x0000000002bd0000, 0x0000000005960000)
 total_blobs=529 nmethods=290 adapters=191 free_code_cache=47944Kb largest_free_block=49049472

Compilation events (10 events):
Event: 3.460 Thread 0x0000000008e7e800  292             com.android.dx.rop.cst.CstBaseMethodRef::compareTo0 (29 bytes)
Event: 3.465 Thread 0x0000000008e8d800  293   !         com.android.dx.rop.code.RegisterSpecSet::get (18 bytes)
Event: 3.465 Thread 0x0000000008e8d800 nmethod 293 0x00000000029d3ed0 code [0x00000000029d4000, 0x00000000029d4098]
Event: 3.470 Thread 0x0000000008e7e800 nmethod 292 0x0000000002a70d50 code [0x0000000002a70f00, 0x0000000002a71658]
Event: 3.470 Thread 0x0000000008e8d800  294             java.util.HashMap$Entry::<init> (26 bytes)
Event: 3.470 Thread 0x0000000008e7e800  295             com.android.dx.dex.code.OutputFinisher::addConstants (93 bytes)
Event: 3.471 Thread 0x0000000008e8d800 nmethod 294 0x00000000029da950 code [0x00000000029daa80, 0x00000000029daaf8]
Event: 3.471 Thread 0x0000000008e8d800  296             java.util.HashMap::createEntry (39 bytes)
Event: 3.472 Thread 0x0000000008e8d800 nmethod 296 0x00000000029ef010 code [0x00000000029ef160, 0x00000000029ef2f8]
Event: 3.473 Thread 0x0000000008e8d800  297             java.util.HashSet::add (20 bytes)

GC Heap History (2 events):
Event: 1.955 GC heap before
{Heap before GC invocations=1 (full 0):
 PSYoungGen      total 38400K, used 33280K [0x00000000eaa80000, 0x00000000ed500000, 0x0000000100000000)
  eden space 33280K, 100% used [0x00000000eaa80000,0x00000000ecb00000,0x00000000ecb00000)
  from space 5120K, 0% used [0x00000000ed000000,0x00000000ed000000,0x00000000ed500000)
  to   space 5120K, 0% used [0x00000000ecb00000,0x00000000ecb00000,0x00000000ed000000)
 ParOldGen       total 87040K, used 0K [0x00000000c0000000, 0x00000000c5500000, 0x00000000eaa80000)
  object space 87040K, 0% used [0x00000000c0000000,0x00000000c0000000,0x00000000c5500000)
 PSPermGen       total 21504K, used 5891K [0x00000000bae00000, 0x00000000bc300000, 0x00000000c0000000)
  object space 21504K, 27% used [0x00000000bae00000,0x00000000bb3c0c80,0x00000000bc300000)
Event: 2.230 GC heap after
Heap after GC invocations=1 (full 0):
 PSYoungGen      total 38400K, used 5093K [0x00000000eaa80000, 0x00000000ef580000, 0x0000000100000000)
  eden space 33280K, 0% used [0x00000000eaa80000,0x00000000eaa80000,0x00000000ecb00000)
  from space 5120K, 99% used [0x00000000ecb00000,0x00000000ecff96b0,0x00000000ed000000)
  to   space 5120K, 0% used [0x00000000ef080000,0x00000000ef080000,0x00000000ef580000)
 ParOldGen       total 87040K, used 1503K [0x00000000c0000000, 0x00000000c5500000, 0x00000000eaa80000)
  object space 87040K, 1% used [0x00000000c0000000,0x00000000c0177eb0,0x00000000c5500000)
 PSPermGen       total 21504K, used 5891K [0x00000000bae00000, 0x00000000bc300000, 0x00000000c0000000)
  object space 21504K, 27% used [0x00000000bae00000,0x00000000bb3c0c80,0x00000000bc300000)
}

Deoptimization events (10 events):
Event: 1.709 Thread 0x000000000a148000 Uncommon trap: reason=unstable_if action=reinterpret pc=0x0000000002a39c40 method=com.android.dx.ssa.SsaBasicBlock.newFromRop(Lcom/android/dx/rop/code/RopMethod;ILcom/android/dx/ssa/SsaMethod;)Lcom/android/dx/ssa/SsaBasicBlock; @ 164
Event: 2.576 Thread 0x000000000a04f800 Uncommon trap: reason=bimorphic action=maybe_recompile pc=0x0000000002a8ac78 method=com.android.dx.cf.code.BytecodeArray.parseInstruction(ILcom/android/dx/cf/code/BytecodeArray$Visitor;)I @ 971
Event: 2.576 Thread 0x000000000a04f800 Uncommon trap: reason=bimorphic action=maybe_recompile pc=0x0000000002a8ad70 method=com.android.dx.cf.code.BytecodeArray.parseInstruction(ILcom/android/dx/cf/code/BytecodeArray$Visitor;)I @ 1035
Event: 2.576 Thread 0x000000000a04f800 Uncommon trap: reason=bimorphic action=maybe_recompile pc=0x0000000002a8aaf8 method=com.android.dx.cf.code.BytecodeArray.parseInstruction(ILcom/android/dx/cf/code/BytecodeArray$Visitor;)I @ 923
Event: 2.576 Thread 0x000000000a04f800 Uncommon trap: reason=bimorphic action=maybe_recompile pc=0x0000000002a8ade8 method=com.android.dx.cf.code.BytecodeArray.parseInstruction(ILcom/android/dx/cf/code/BytecodeArray$Visitor;)I @ 1051
Event: 2.576 Thread 0x000000000a04f800 Uncommon trap: reason=bimorphic action=maybe_recompile pc=0x0000000002a8ab78 method=com.android.dx.cf.code.BytecodeArray.parseInstruction(ILcom/android/dx/cf/code/BytecodeArray$Visitor;)I @ 939
Event: 2.576 Thread 0x000000000a04f800 Uncommon trap: reason=bimorphic action=maybe_recompile pc=0x0000000002a8ade8 method=com.android.dx.cf.code.BytecodeArray.parseInstruction(ILcom/android/dx/cf/code/BytecodeArray$Visitor;)I @ 1051
Event: 2.577 Thread 0x000000000a04f800 Uncommon trap: reason=class_check action=maybe_recompile pc=0x0000000002a7a478 method=com.android.dx.cf.code.Ropper.processBlock(Lcom/android/dx/cf/code/ByteBlock;Lcom/android/dx/cf/code/Frame;[I)V @ 777
Event: 2.947 Thread 0x000000000a148000 Uncommon trap: reason=unstable_if action=reinterpret pc=0x0000000002a1c508 method=com.android.dx.cf.code.LocalVariableList.pcAndIndexToLocal(II)Lcom/android/dx/cf/code/LocalVariableList$Item; @ 11
Event: 3.468 Thread 0x00000000000fe800 Uncommon trap: reason=unstable_if action=reinterpret pc=0x0000000002a1d890 method=java.util.HashMap.put(Ljava/lang/Object;Ljava/lang/Object;)Ljava/lang/Object; @ 86

Internal exceptions (10 events):
Event: 0.657 Thread 0x000000000a051000 Implicit null exception at 0x00000000029d9c48 to 0x00000000029da3a5
Event: 0.694 Thread 0x000000000a0c5800 Threw 0x00000000eb68d908 at C:\re\jdk7u80\2329\hotspot\src\share\vm\prims\jvm.cpp:1319
Event: 0.826 Thread 0x000000000a051000 Threw 0x00000000eb826928 at C:\re\jdk7u80\2329\hotspot\src\share\vm\prims\jvm.cpp:1319
Event: 0.854 Thread 0x000000000a148000 Threw 0x00000000eb2f3e60 at C:\re\jdk7u80\2329\hotspot\src\share\vm\prims\jvm.cpp:1319
Event: 0.855 Thread 0x000000000a148000 Threw 0x00000000eb9beb80 at C:\re\jdk7u80\2329\hotspot\src\share\vm\prims\jvm.cpp:1319
Event: 0.856 Thread 0x000000000a148000 Threw 0x00000000eb9c3fa8 at C:\re\jdk7u80\2329\hotspot\src\share\vm\prims\jvm.cpp:1319
Event: 1.002 Thread 0x000000000a051000 Threw 0x00000000ebba8400 at C:\re\jdk7u80\2329\hotspot\src\share\vm\prims\jvm.cpp:1319
Event: 1.555 Thread 0x000000000a04f800 Implicit null exception at 0x00000000029e99d2 to 0x00000000029e9ac2
Event: 3.457 Thread 0x00000000000fe800 Threw 0x00000000eae396d8 at C:\re\jdk7u80\2329\hotspot\src\share\vm\prims\jvm.cpp:1319
Event: 3.468 Thread 0x00000000000fe800 Threw 0x00000000eae47768 at C:\re\jdk7u80\2329\hotspot\src\share\vm\prims\jvm.cpp:1319

Events (10 events):
Event: 3.456 loading class 0x0000000008cce9c0
Event: 3.456 loading class 0x0000000008cce9c0 done
Event: 3.457 loading class 0x000000000a053ac0
Event: 3.457 loading class 0x000000000a053ac0 done
Event: 3.465 Thread 0x0000000008e8d800 flushing nmethod 0x00000000029eec50
Event: 3.468 Thread 0x00000000000fe800 Uncommon trap: trap_request=0xffffff75 fr.pc=0x0000000002a1d890
Event: 3.468 Thread 0x00000000000fe800 DEOPT PACKING pc=0x0000000002a1d890 sp=0x000000000295ef30
Event: 3.468 Thread 0x00000000000fe800 DEOPT UNPACKING pc=0x0000000002999064 sp=0x000000000295eee0 mode 2
Event: 3.468 loading class 0x000000000a195540
Event: 3.468 loading class 0x000000000a195540 done


Dynamic libraries:
0x000000013ff90000 - 0x000000013ffc3000 	D:\java\jdk1.7.0_80\bin\java.exe
0x0000000077250000 - 0x00000000773fa000 	C:\Windows\SYSTEM32\ntdll.dll
0x0000000077130000 - 0x000000007724f000 	C:\Windows\system32\kernel32.dll
0x000007fefd2e0000 - 0x000007fefd34b000 	C:\Windows\system32\KERNELBASE.dll
0x000007fefda80000 - 0x000007fefdb5b000 	C:\Windows\system32\ADVAPI32.dll
0x000007fefdf90000 - 0x000007fefe02f000 	C:\Windows\system32\msvcrt.dll
0x000007fefdb60000 - 0x000007fefdb7f000 	C:\Windows\SYSTEM32\sechost.dll
0x000007fefd560000 - 0x000007fefd68d000 	C:\Windows\system32\RPCRT4.dll
0x0000000077030000 - 0x000000007712a000 	C:\Windows\system32\USER32.dll
0x000007fefda10000 - 0x000007fefda77000 	C:\Windows\system32\GDI32.dll
0x000007fefda00000 - 0x000007fefda0e000 	C:\Windows\system32\LPK.dll
0x000007fefe110000 - 0x000007fefe1da000 	C:\Windows\system32\USP10.dll
0x000007fefbd50000 - 0x000007fefbf44000 	C:\Windows\WinSxS\amd64_microsoft.windows.common-controls_6595b64144ccf1df_6.0.7601.18837_none_fa3b1e3d17594757\COMCTL32.dll
0x000007fefd980000 - 0x000007fefd9f1000 	C:\Windows\system32\SHLWAPI.dll
0x000007fefe490000 - 0x000007fefe4be000 	C:\Windows\system32\IMM32.DLL
0x000007fefd870000 - 0x000007fefd979000 	C:\Windows\system32\MSCTF.dll
0x0000000059970000 - 0x0000000059a42000 	D:\java\jdk1.7.0_80\jre\bin\msvcr100.dll
0x0000000058b80000 - 0x0000000059359000 	D:\java\jdk1.7.0_80\jre\bin\server\jvm.dll
0x000007fef4b30000 - 0x000007fef4b39000 	C:\Windows\system32\WSOCK32.dll
0x000007fefddb0000 - 0x000007fefddfd000 	C:\Windows\system32\WS2_32.dll
0x000007feff550000 - 0x000007feff558000 	C:\Windows\system32\NSI.dll
0x000007fef9f60000 - 0x000007fef9f9b000 	C:\Windows\system32\WINMM.dll
0x0000000077420000 - 0x0000000077427000 	C:\Windows\system32\PSAPI.DLL
0x000000005de50000 - 0x000000005de5f000 	D:\java\jdk1.7.0_80\jre\bin\verify.dll
0x000000005b300000 - 0x000000005b328000 	D:\java\jdk1.7.0_80\jre\bin\java.dll
0x000000005d3e0000 - 0x000000005d3f6000 	D:\java\jdk1.7.0_80\jre\bin\zip.dll
0x000000005b2e0000 - 0x000000005b2fa000 	D:\java\jdk1.7.0_80\jre\bin\net.dll
0x000007fefc980000 - 0x000007fefc9d5000 	C:\Windows\system32\mswsock.dll
0x000007fefc970000 - 0x000007fefc977000 	C:\Windows\System32\wship6.dll
0x000000005b2c0000 - 0x000000005b2d1000 	D:\java\jdk1.7.0_80\jre\bin\nio.dll

VM Arguments:
jvm_args: -Djava.awt.headless=true -Xmx1024M -Dfile.encoding=GBK -Duser.country=CN -Duser.language=zh -Duser.variant 
java_command: com.android.dx.command.Main --dex --num-threads=4 --output F:\AndroidStudioProjects\Thermal\app\build\intermediates\pre-dexed\debug\com.android.support-support-vector-drawable-23.2.1_e33bfd9b1b97e80166bf8f50ec3e954927a2a43a.jar F:\AndroidStudioProjects\Thermal\app\build\intermediates\exploded-aar\com.android.support\support-vector-drawable\23.2.1\jars\classes.jar
Launcher Type: SUN_STANDARD

Environment Variables:
JAVA_HOME=D:\java\jdk1.7.0_80
CLASSPATH=.;JAVA_HOME\lib;JAVA_HOME\lib\tools.jar
PATH=F:\AppData\Local\Android\sdk\platform-tools;E:\adt-bundle-windows-x86_64-20140702\sdk\platform-tools;E:\adt-bundle-windows-x86_64-20140702\sdk\sdk\tools;JAVA_HOME\bin;JAVA_HOME\jre\bin;C:\Program Files (x86)\AMD APP\bin\x86_64;C:\Program Files (x86)\AMD APP\bin\x86;C:\Windows\system32;C:\Windows;C:\Windows\System32\Wbem;C:\Windows\System32\WindowsPowerShell\v1.0\;C:\Program Files (x86)\AMD\ATI.ACE\Core-Static;C:\Program Files (x86)\Common Files\microsoft shared\TigerKin;C:\Program Files (x86)\Skype\Phone\;E:\Subversion\bin;C:\Program Files\TortoiseSVN\bin
USERNAME=Administrator
OS=Windows_NT
PROCESSOR_IDENTIFIER=AMD64 Family 21 Model 2 Stepping 0, AuthenticAMD



---------------  S Y S T E M  ---------------

OS: Windows 7 , 64 bit Build 7601 Service Pack 1

CPU:total 8 (8 cores per cpu, 1 threads per core) family 21 model 2 stepping 0, cmov, cx8, fxsr, mmx, sse, sse2, sse3, ssse3, sse4.1, sse4.2, popcnt, avx, aes, mmxext, 3dnowpref, lzcnt, sse4a, tsc, tscinvbit, tscinv

Memory: 4k page, physical 8354464k(602420k free), swap 10449780k(528900k free)

vm_info: Java HotSpot(TM) 64-Bit Server VM (24.80-b11) for windows-amd64 JRE (1.7.0_80-b15), built on Apr 10 2015 11:26:34 by "java_re" with unknown MS VC++:1600

time: Fri May 20 14:14:54 2016
elapsed time: 3 seconds

