#
# There is insufficient memory for the Java Runtime Environment to continue.
# Native memory allocation (malloc) failed to allocate 988816 bytes for Chunk::new
# Possible reasons:
#   The system is out of physical RAM or swap space
#   In 32 bit mode, the process size limit was hit
# Possible solutions:
#   Reduce memory load on the system
#   Increase physical memory or swap space
#   Check if swap backing store is full
#   Use 64 bit Java on a 64 bit OS
#   Decrease Java heap size (-Xmx/-Xms)
#   Decrease number of Java threads
#   Decrease Java thread stack sizes (-Xss)
#   Set larger code cache with -XX:ReservedCodeCacheSize=
# This output file may be truncated or incomplete.
#
#  Out of Memory Error (allocation.cpp:323), pid=6608, tid=9144
#
# JRE version: Java(TM) SE Runtime Environment (7.0_80-b15) (build 1.7.0_80-b15)
# Java VM: Java HotSpot(TM) 64-Bit Server VM (24.80-b11 mixed mode windows-amd64 compressed oops)
# Failed to write core dump. Minidumps are not enabled by default on client versions of Windows
#

---------------  T H R E A D  ---------------

Current thread (0x000000000a039000):  JavaThread "C2 CompilerThread1" daemon [_thread_in_native, id=9144, stack(0x000000000b970000,0x000000000ba70000)]

Stack: [0x000000000b970000,0x000000000ba70000]
[error occurred during error reporting (printing stack bounds), id 0xc0000005]


[error occurred during error reporting (printing native stack), id 0xc0000005]


Current CompileTask:
C2:   2200  235             com.android.dx.ssa.SCCP::simulateBlock (54 bytes)


---------------  P R O C E S S  ---------------

Java Threads: ( => current thread )
  0x000000000a2c0800 JavaThread "pool-1-thread-4" [_thread_blocked, id=6908, stack(0x000000000be50000,0x000000000bf50000)]
  0x000000000a2be000 JavaThread "pool-1-thread-3" [_thread_blocked, id=7596, stack(0x000000000b4b0000,0x000000000b5b0000)]
  0x000000000a20c800 JavaThread "pool-1-thread-2" [_thread_blocked, id=10308, stack(0x000000000c100000,0x000000000c200000)]
  0x000000000a20a800 JavaThread "pool-2-thread-1" [_thread_blocked, id=5388, stack(0x000000000bf50000,0x000000000c050000)]
  0x000000000a1ea800 JavaThread "pool-1-thread-1" [_thread_blocked, id=9992, stack(0x000000000ba80000,0x000000000bb80000)]
  0x000000000a03b800 JavaThread "Service Thread" daemon [_thread_blocked, id=8804, stack(0x000000000bb90000,0x000000000bc90000)]
=>0x000000000a039000 JavaThread "C2 CompilerThread1" daemon [_thread_in_native, id=9144, stack(0x000000000b970000,0x000000000ba70000)]
  0x0000000009094000 JavaThread "C2 CompilerThread0" daemon [_thread_in_native, id=9412, stack(0x000000000b700000,0x000000000b800000)]
  0x0000000009092800 JavaThread "Attach Listener" daemon [_thread_blocked, id=5928, stack(0x000000000b5d0000,0x000000000b6d0000)]
  0x000000000a035000 JavaThread "Signal Dispatcher" daemon [_thread_blocked, id=5696, stack(0x000000000b240000,0x000000000b340000)]
  0x00000000026f6000 JavaThread "Finalizer" daemon [_thread_blocked, id=9076, stack(0x000000000b3a0000,0x000000000b4a0000)]
  0x00000000026f5800 JavaThread "Reference Handler" daemon [_thread_blocked, id=9104, stack(0x000000000af80000,0x000000000b080000)]
  0x00000000025fe800 JavaThread "main" [_thread_blocked, id=1776, stack(0x0000000002840000,0x0000000002940000)]

Other Threads:
  0x000000000907d000 VMThread [stack: 0x000000000b0c0000,0x000000000b1c0000] [id=5460]
  0x000000000a040000 WatcherThread [stack: 0x000000000bcf0000,0x000000000bdf0000] [id=11140]

VM state:not at safepoint (normal execution)

VM Mutex/Monitor currently owned by a thread: None

Heap
 PSYoungGen      total 38400K, used 12912K [0x00000000eaa80000, 0x00000000ef580000, 0x0000000100000000)
  eden space 33280K, 23% used [0x00000000eaa80000,0x00000000eb2225f8,0x00000000ecb00000)
  from space 5120K, 99% used [0x00000000ecb00000,0x00000000ecff9d28,0x00000000ed000000)
  to   space 5120K, 0% used [0x00000000ef080000,0x00000000ef080000,0x00000000ef580000)
 ParOldGen       total 87040K, used 1481K [0x00000000c0000000, 0x00000000c5500000, 0x00000000eaa80000)
  object space 87040K, 1% used [0x00000000c0000000,0x00000000c0172418,0x00000000c5500000)
 PSPermGen       total 21504K, used 5859K [0x00000000bae00000, 0x00000000bc300000, 0x00000000c0000000)
  object space 21504K, 27% used [0x00000000bae00000,0x00000000bb3b8f60,0x00000000bc300000)

Card table byte_map: [0x0000000005940000,0x0000000005b70000] byte_map_base: 0x0000000005369000

Polling page: 0x0000000000230000

Code Cache  [0x0000000002940000, 0x0000000002bb0000, 0x0000000005940000)
 total_blobs=472 nmethods=234 adapters=191 free_code_cache=48287Kb largest_free_block=49409920

Compilation events (10 events):
Event: 2.083 Thread 0x000000000a039000 nmethod 230 0x0000000002a12f10 code [0x0000000002a13060, 0x0000000002a13158]
Event: 2.083 Thread 0x000000000a039000  231             com.android.dx.rop.code.LocalVariableExtractor::processBlock (327 bytes)
Event: 2.130 Thread 0x000000000a039000 nmethod 231 0x0000000002a1d010 code [0x0000000002a1d2e0, 0x0000000002a1e848]
Event: 2.130 Thread 0x000000000a039000  232             com.android.dx.rop.code.Rop::isCallLike (5 bytes)
Event: 2.130 Thread 0x000000000a039000 nmethod 232 0x0000000002a12c90 code [0x0000000002a12dc0, 0x0000000002a12e18]
Event: 2.130 Thread 0x000000000a039000  233             java.util.HashSet::contains (9 bytes)
Event: 2.131 Thread 0x000000000a039000 nmethod 233 0x0000000002a10850 code [0x0000000002a109a0, 0x0000000002a10a28]
Event: 2.131 Thread 0x000000000a039000  234             com.android.dx.rop.code.BasicBlockList::forEachInsn (39 bytes)
Event: 2.134 Thread 0x000000000a039000 nmethod 234 0x0000000002a121d0 code [0x0000000002a12320, 0x0000000002a125b8]
Event: 2.134 Thread 0x000000000a039000  235             com.android.dx.ssa.SCCP::simulateBlock (54 bytes)

GC Heap History (2 events):
Event: 1.861 GC heap before
{Heap before GC invocations=1 (full 0):
 PSYoungGen      total 38400K, used 33280K [0x00000000eaa80000, 0x00000000ed500000, 0x0000000100000000)
  eden space 33280K, 100% used [0x00000000eaa80000,0x00000000ecb00000,0x00000000ecb00000)
  from space 5120K, 0% used [0x00000000ed000000,0x00000000ed000000,0x00000000ed500000)
  to   space 5120K, 0% used [0x00000000ecb00000,0x00000000ecb00000,0x00000000ed000000)
 ParOldGen       total 87040K, used 0K [0x00000000c0000000, 0x00000000c5500000, 0x00000000eaa80000)
  object space 87040K, 0% used [0x00000000c0000000,0x00000000c0000000,0x00000000c5500000)
 PSPermGen       total 21504K, used 5841K [0x00000000bae00000, 0x00000000bc300000, 0x00000000c0000000)
  object space 21504K, 27% used [0x00000000bae00000,0x00000000bb3b4570,0x00000000bc300000)
Event: 1.959 GC heap after
Heap after GC invocations=1 (full 0):
 PSYoungGen      total 38400K, used 5095K [0x00000000eaa80000, 0x00000000ef580000, 0x0000000100000000)
  eden space 33280K, 0% used [0x00000000eaa80000,0x00000000eaa80000,0x00000000ecb00000)
  from space 5120K, 99% used [0x00000000ecb00000,0x00000000ecff9d28,0x00000000ed000000)
  to   space 5120K, 0% used [0x00000000ef080000,0x00000000ef080000,0x00000000ef580000)
 ParOldGen       total 87040K, used 1481K [0x00000000c0000000, 0x00000000c5500000, 0x00000000eaa80000)
  object space 87040K, 1% used [0x00000000c0000000,0x00000000c0172418,0x00000000c5500000)
 PSPermGen       total 21504K, used 5841K [0x00000000bae00000, 0x00000000bc300000, 0x00000000c0000000)
  object space 21504K, 27% used [0x00000000bae00000,0x00000000bb3b4570,0x00000000bc300000)
}

Deoptimization events (10 events):
Event: 0.799 Thread 0x000000000a2be000 Uncommon trap: reason=unstable_if action=reinterpret pc=0x00000000029b6a1c method=java.util.HashMap.getEntry(Ljava/lang/Object;)Ljava/util/HashMap$Entry; @ 71
Event: 0.804 Thread 0x000000000a2be000 Uncommon trap: reason=unstable_if action=reinterpret pc=0x00000000029b7b20 method=java.util.BitSet.nextSetBit(I)I @ 87
Event: 0.813 Thread 0x000000000a1ea800 Uncommon trap: reason=class_check action=maybe_recompile pc=0x00000000029b9474 method=com.android.dx.ssa.NormalSsaInsn.accept(Lcom/android/dx/ssa/SsaInsn$Visitor;)V @ 9
Event: 0.813 Thread 0x000000000a1ea800 Uncommon trap: reason=class_check action=maybe_recompile pc=0x00000000029b9474 method=com.android.dx.ssa.NormalSsaInsn.accept(Lcom/android/dx/ssa/SsaInsn$Visitor;)V @ 9
Event: 0.813 Thread 0x000000000a1ea800 Uncommon trap: reason=class_check action=maybe_recompile pc=0x00000000029b9474 method=com.android.dx.ssa.NormalSsaInsn.accept(Lcom/android/dx/ssa/SsaInsn$Visitor;)V @ 9
Event: 0.814 Thread 0x000000000a1ea800 Uncommon trap: reason=class_check action=maybe_recompile pc=0x00000000029b9474 method=com.android.dx.ssa.NormalSsaInsn.accept(Lcom/android/dx/ssa/SsaInsn$Visitor;)V @ 9
Event: 0.833 Thread 0x000000000a20c800 Uncommon trap: reason=null_check action=make_not_entrant pc=0x00000000029bb2f4 method=com.android.dx.rop.code.LocalItem.equals(Ljava/lang/Object;)Z @ 1
Event: 0.856 Thread 0x000000000a20c800 Uncommon trap: reason=null_check action=make_not_entrant pc=0x00000000029bfd90 method=com.android.dx.rop.code.LocalItem.equals(Ljava/lang/Object;)Z @ 1
Event: 1.747 Thread 0x000000000a1ea800 Uncommon trap: reason=null_check action=make_not_entrant pc=0x00000000029d7210 method=com.android.dx.rop.type.Type.equals(Ljava/lang/Object;)Z @ 8
Event: 1.960 Thread 0x000000000a2c0800 Uncommon trap: reason=null_check action=make_not_entrant pc=0x0000000002a03074 method=com.android.dx.ssa.SsaRenamer.getLocalForNewReg(I)Lcom/android/dx/rop/code/LocalItem; @ 19

Internal exceptions (10 events):
Event: 0.684 Thread 0x000000000a2be000 Threw 0x00000000eb50b1a8 at C:\re\jdk7u80\2329\hotspot\src\share\vm\prims\jvm.cpp:1319
Event: 0.689 Thread 0x00000000025fe800 Threw 0x00000000eb6e5d08 at C:\re\jdk7u80\2329\hotspot\src\share\vm\prims\jvm.cpp:1319
Event: 0.693 Thread 0x00000000025fe800 Threw 0x00000000eb6ee5a8 at C:\re\jdk7u80\2329\hotspot\src\share\vm\prims\jvm.cpp:1319
Event: 0.793 Thread 0x000000000a2be000 Threw 0x00000000eb589360 at C:\re\jdk7u80\2329\hotspot\src\share\vm\prims\jvm.cpp:1319
Event: 0.832 Thread 0x000000000a20c800 Implicit null exception at 0x00000000029baf9b to 0x00000000029bb2e1
Event: 0.856 Thread 0x000000000a20c800 Implicit null exception at 0x00000000029bf5d0 to 0x00000000029bfd75
Event: 1.534 Thread 0x00000000025fe800 Threw 0x00000000ec0a5b08 at C:\re\jdk7u80\2329\hotspot\src\share\vm\prims\jvm.cpp:1319
Event: 1.747 Thread 0x000000000a1ea800 Implicit null exception at 0x00000000029d7112 to 0x00000000029d7202
Event: 1.960 Thread 0x000000000a2c0800 Implicit null exception at 0x0000000002a01d0c to 0x0000000002a03045
Event: 1.971 Thread 0x00000000025fe800 Threw 0x00000000eac21660 at C:\re\jdk7u80\2329\hotspot\src\share\vm\prims\jvm.cpp:1319

Events (10 events):
Event: 1.747 Thread 0x000000000a1ea800 Uncommon trap: trap_request=0xfffffff4 fr.pc=0x00000000029d7210
Event: 1.747 Thread 0x000000000a1ea800 DEOPT PACKING pc=0x00000000029d7210 sp=0x000000000bb7e980
Event: 1.747 Thread 0x000000000a1ea800 DEOPT UNPACKING pc=0x0000000002979064 sp=0x000000000bb7e918 mode 2
Event: 1.832 Executing VM operation: ParallelGCFailedAllocation
Event: 1.959 Executing VM operation: ParallelGCFailedAllocation done
Event: 1.960 Thread 0x000000000a2c0800 Uncommon trap: trap_request=0xfffffff4 fr.pc=0x0000000002a03074
Event: 1.960 Thread 0x000000000a2c0800 DEOPT PACKING pc=0x0000000002a03074 sp=0x000000000bf4ea20
Event: 1.960 Thread 0x000000000a2c0800 DEOPT UNPACKING pc=0x0000000002979064 sp=0x000000000bf4e7b8 mode 2
Event: 1.971 loading class 0x000000000a0b28f0
Event: 1.971 loading class 0x000000000a0b28f0 done


Dynamic libraries:
0x000000013f570000 - 0x000000013f5a3000 	D:\java\jdk1.7.0_80\bin\java.exe
0x00000000774b0000 - 0x000000007765a000 	C:\Windows\SYSTEM32\ntdll.dll
0x0000000077290000 - 0x00000000773af000 	C:\Windows\system32\kernel32.dll
0x000007fefd460000 - 0x000007fefd4cb000 	C:\Windows\system32\KERNELBASE.dll
0x000007fefeca0000 - 0x000007fefed7b000 	C:\Windows\system32\ADVAPI32.dll
0x000007fefee50000 - 0x000007fefeeef000 	C:\Windows\system32\msvcrt.dll
0x000007fefde70000 - 0x000007fefde8f000 	C:\Windows\SYSTEM32\sechost.dll
0x000007feff5c0000 - 0x000007feff6ed000 	C:\Windows\system32\RPCRT4.dll
0x00000000773b0000 - 0x00000000774aa000 	C:\Windows\system32\USER32.dll
0x000007fefec30000 - 0x000007fefec97000 	C:\Windows\system32\GDI32.dll
0x000007fefec20000 - 0x000007fefec2e000 	C:\Windows\system32\LPK.dll
0x000007feff4f0000 - 0x000007feff5ba000 	C:\Windows\system32\USP10.dll
0x000007fefbfb0000 - 0x000007fefc1a4000 	C:\Windows\WinSxS\amd64_microsoft.windows.common-controls_6595b64144ccf1df_6.0.7601.18837_none_fa3b1e3d17594757\COMCTL32.dll
0x000007feff6f0000 - 0x000007feff761000 	C:\Windows\system32\SHLWAPI.dll
0x000007fefed80000 - 0x000007fefedae000 	C:\Windows\system32\IMM32.DLL
0x000007fefef10000 - 0x000007feff019000 	C:\Windows\system32\MSCTF.dll
0x0000000062840000 - 0x0000000062912000 	D:\java\jdk1.7.0_80\jre\bin\msvcr100.dll
0x0000000062d20000 - 0x00000000634f9000 	D:\java\jdk1.7.0_80\jre\bin\server\jvm.dll
0x000007fef37a0000 - 0x000007fef37a9000 	C:\Windows\system32\WSOCK32.dll
0x000007feff770000 - 0x000007feff7bd000 	C:\Windows\system32\WS2_32.dll
0x000007fefd840000 - 0x000007fefd848000 	C:\Windows\system32\NSI.dll
0x000007fef9e60000 - 0x000007fef9e9b000 	C:\Windows\system32\WINMM.dll
0x0000000077670000 - 0x0000000077677000 	C:\Windows\system32\PSAPI.DLL
0x0000000071ac0000 - 0x0000000071acf000 	D:\java\jdk1.7.0_80\jre\bin\verify.dll
0x000000006b8a0000 - 0x000000006b8c8000 	D:\java\jdk1.7.0_80\jre\bin\java.dll
0x00000000710f0000 - 0x0000000071106000 	D:\java\jdk1.7.0_80\jre\bin\zip.dll
0x0000000070dc0000 - 0x0000000070dda000 	D:\java\jdk1.7.0_80\jre\bin\net.dll
0x000007fefcc20000 - 0x000007fefcc75000 	C:\Windows\system32\mswsock.dll
0x000007fefcc10000 - 0x000007fefcc17000 	C:\Windows\System32\wship6.dll
0x00000000707b0000 - 0x00000000707c1000 	D:\java\jdk1.7.0_80\jre\bin\nio.dll

VM Arguments:
jvm_args: -Xmx1024M -Dfile.encoding=GBK -Duser.country=CN -Duser.language=zh -Duser.variant 
java_command: com.android.dx.command.Main --dex --num-threads=4 --output F:\AndroidStudioProjects\Thermal\app\build\intermediates\pre-dexed\debug\universal-image-loader-1.8.6-with-sources-78d1958ae39501ec388e0d8e4623485ce510b3d1.jar F:\AndroidStudioProjects\Thermal\app\libs\universal-image-loader-1.8.6-with-sources.jar
Launcher Type: SUN_STANDARD

Environment Variables:
JAVA_HOME=D:\java\jdk1.7.0_80
CLASSPATH=.;JAVA_HOME\lib;JAVA_HOME\lib\tools.jar
PATH=F:\AppData\Local\Android\sdk\platform-tools;E:\adt-bundle-windows-x86_64-20140702\sdk\platform-tools;E:\adt-bundle-windows-x86_64-20140702\sdk\sdk\tools;JAVA_HOME\bin;JAVA_HOME\jre\bin;C:\Program Files (x86)\AMD APP\bin\x86_64;C:\Program Files (x86)\AMD APP\bin\x86;C:\Windows\system32;C:\Windows;C:\Windows\System32\Wbem;C:\Windows\System32\WindowsPowerShell\v1.0\;C:\Program Files (x86)\AMD\ATI.ACE\Core-Static;C:\Program Files (x86)\Common Files\microsoft shared\TigerKin;C:\Program Files (x86)\Skype\Phone\;E:\Subversion\bin;C:\Program Files\TortoiseSVN\bin
USERNAME=Administrator
OS=Windows_NT
PROCESSOR_IDENTIFIER=AMD64 Family 21 Model 2 Stepping 0, AuthenticAMD



---------------  S Y S T E M  ---------------

OS: Windows 7 , 64 bit Build 7601 Service Pack 1

CPU:total 8 (8 cores per cpu, 1 threads per core) family 21 model 2 stepping 0, cmov, cx8, fxsr, mmx, sse, sse2, sse3, ssse3, sse4.1, sse4.2, popcnt, avx, aes, mmxext, 3dnowpref, lzcnt, sse4a, tsc, tscinvbit, tscinv

Memory: 4k page, physical 8354464k(1033716k free), swap 10449780k(9536k free)

vm_info: Java HotSpot(TM) 64-Bit Server VM (24.80-b11) for windows-amd64 JRE (1.7.0_80-b15), built on Apr 10 2015 11:26:34 by "java_re" with unknown MS VC++:1600

time: Tue May 24 16:45:50 2016
elapsed time: 2 seconds

