#
# There is insufficient memory for the Java Runtime Environment to continue.
# Native memory allocation (malloc) failed to allocate 450016 bytes for Chunk::new
# Possible reasons:
#   The system is out of physical RAM or swap space
#   In 32 bit mode, the process size limit was hit
# Possible solutions:
#   Reduce memory load on the system
#   Increase physical memory or swap space
#   Check if swap backing store is full
#   Use 64 bit Java on a 64 bit OS
#   Decrease Java heap size (-Xmx/-Xms)
#   Decrease number of Java threads
#   Decrease Java thread stack sizes (-Xss)
#   Set larger code cache with -XX:ReservedCodeCacheSize=
# This output file may be truncated or incomplete.
#
#  Out of Memory Error (allocation.cpp:323), pid=11032, tid=5716
#
# JRE version: Java(TM) SE Runtime Environment (7.0_80-b15) (build 1.7.0_80-b15)
# Java VM: Java HotSpot(TM) 64-Bit Server VM (24.80-b11 mixed mode windows-amd64 compressed oops)
# Failed to write core dump. Minidumps are not enabled by default on client versions of Windows
#

---------------  T H R E A D  ---------------

Current thread (0x00000000090e0000):  JavaThread "C2 CompilerThread0" daemon [_thread_in_native, id=5716, stack(0x000000000b8c0000,0x000000000b9c0000)]

Stack: [0x000000000b8c0000,0x000000000b9c0000]
[error occurred during error reporting (printing stack bounds), id 0xc0000005]


[error occurred during error reporting (printing native stack), id 0xc0000005]


Current CompileTask:
C2:   1239  138             com.android.dx.ssa.SsaConverter::placePhiFunctions (394 bytes)


---------------  P R O C E S S  ---------------

Java Threads: ( => current thread )
  0x000000000a1d8000 JavaThread "pool-1-thread-4" [_thread_blocked, id=8648, stack(0x000000000c2d0000,0x000000000c3d0000)]
  0x000000000a1d7000 JavaThread "pool-1-thread-3" [_thread_in_Java, id=5696, stack(0x000000000ba20000,0x000000000bb20000)]
  0x000000000a2a1000 JavaThread "pool-1-thread-2" [_thread_blocked, id=4272, stack(0x000000000c030000,0x000000000c130000)]
  0x000000000a2a0800 JavaThread "pool-2-thread-1" [_thread_blocked, id=11056, stack(0x000000000bed0000,0x000000000bfd0000)]
  0x000000000a29f800 JavaThread "pool-1-thread-1" [_thread_blocked, id=756, stack(0x000000000bcc0000,0x000000000bdc0000)]
  0x000000000a08b800 JavaThread "Service Thread" daemon [_thread_blocked, id=8460, stack(0x000000000bb60000,0x000000000bc60000)]
  0x00000000090e4000 JavaThread "C2 CompilerThread1" daemon [_thread_in_native, id=6068, stack(0x000000000b7b0000,0x000000000b8b0000)]
=>0x00000000090e0000 JavaThread "C2 CompilerThread0" daemon [_thread_in_native, id=5716, stack(0x000000000b8c0000,0x000000000b9c0000)]
  0x00000000090df000 JavaThread "Attach Listener" daemon [_thread_blocked, id=5568, stack(0x000000000b6a0000,0x000000000b7a0000)]
  0x000000000a085000 JavaThread "Signal Dispatcher" daemon [_thread_blocked, id=10644, stack(0x000000000b580000,0x000000000b680000)]
  0x00000000026dc000 JavaThread "Finalizer" daemon [_thread_blocked, id=6336, stack(0x000000000b470000,0x000000000b570000)]
  0x00000000026d5000 JavaThread "Reference Handler" daemon [_thread_blocked, id=5244, stack(0x000000000b240000,0x000000000b340000)]
  0x00000000025de800 JavaThread "main" [_thread_blocked, id=4972, stack(0x00000000028e0000,0x00000000029e0000)]

Other Threads:
  0x00000000090cd800 VMThread [stack: 0x000000000b040000,0x000000000b140000] [id=5640]
  0x000000000a0a7800 WatcherThread [stack: 0x000000000b360000,0x000000000b460000] [id=10032]

VM state:not at safepoint (normal execution)

VM Mutex/Monitor currently owned by a thread: None

Heap
 PSYoungGen      total 38400K, used 18956K [0x00000000eaa80000, 0x00000000ed500000, 0x0000000100000000)
  eden space 33280K, 56% used [0x00000000eaa80000,0x00000000ebd032b8,0x00000000ecb00000)
  from space 5120K, 0% used [0x00000000ed000000,0x00000000ed000000,0x00000000ed500000)
  to   space 5120K, 0% used [0x00000000ecb00000,0x00000000ecb00000,0x00000000ed000000)
 ParOldGen       total 87040K, used 0K [0x00000000c0000000, 0x00000000c5500000, 0x00000000eaa80000)
  object space 87040K, 0% used [0x00000000c0000000,0x00000000c0000000,0x00000000c5500000)
 PSPermGen       total 21504K, used 5729K [0x00000000bae00000, 0x00000000bc300000, 0x00000000c0000000)
  object space 21504K, 26% used [0x00000000bae00000,0x00000000bb398518,0x00000000bc300000)

Card table byte_map: [0x00000000059e0000,0x0000000005c10000] byte_map_base: 0x0000000005409000

Polling page: 0x0000000000130000

Code Cache  [0x00000000029e0000, 0x0000000002c50000, 0x00000000059e0000)
 total_blobs=374 nmethods=137 adapters=190 free_code_cache=48577Kb largest_free_block=49716864

Compilation events (10 events):
Event: 1.213 Thread 0x00000000090e4000  135             java.util.Collections$UnmodifiableCollection$1::hasNext (10 bytes)
Event: 1.214 Thread 0x00000000090e4000 nmethod 135 0x0000000002a746d0 code [0x0000000002a74820, 0x0000000002a748d8]
Event: 1.219 Thread 0x00000000090e0000  136             com.android.dx.ssa.SsaInsn::getBlock (5 bytes)
Event: 1.219 Thread 0x00000000090e0000 nmethod 136 0x0000000002a744d0 code [0x0000000002a74600, 0x0000000002a74658]
Event: 1.220 Thread 0x00000000090e4000  137             com.android.dx.rop.code.Insn::getPosition (5 bytes)
Event: 1.220 Thread 0x00000000090e4000 nmethod 137 0x0000000002a742d0 code [0x0000000002a74400, 0x0000000002a74458]
Event: 1.228 Thread 0x00000000090e0000  138             com.android.dx.ssa.SsaConverter::placePhiFunctions (394 bytes)
Event: 1.231 Thread 0x00000000090e4000  139             com.android.dx.rop.code.RegisterSpec::makeLocalOptional (7 bytes)
Event: 1.232 Thread 0x00000000090e4000 nmethod 139 0x0000000002a74090 code [0x0000000002a741e0, 0x0000000002a74248]
Event: 1.237 Thread 0x00000000090e4000  140             java.util.BitSet::or (105 bytes)

GC Heap History (0 events):
No events

Deoptimization events (1 events):
Event: 0.382 Thread 0x00000000025de800 Uncommon trap: reason=unstable_if action=reinterpret pc=0x0000000002a40dc4 method=java.lang.String.indexOf(II)I @ 49

Internal exceptions (10 events):
Event: 0.761 Thread 0x000000000a1d8000 Threw 0x00000000eb6078c0 at C:\re\jdk7u80\2329\hotspot\src\share\vm\prims\jvm.cpp:1319
Event: 0.762 Thread 0x000000000a1d8000 Threw 0x00000000eb60bbd0 at C:\re\jdk7u80\2329\hotspot\src\share\vm\prims\jvm.cpp:1319
Event: 0.762 Thread 0x000000000a1d8000 Threw 0x00000000eb611248 at C:\re\jdk7u80\2329\hotspot\src\share\vm\prims\jvm.cpp:1319
Event: 0.763 Thread 0x000000000a1d8000 Threw 0x00000000eb619938 at C:\re\jdk7u80\2329\hotspot\src\share\vm\prims\jvm.cpp:1319
Event: 0.764 Thread 0x000000000a1d7000 Threw 0x00000000eb500798 at C:\re\jdk7u80\2329\hotspot\src\share\vm\prims\jvm.cpp:1319
Event: 0.765 Thread 0x000000000a1d7000 Threw 0x00000000eb5033c8 at C:\re\jdk7u80\2329\hotspot\src\share\vm\prims\jvm.cpp:1319
Event: 0.779 Thread 0x000000000a29f800 Threw 0x00000000eb2666e0 at C:\re\jdk7u80\2329\hotspot\src\share\vm\prims\jvm.cpp:1319
Event: 0.800 Thread 0x000000000a2a1000 Threw 0x00000000eb09d960 at C:\re\jdk7u80\2329\hotspot\src\share\vm\prims\jvm.cpp:1319
Event: 0.880 Thread 0x000000000a2a1000 Threw 0x00000000eb81d538 at C:\re\jdk7u80\2329\hotspot\src\share\vm\prims\jvm.cpp:1319
Event: 0.965 Thread 0x000000000a1d7000 Threw 0x00000000eb970818 at C:\re\jdk7u80\2329\hotspot\src\share\vm\prims\jvm.cpp:1319

Events (10 events):
Event: 0.800 loading class 0x000000000a212000
Event: 0.800 loading class 0x000000000a212000 done
Event: 0.837 loading class 0x0000000008f27fe0
Event: 0.837 loading class 0x0000000008f27fe0 done
Event: 0.880 loading class 0x000000000a262550
Event: 0.880 loading class 0x000000000a262550 done
Event: 0.936 loading class 0x0000000008f1f5b0
Event: 0.936 loading class 0x0000000008f1f5b0 done
Event: 0.965 loading class 0x000000000a306540
Event: 0.965 loading class 0x000000000a306540 done


Dynamic libraries:
0x000000013f570000 - 0x000000013f5a3000 	D:\java\jdk1.7.0_80\bin\java.exe
0x00000000774b0000 - 0x000000007765a000 	C:\Windows\SYSTEM32\ntdll.dll
0x0000000077290000 - 0x00000000773af000 	C:\Windows\system32\kernel32.dll
0x000007fefd460000 - 0x000007fefd4cb000 	C:\Windows\system32\KERNELBASE.dll
0x000007fefeca0000 - 0x000007fefed7b000 	C:\Windows\system32\ADVAPI32.dll
0x000007fefee50000 - 0x000007fefeeef000 	C:\Windows\system32\msvcrt.dll
0x000007fefde70000 - 0x000007fefde8f000 	C:\Windows\SYSTEM32\sechost.dll
0x000007feff5c0000 - 0x000007feff6ed000 	C:\Windows\system32\RPCRT4.dll
0x00000000773b0000 - 0x00000000774aa000 	C:\Windows\system32\USER32.dll
0x000007fefec30000 - 0x000007fefec97000 	C:\Windows\system32\GDI32.dll
0x000007fefec20000 - 0x000007fefec2e000 	C:\Windows\system32\LPK.dll
0x000007feff4f0000 - 0x000007feff5ba000 	C:\Windows\system32\USP10.dll
0x000007fefbfb0000 - 0x000007fefc1a4000 	C:\Windows\WinSxS\amd64_microsoft.windows.common-controls_6595b64144ccf1df_6.0.7601.18837_none_fa3b1e3d17594757\COMCTL32.dll
0x000007feff6f0000 - 0x000007feff761000 	C:\Windows\system32\SHLWAPI.dll
0x000007fefed80000 - 0x000007fefedae000 	C:\Windows\system32\IMM32.DLL
0x000007fefef10000 - 0x000007feff019000 	C:\Windows\system32\MSCTF.dll
0x0000000062840000 - 0x0000000062912000 	D:\java\jdk1.7.0_80\jre\bin\msvcr100.dll
0x0000000062d20000 - 0x00000000634f9000 	D:\java\jdk1.7.0_80\jre\bin\server\jvm.dll
0x000007fef37a0000 - 0x000007fef37a9000 	C:\Windows\system32\WSOCK32.dll
0x000007feff770000 - 0x000007feff7bd000 	C:\Windows\system32\WS2_32.dll
0x000007fefd840000 - 0x000007fefd848000 	C:\Windows\system32\NSI.dll
0x000007fef9e60000 - 0x000007fef9e9b000 	C:\Windows\system32\WINMM.dll
0x0000000077670000 - 0x0000000077677000 	C:\Windows\system32\PSAPI.DLL
0x0000000071ac0000 - 0x0000000071acf000 	D:\java\jdk1.7.0_80\jre\bin\verify.dll
0x000000006b8a0000 - 0x000000006b8c8000 	D:\java\jdk1.7.0_80\jre\bin\java.dll
0x00000000710f0000 - 0x0000000071106000 	D:\java\jdk1.7.0_80\jre\bin\zip.dll
0x0000000070dc0000 - 0x0000000070dda000 	D:\java\jdk1.7.0_80\jre\bin\net.dll
0x000007fefcc20000 - 0x000007fefcc75000 	C:\Windows\system32\mswsock.dll
0x000007fefcc10000 - 0x000007fefcc17000 	C:\Windows\System32\wship6.dll
0x00000000707b0000 - 0x00000000707c1000 	D:\java\jdk1.7.0_80\jre\bin\nio.dll

VM Arguments:
jvm_args: -Xmx1024M -Dfile.encoding=GBK -Duser.country=CN -Duser.language=zh -Duser.variant 
java_command: com.android.dx.command.Main --dex --num-threads=4 --output F:\AndroidStudioProjects\Thermal\app\build\intermediates\pre-dexed\debug\bmob-sms-1.0.1-fd6935ceb54cf592ebad4b7dcdee32afabd9137c.jar C:\Users\Administrator\.gradle\caches\modules-2\files-2.1\cn.bmob.android\bmob-sms\1.0.1\df9db564e2842696a68deca39b0186aebf3dc07c\bmob-sms-1.0.1.jar
Launcher Type: SUN_STANDARD

Environment Variables:
JAVA_HOME=D:\java\jdk1.7.0_80
CLASSPATH=.;JAVA_HOME\lib;JAVA_HOME\lib\tools.jar
PATH=F:\AppData\Local\Android\sdk\platform-tools;E:\adt-bundle-windows-x86_64-20140702\sdk\platform-tools;E:\adt-bundle-windows-x86_64-20140702\sdk\sdk\tools;JAVA_HOME\bin;JAVA_HOME\jre\bin;C:\Program Files (x86)\AMD APP\bin\x86_64;C:\Program Files (x86)\AMD APP\bin\x86;C:\Windows\system32;C:\Windows;C:\Windows\System32\Wbem;C:\Windows\System32\WindowsPowerShell\v1.0\;C:\Program Files (x86)\AMD\ATI.ACE\Core-Static;C:\Program Files (x86)\Common Files\microsoft shared\TigerKin;C:\Program Files (x86)\Skype\Phone\;E:\Subversion\bin;C:\Program Files\TortoiseSVN\bin
USERNAME=Administrator
OS=Windows_NT
PROCESSOR_IDENTIFIER=AMD64 Family 21 Model 2 Stepping 0, AuthenticAMD



---------------  S Y S T E M  ---------------

OS: Windows 7 , 64 bit Build 7601 Service Pack 1

CPU:total 8 (8 cores per cpu, 1 threads per core) family 21 model 2 stepping 0, cmov, cx8, fxsr, mmx, sse, sse2, sse3, ssse3, sse4.1, sse4.2, popcnt, avx, aes, mmxext, 3dnowpref, lzcnt, sse4a, tsc, tscinvbit, tscinv

Memory: 4k page, physical 8354464k(1151976k free), swap 10449780k(5336k free)

vm_info: Java HotSpot(TM) 64-Bit Server VM (24.80-b11) for windows-amd64 JRE (1.7.0_80-b15), built on Apr 10 2015 11:26:34 by "java_re" with unknown MS VC++:1600

time: Tue May 24 16:42:42 2016
elapsed time: 1 seconds

