#
# There is insufficient memory for the Java Runtime Environment to continue.
# Native memory allocation (malloc) failed to allocate 308336 bytes for Chunk::new
# Possible reasons:
#   The system is out of physical RAM or swap space
#   In 32 bit mode, the process size limit was hit
# Possible solutions:
#   Reduce memory load on the system
#   Increase physical memory or swap space
#   Check if swap backing store is full
#   Use 64 bit Java on a 64 bit OS
#   Decrease Java heap size (-Xmx/-Xms)
#   Decrease number of Java threads
#   Decrease Java thread stack sizes (-Xss)
#   Set larger code cache with -XX:ReservedCodeCacheSize=
# This output file may be truncated or incomplete.
#
#  Out of Memory Error (allocation.cpp:323), pid=3008, tid=3836
#
# JRE version: Java(TM) SE Runtime Environment (7.0_80-b15) (build 1.7.0_80-b15)
# Java VM: Java HotSpot(TM) 64-Bit Server VM (24.80-b11 mixed mode windows-amd64 compressed oops)
# Failed to write core dump. Minidumps are not enabled by default on client versions of Windows
#

---------------  T H R E A D  ---------------

Current thread (0x0000000009e5c800):  JavaThread "C2 CompilerThread1" daemon [_thread_in_native, id=3836, stack(0x000000000b6a0000,0x000000000b7a0000)]

Stack: [0x000000000b6a0000,0x000000000b7a0000]
[error occurred during error reporting (printing stack bounds), id 0xc0000005]


[error occurred during error reporting (printing native stack), id 0xc0000005]


Current CompileTask:
C2:   1231   92             com.android.dx.ssa.SsaMethod::computeReachability (131 bytes)


---------------  P R O C E S S  ---------------

Java Threads: ( => current thread )
  0x000000000a0b0000 JavaThread "pool-1-thread-4" [_thread_in_vm, id=11004, stack(0x000000000c880000,0x000000000c980000)]
  0x000000000a0af800 JavaThread "pool-1-thread-3" [_thread_in_vm, id=5256, stack(0x000000000b7c0000,0x000000000b8c0000)]
  0x0000000009f79800 JavaThread "pool-1-thread-2" [_thread_in_Java, id=5420, stack(0x000000000c6e0000,0x000000000c7e0000)]
  0x000000000ba08800 JavaThread "pool-2-thread-1" [_thread_blocked, id=4616, stack(0x000000000c580000,0x000000000c680000)]
  0x000000000a061000 JavaThread "pool-1-thread-1" [_thread_in_Java, id=7256, stack(0x000000000c400000,0x000000000c500000)]
  0x0000000009e6b000 JavaThread "Service Thread" daemon [_thread_blocked, id=10348, stack(0x000000000b340000,0x000000000b440000)]
=>0x0000000009e5c800 JavaThread "C2 CompilerThread1" daemon [_thread_in_native, id=3836, stack(0x000000000b6a0000,0x000000000b7a0000)]
  0x0000000009e55800 JavaThread "C2 CompilerThread0" daemon [_thread_blocked, id=6384, stack(0x000000000b590000,0x000000000b690000)]
  0x0000000008daf800 JavaThread "Attach Listener" daemon [_thread_blocked, id=5664, stack(0x000000000b490000,0x000000000b590000)]
  0x0000000008dae800 JavaThread "Signal Dispatcher" daemon [_thread_blocked, id=812, stack(0x000000000afc0000,0x000000000b0c0000)]
  0x000000000254e800 JavaThread "Finalizer" daemon [_thread_blocked, id=4084, stack(0x000000000b210000,0x000000000b310000)]
  0x0000000002548000 JavaThread "Reference Handler" daemon [_thread_blocked, id=7060, stack(0x000000000b0f0000,0x000000000b1f0000)]
  0x00000000025be800 JavaThread "main" [_thread_in_Java, id=7420, stack(0x0000000002660000,0x0000000002760000)]

Other Threads:
  0x0000000008d8d000 VMThread [stack: 0x000000000ae60000,0x000000000af60000] [id=7708]
  0x0000000009e73800 WatcherThread [stack: 0x000000000b900000,0x000000000ba00000] [id=10596]

VM state:not at safepoint (normal execution)

VM Mutex/Monitor currently owned by a thread: None

Heap
 PSYoungGen      total 38400K, used 16032K [0x00000000eaa80000, 0x00000000ed500000, 0x0000000100000000)
  eden space 33280K, 48% used [0x00000000eaa80000,0x00000000eba28130,0x00000000ecb00000)
  from space 5120K, 0% used [0x00000000ed000000,0x00000000ed000000,0x00000000ed500000)
  to   space 5120K, 0% used [0x00000000ecb00000,0x00000000ecb00000,0x00000000ed000000)
 ParOldGen       total 87040K, used 0K [0x00000000c0000000, 0x00000000c5500000, 0x00000000eaa80000)
  object space 87040K, 0% used [0x00000000c0000000,0x00000000c0000000,0x00000000c5500000)
 PSPermGen       total 21504K, used 5640K [0x00000000bae00000, 0x00000000bc300000, 0x00000000c0000000)
  object space 21504K, 26% used [0x00000000bae00000,0x00000000bb3821a0,0x00000000bc300000)

Card table byte_map: [0x0000000005820000,0x0000000005a50000] byte_map_base: 0x0000000005249000

Polling page: 0x0000000000230000

Code Cache  [0x0000000002760000, 0x00000000029d0000, 0x0000000005760000)
 total_blobs=330 nmethods=92 adapters=191 free_code_cache=48635Kb largest_free_block=49776000

Compilation events (10 events):
Event: 1.193 Thread 0x0000000009e5c800   88             com.android.dx.cf.code.Ropper::labelToResultIndex (47 bytes)
Event: 1.194 Thread 0x0000000009e55800   89             com.android.dx.cf.code.LineNumberList::pcToLine (73 bytes)
Event: 1.197 Thread 0x0000000009e5c800 nmethod 88 0x00000000027d7ad0 code [0x00000000027d7c20, 0x00000000027d7e98]
Event: 1.197 Thread 0x0000000009e5c800   90             com.android.dx.cf.code.LineNumberList::get (9 bytes)
Event: 1.198 Thread 0x0000000009e5c800 nmethod 90 0x00000000027e0f50 code [0x00000000027e10a0, 0x00000000027e1158]
Event: 1.198 Thread 0x0000000009e5c800   91             com.android.dx.cf.code.LineNumberList$Item::getStartPc (5 bytes)
Event: 1.198 Thread 0x0000000009e5c800 nmethod 91 0x00000000027e0d50 code [0x00000000027e0e80, 0x00000000027e0ed8]
Event: 1.203 Thread 0x0000000009e55800 nmethod 89 0x00000000027e07d0 code [0x00000000027e0920, 0x00000000027e0b98]
Event: 1.210 Thread 0x0000000009e5c800   92             com.android.dx.ssa.SsaMethod::computeReachability (131 bytes)
Event: 1.211 Thread 0x0000000009e55800   93             com.android.dx.ssa.back.LivenessAnalyzer::handleTailRecursion (94 bytes)

GC Heap History (0 events):
No events

Deoptimization events (2 events):
Event: 0.424 Thread 0x00000000025be800 Uncommon trap: reason=unstable_if action=reinterpret pc=0x00000000027c0dc4 method=java.lang.String.indexOf(II)I @ 49
Event: 1.193 Thread 0x000000000a0b0000 Uncommon trap: reason=null_check action=make_not_entrant pc=0x00000000027d86c4 method=com.android.dx.rop.code.LocalItem.equals(Ljava/lang/Object;)Z @ 1

Internal exceptions (10 events):
Event: 0.982 Thread 0x0000000009f79800 Threw 0x00000000eb6c8cc8 at C:\re\jdk7u80\2329\hotspot\src\share\vm\prims\jvm.cpp:1319
Event: 0.982 Thread 0x0000000009f79800 Threw 0x00000000eb6cb620 at C:\re\jdk7u80\2329\hotspot\src\share\vm\prims\jvm.cpp:1319
Event: 0.983 Thread 0x0000000009f79800 Threw 0x00000000eb6d07a0 at C:\re\jdk7u80\2329\hotspot\src\share\vm\prims\jvm.cpp:1319
Event: 0.983 Thread 0x0000000009f79800 Threw 0x00000000eb6d54e8 at C:\re\jdk7u80\2329\hotspot\src\share\vm\prims\jvm.cpp:1319
Event: 0.984 Thread 0x0000000009f79800 Threw 0x00000000eb6d8a10 at C:\re\jdk7u80\2329\hotspot\src\share\vm\prims\jvm.cpp:1319
Event: 0.987 Thread 0x0000000009f79800 Threw 0x00000000eb6e4ec0 at C:\re\jdk7u80\2329\hotspot\src\share\vm\prims\jvm.cpp:1319
Event: 0.988 Thread 0x0000000009f79800 Threw 0x00000000eb6eb1c0 at C:\re\jdk7u80\2329\hotspot\src\share\vm\prims\jvm.cpp:1319
Event: 0.989 Thread 0x0000000009f79800 Threw 0x00000000eb6ef6e0 at C:\re\jdk7u80\2329\hotspot\src\share\vm\prims\jvm.cpp:1319
Event: 1.029 Thread 0x0000000009f79800 Threw 0x00000000eb7482b8 at C:\re\jdk7u80\2329\hotspot\src\share\vm\prims\jvm.cpp:1319
Event: 1.193 Thread 0x000000000a0b0000 Implicit null exception at 0x00000000027d8501 to 0x00000000027d86ad

Events (10 events):
Event: 1.029 loading class 0x000000000a0b53d0 done
Event: 1.032 loading class 0x0000000008be3be0
Event: 1.032 loading class 0x0000000008be3be0 done
Event: 1.032 loading class 0x0000000008be3bb0
Event: 1.032 loading class 0x0000000008be3bb0 done
Event: 1.157 loading class 0x0000000008be7fe0
Event: 1.157 loading class 0x0000000008be7fe0 done
Event: 1.193 Thread 0x000000000a0b0000 Uncommon trap: trap_request=0xfffffff4 fr.pc=0x00000000027d86c4
Event: 1.193 Thread 0x000000000a0b0000 DEOPT PACKING pc=0x00000000027d86c4 sp=0x000000000c97e9b0
Event: 1.193 Thread 0x000000000a0b0000 DEOPT UNPACKING pc=0x0000000002799064 sp=0x000000000c97e8f0 mode 2


Dynamic libraries:
0x000000013f570000 - 0x000000013f5a3000 	D:\java\jdk1.7.0_80\bin\java.exe
0x00000000774b0000 - 0x000000007765a000 	C:\Windows\SYSTEM32\ntdll.dll
0x0000000077290000 - 0x00000000773af000 	C:\Windows\system32\kernel32.dll
0x000007fefd460000 - 0x000007fefd4cb000 	C:\Windows\system32\KERNELBASE.dll
0x000007fefeca0000 - 0x000007fefed7b000 	C:\Windows\system32\ADVAPI32.dll
0x000007fefee50000 - 0x000007fefeeef000 	C:\Windows\system32\msvcrt.dll
0x000007fefde70000 - 0x000007fefde8f000 	C:\Windows\SYSTEM32\sechost.dll
0x000007feff5c0000 - 0x000007feff6ed000 	C:\Windows\system32\RPCRT4.dll
0x00000000773b0000 - 0x00000000774aa000 	C:\Windows\system32\USER32.dll
0x000007fefec30000 - 0x000007fefec97000 	C:\Windows\system32\GDI32.dll
0x000007fefec20000 - 0x000007fefec2e000 	C:\Windows\system32\LPK.dll
0x000007feff4f0000 - 0x000007feff5ba000 	C:\Windows\system32\USP10.dll
0x000007fefbfb0000 - 0x000007fefc1a4000 	C:\Windows\WinSxS\amd64_microsoft.windows.common-controls_6595b64144ccf1df_6.0.7601.18837_none_fa3b1e3d17594757\COMCTL32.dll
0x000007feff6f0000 - 0x000007feff761000 	C:\Windows\system32\SHLWAPI.dll
0x000007fefed80000 - 0x000007fefedae000 	C:\Windows\system32\IMM32.DLL
0x000007fefef10000 - 0x000007feff019000 	C:\Windows\system32\MSCTF.dll
0x0000000062840000 - 0x0000000062912000 	D:\java\jdk1.7.0_80\jre\bin\msvcr100.dll
0x0000000062d20000 - 0x00000000634f9000 	D:\java\jdk1.7.0_80\jre\bin\server\jvm.dll
0x000007fef37a0000 - 0x000007fef37a9000 	C:\Windows\system32\WSOCK32.dll
0x000007feff770000 - 0x000007feff7bd000 	C:\Windows\system32\WS2_32.dll
0x000007fefd840000 - 0x000007fefd848000 	C:\Windows\system32\NSI.dll
0x000007fef9e60000 - 0x000007fef9e9b000 	C:\Windows\system32\WINMM.dll
0x0000000077670000 - 0x0000000077677000 	C:\Windows\system32\PSAPI.DLL
0x0000000071ac0000 - 0x0000000071acf000 	D:\java\jdk1.7.0_80\jre\bin\verify.dll
0x000000006b8a0000 - 0x000000006b8c8000 	D:\java\jdk1.7.0_80\jre\bin\java.dll
0x00000000710f0000 - 0x0000000071106000 	D:\java\jdk1.7.0_80\jre\bin\zip.dll
0x0000000070dc0000 - 0x0000000070dda000 	D:\java\jdk1.7.0_80\jre\bin\net.dll
0x000007fefcc20000 - 0x000007fefcc75000 	C:\Windows\system32\mswsock.dll
0x000007fefcc10000 - 0x000007fefcc17000 	C:\Windows\System32\wship6.dll
0x00000000707b0000 - 0x00000000707c1000 	D:\java\jdk1.7.0_80\jre\bin\nio.dll

VM Arguments:
jvm_args: -Xmx1024M -Dfile.encoding=GBK -Duser.country=CN -Duser.language=zh -Duser.variant 
java_command: com.android.dx.command.Main --dex --num-threads=4 --output F:\AndroidStudioProjects\Thermal\app\build\intermediates\pre-dexed\debug\okhttp-3.2.0-963ac9264194cbd010d7c709014794e69e0129a4.jar F:\AndroidStudioProjects\Thermal\app\libs\okhttp-3.2.0.jar
Launcher Type: SUN_STANDARD

Environment Variables:
JAVA_HOME=D:\java\jdk1.7.0_80
CLASSPATH=.;JAVA_HOME\lib;JAVA_HOME\lib\tools.jar
PATH=F:\AppData\Local\Android\sdk\platform-tools;E:\adt-bundle-windows-x86_64-20140702\sdk\platform-tools;E:\adt-bundle-windows-x86_64-20140702\sdk\sdk\tools;JAVA_HOME\bin;JAVA_HOME\jre\bin;C:\Program Files (x86)\AMD APP\bin\x86_64;C:\Program Files (x86)\AMD APP\bin\x86;C:\Windows\system32;C:\Windows;C:\Windows\System32\Wbem;C:\Windows\System32\WindowsPowerShell\v1.0\;C:\Program Files (x86)\AMD\ATI.ACE\Core-Static;C:\Program Files (x86)\Common Files\microsoft shared\TigerKin;C:\Program Files (x86)\Skype\Phone\;E:\Subversion\bin;C:\Program Files\TortoiseSVN\bin
USERNAME=Administrator
OS=Windows_NT
PROCESSOR_IDENTIFIER=AMD64 Family 21 Model 2 Stepping 0, AuthenticAMD



---------------  S Y S T E M  ---------------

OS: Windows 7 , 64 bit Build 7601 Service Pack 1

CPU:total 8 (8 cores per cpu, 1 threads per core) family 21 model 2 stepping 0, cmov, cx8, fxsr, mmx, sse, sse2, sse3, ssse3, sse4.1, sse4.2, popcnt, avx, aes, mmxext, 3dnowpref, lzcnt, sse4a, tsc, tscinvbit, tscinv

Memory: 4k page, physical 8354464k(1151956k free), swap 10449780k(5284k free)

vm_info: Java HotSpot(TM) 64-Bit Server VM (24.80-b11) for windows-amd64 JRE (1.7.0_80-b15), built on Apr 10 2015 11:26:34 by "java_re" with unknown MS VC++:1600

time: Tue May 24 16:42:42 2016
elapsed time: 1 seconds

