#
# There is insufficient memory for the Java Runtime Environment to continue.
# Native memory allocation (malloc) failed to allocate 590656 bytes for Chunk::new
# Possible reasons:
#   The system is out of physical RAM or swap space
#   In 32 bit mode, the process size limit was hit
# Possible solutions:
#   Reduce memory load on the system
#   Increase physical memory or swap space
#   Check if swap backing store is full
#   Use 64 bit Java on a 64 bit OS
#   Decrease Java heap size (-Xmx/-Xms)
#   Decrease number of Java threads
#   Decrease Java thread stack sizes (-Xss)
#   Set larger code cache with -XX:ReservedCodeCacheSize=
# This output file may be truncated or incomplete.
#
#  Out of Memory Error (allocation.cpp:323), pid=8772, tid=9444
#
# JRE version: Java(TM) SE Runtime Environment (7.0_80-b15) (build 1.7.0_80-b15)
# Java VM: Java HotSpot(TM) 64-Bit Server VM (24.80-b11 mixed mode windows-amd64 compressed oops)
# Failed to write core dump. Minidumps are not enabled by default on client versions of Windows
#

---------------  T H R E A D  ---------------

Current thread (0x0000000008f6f800):  JavaThread "C2 CompilerThread0" daemon [_thread_in_native, id=9444, stack(0x000000000b860000,0x000000000b960000)]

Stack: [0x000000000b860000,0x000000000b960000]
[error occurred during error reporting (printing stack bounds), id 0xc0000005]


[error occurred during error reporting (printing native stack), id 0xc0000005]


Current CompileTask:
C2:   4110  227             com.android.dx.ssa.SCCP::simulateBranch (666 bytes)


---------------  P R O C E S S  ---------------

Java Threads: ( => current thread )
  0x000000000a204800 JavaThread "pool-1-thread-4" [_thread_in_vm, id=9488, stack(0x000000000c050000,0x000000000c150000)]
  0x000000000a204000 JavaThread "pool-1-thread-3" [_thread_in_Java, id=2128, stack(0x000000000b760000,0x000000000b860000)]
  0x000000000a203000 JavaThread "pool-1-thread-2" [_thread_in_vm, id=10072, stack(0x000000000be60000,0x000000000bf60000)]
  0x000000000a12c000 JavaThread "pool-2-thread-1" [_thread_blocked, id=7724, stack(0x000000000bca0000,0x000000000bda0000)]
  0x000000000a12b800 JavaThread "pool-1-thread-1" [_thread_blocked, id=3248, stack(0x00000000066c0000,0x00000000067c0000)]
  0x000000000a03b000 JavaThread "Service Thread" daemon [_thread_blocked, id=10180, stack(0x000000000af40000,0x000000000b040000)]
  0x0000000008f7e000 JavaThread "C2 CompilerThread1" daemon [_thread_in_native, id=9748, stack(0x000000000b9a0000,0x000000000baa0000)]
=>0x0000000008f6f800 JavaThread "C2 CompilerThread0" daemon [_thread_in_native, id=9444, stack(0x000000000b860000,0x000000000b960000)]
  0x0000000008f6e800 JavaThread "Attach Listener" daemon [_thread_blocked, id=5552, stack(0x000000000b5f0000,0x000000000b6f0000)]
  0x000000000a02d000 JavaThread "Signal Dispatcher" daemon [_thread_blocked, id=2156, stack(0x000000000b460000,0x000000000b560000)]
  0x0000000002536800 JavaThread "Finalizer" daemon [_thread_blocked, id=7944, stack(0x000000000b320000,0x000000000b420000)]
  0x0000000002535800 JavaThread "Reference Handler" daemon [_thread_blocked, id=10632, stack(0x000000000b1a0000,0x000000000b2a0000)]
  0x000000000262e800 JavaThread "main" [_thread_blocked, id=9780, stack(0x00000000026d0000,0x00000000027d0000)]

Other Threads:
  0x0000000008f5d000 VMThread [stack: 0x000000000b050000,0x000000000b150000] [id=3816]
  0x000000000a044000 WatcherThread [stack: 0x000000000bb20000,0x000000000bc20000] [id=8252]

VM state:not at safepoint (normal execution)

VM Mutex/Monitor currently owned by a thread: None

Heap
 PSYoungGen      total 38400K, used 15329K [0x00000000eaa80000, 0x00000000ed500000, 0x0000000100000000)
  eden space 33280K, 30% used [0x00000000eaa80000,0x00000000eb47c9c0,0x00000000ecb00000)
  from space 5120K, 99% used [0x00000000ecb00000,0x00000000ecffbc98,0x00000000ed000000)
  to   space 5120K, 0% used [0x00000000ed000000,0x00000000ed000000,0x00000000ed500000)
 ParOldGen       total 87040K, used 3450K [0x00000000c0000000, 0x00000000c5500000, 0x00000000eaa80000)
  object space 87040K, 3% used [0x00000000c0000000,0x00000000c035e920,0x00000000c5500000)
 PSPermGen       total 21504K, used 5831K [0x00000000bae00000, 0x00000000bc300000, 0x00000000c0000000)
  object space 21504K, 27% used [0x00000000bae00000,0x00000000bb3b1cc0,0x00000000bc300000)

Card table byte_map: [0x0000000005890000,0x0000000005ac0000] byte_map_base: 0x00000000052b9000

Polling page: 0x0000000000140000

Code Cache  [0x00000000027d0000, 0x0000000002a40000, 0x00000000057d0000)
 total_blobs=463 nmethods=227 adapters=189 free_code_cache=48368Kb largest_free_block=49512000

Compilation events (10 events):
Event: 4.084 Thread 0x0000000008f6f800 nmethod 222 0x0000000002897990 code [0x0000000002897ae0, 0x0000000002897c18]
Event: 4.084 Thread 0x0000000008f6f800  223   !         com.android.dx.util.IntList::set (53 bytes)
Event: 4.085 Thread 0x0000000008f6f800 nmethod 223 0x0000000002895990 code [0x0000000002895ae0, 0x0000000002895bb8]
Event: 4.085 Thread 0x0000000008f6f800  224             com.android.dx.cf.code.OneLocalsArray::getOrNull (7 bytes)
Event: 4.086 Thread 0x0000000008f6f800 nmethod 224 0x0000000002874550 code [0x0000000002874680, 0x0000000002874718]
Event: 4.086 Thread 0x0000000008f6f800  225             com.android.dx.rop.code.Rop::isCallLike (5 bytes)
Event: 4.086 Thread 0x0000000008f6f800 nmethod 225 0x0000000002897d90 code [0x0000000002897ec0, 0x0000000002897f18]
Event: 4.086 Thread 0x0000000008f6f800  226             java.util.ArrayList$SubList::checkForComodification (23 bytes)
Event: 4.086 Thread 0x0000000008f6f800 nmethod 226 0x0000000002897f90 code [0x00000000028980c0, 0x0000000002898138]
Event: 4.086 Thread 0x0000000008f6f800  227             com.android.dx.ssa.SCCP::simulateBranch (666 bytes)

GC Heap History (2 events):
Event: 2.767 GC heap before
{Heap before GC invocations=1 (full 0):
 PSYoungGen      total 38400K, used 33280K [0x00000000eaa80000, 0x00000000ed500000, 0x0000000100000000)
  eden space 33280K, 100% used [0x00000000eaa80000,0x00000000ecb00000,0x00000000ecb00000)
  from space 5120K, 0% used [0x00000000ed000000,0x00000000ed000000,0x00000000ed500000)
  to   space 5120K, 0% used [0x00000000ecb00000,0x00000000ecb00000,0x00000000ed000000)
 ParOldGen       total 87040K, used 0K [0x00000000c0000000, 0x00000000c5500000, 0x00000000eaa80000)
  object space 87040K, 0% used [0x00000000c0000000,0x00000000c0000000,0x00000000c5500000)
 PSPermGen       total 21504K, used 5794K [0x00000000bae00000, 0x00000000bc300000, 0x00000000c0000000)
  object space 21504K, 26% used [0x00000000bae00000,0x00000000bb3a8900,0x00000000bc300000)
Event: 3.965 GC heap after
Heap after GC invocations=1 (full 0):
 PSYoungGen      total 38400K, used 5103K [0x00000000eaa80000, 0x00000000ed500000, 0x0000000100000000)
  eden space 33280K, 0% used [0x00000000eaa80000,0x00000000eaa80000,0x00000000ecb00000)
  from space 5120K, 99% used [0x00000000ecb00000,0x00000000ecffbc98,0x00000000ed000000)
  to   space 5120K, 0% used [0x00000000ed000000,0x00000000ed000000,0x00000000ed500000)
 ParOldGen       total 87040K, used 3450K [0x00000000c0000000, 0x00000000c5500000, 0x00000000eaa80000)
  object space 87040K, 3% used [0x00000000c0000000,0x00000000c035e920,0x00000000c5500000)
 PSPermGen       total 21504K, used 5794K [0x00000000bae00000, 0x00000000bc300000, 0x00000000c0000000)
  object space 21504K, 26% used [0x00000000bae00000,0x00000000bb3a8900,0x00000000bc300000)
}

Deoptimization events (10 events):
Event: 1.518 Thread 0x000000000262e800 Uncommon trap: reason=unstable_if action=reinterpret pc=0x0000000002848ba0 method=java.util.BitSet.nextSetBit(I)I @ 87
Event: 1.612 Thread 0x000000000a12b800 Uncommon trap: reason=predicate action=maybe_recompile pc=0x000000000284c4e4 method=java.util.ArrayList.remove(Ljava/lang/Object;)Z @ 49
Event: 2.441 Thread 0x000000000a204000 Uncommon trap: reason=class_check action=maybe_recompile pc=0x0000000002863d44 method=java.util.Collections$UnmodifiableCollection$1.hasNext()Z @ 4
Event: 2.441 Thread 0x000000000a204000 Uncommon trap: reason=class_check action=maybe_recompile pc=0x0000000002863d44 method=java.util.Collections$UnmodifiableCollection$1.hasNext()Z @ 4
Event: 2.441 Thread 0x000000000a204000 Uncommon trap: reason=class_check action=maybe_recompile pc=0x0000000002863d44 method=java.util.Collections$UnmodifiableCollection$1.hasNext()Z @ 4
Event: 2.441 Thread 0x000000000a204000 Uncommon trap: reason=class_check action=maybe_recompile pc=0x0000000002863d44 method=java.util.Collections$UnmodifiableCollection$1.hasNext()Z @ 4
Event: 2.502 Thread 0x000000000a204800 Uncommon trap: reason=class_check action=maybe_recompile pc=0x000000000285b8e4 method=com.android.dx.ssa.NormalSsaInsn.accept(Lcom/android/dx/ssa/SsaInsn$Visitor;)V @ 9
Event: 2.502 Thread 0x000000000a204800 Uncommon trap: reason=class_check action=maybe_recompile pc=0x000000000284add0 method=com.android.dx.ssa.NormalSsaInsn.accept(Lcom/android/dx/ssa/SsaInsn$Visitor;)V @ 9
Event: 2.570 Thread 0x000000000a204000 Uncommon trap: reason=null_check action=make_not_entrant pc=0x00000000028622d0 method=com.android.dx.rop.type.Type.equals(Ljava/lang/Object;)Z @ 8
Event: 4.012 Thread 0x000000000a203000 Uncommon trap: reason=unstable_if action=reinterpret pc=0x0000000002876e44 method=com.android.dx.rop.cst.Constant.compareTo(Lcom/android/dx/rop/cst/Constant;)I @ 12

Internal exceptions (10 events):
Event: 0.874 Thread 0x000000000a204800 Threw 0x00000000eb324740 at C:\re\jdk7u80\2329\hotspot\src\share\vm\prims\jvm.cpp:1319
Event: 0.875 Thread 0x000000000a204000 Threw 0x00000000eb4e2678 at C:\re\jdk7u80\2329\hotspot\src\share\vm\prims\jvm.cpp:1319
Event: 0.894 Thread 0x000000000262e800 Threw 0x00000000eb5f0d10 at C:\re\jdk7u80\2329\hotspot\src\share\vm\prims\jvm.cpp:1319
Event: 0.900 Thread 0x000000000a204000 Threw 0x00000000eb555480 at C:\re\jdk7u80\2329\hotspot\src\share\vm\prims\jvm.cpp:1319
Event: 0.904 Thread 0x000000000262e800 Threw 0x00000000eb5f7338 at C:\re\jdk7u80\2329\hotspot\src\share\vm\prims\jvm.cpp:1319
Event: 1.613 Thread 0x000000000a204000 Threw 0x00000000eb8219b8 at C:\re\jdk7u80\2329\hotspot\src\share\vm\prims\jvm.cpp:1319
Event: 1.764 Thread 0x000000000a12b800 Threw 0x00000000eb8f85e0 at C:\re\jdk7u80\2329\hotspot\src\share\vm\prims\jvm.cpp:1319
Event: 2.570 Thread 0x000000000a204000 Implicit null exception at 0x00000000028621d2 to 0x00000000028622c2
Event: 3.999 Thread 0x000000000a203000 Threw 0x00000000eac54150 at C:\re\jdk7u80\2329\hotspot\src\share\vm\prims\jvm.cpp:1319
Event: 4.081 Thread 0x000000000a203000 Threw 0x00000000eb1fa978 at C:\re\jdk7u80\2329\hotspot\src\share\vm\prims\jvm.cpp:1319

Events (10 events):
Event: 2.570 Thread 0x000000000a204000 DEOPT UNPACKING pc=0x0000000002809064 sp=0x000000000b85e3d8 mode 2
Event: 2.666 Executing VM operation: ParallelGCFailedAllocation
Event: 3.965 Executing VM operation: ParallelGCFailedAllocation done
Event: 3.998 loading class 0x000000000a126a90
Event: 3.998 loading class 0x000000000a126a90 done
Event: 4.012 Thread 0x000000000a203000 Uncommon trap: trap_request=0xffffff75 fr.pc=0x0000000002876e44
Event: 4.012 Thread 0x000000000a203000 DEOPT PACKING pc=0x0000000002876e44 sp=0x000000000bf5e9e0
Event: 4.012 Thread 0x000000000a203000 DEOPT UNPACKING pc=0x0000000002809064 sp=0x000000000bf5e980 mode 2
Event: 4.081 loading class 0x000000000a1cb650
Event: 4.081 loading class 0x000000000a1cb650 done


Dynamic libraries:
0x000000013fad0000 - 0x000000013fb03000 	D:\java\jdk1.7.0_80\bin\java.exe
0x00000000774b0000 - 0x000000007765a000 	C:\Windows\SYSTEM32\ntdll.dll
0x0000000077290000 - 0x00000000773af000 	C:\Windows\system32\kernel32.dll
0x000007fefd460000 - 0x000007fefd4cb000 	C:\Windows\system32\KERNELBASE.dll
0x000007fefeca0000 - 0x000007fefed7b000 	C:\Windows\system32\ADVAPI32.dll
0x000007fefee50000 - 0x000007fefeeef000 	C:\Windows\system32\msvcrt.dll
0x000007fefde70000 - 0x000007fefde8f000 	C:\Windows\SYSTEM32\sechost.dll
0x000007feff5c0000 - 0x000007feff6ed000 	C:\Windows\system32\RPCRT4.dll
0x00000000773b0000 - 0x00000000774aa000 	C:\Windows\system32\USER32.dll
0x000007fefec30000 - 0x000007fefec97000 	C:\Windows\system32\GDI32.dll
0x000007fefec20000 - 0x000007fefec2e000 	C:\Windows\system32\LPK.dll
0x000007feff4f0000 - 0x000007feff5ba000 	C:\Windows\system32\USP10.dll
0x000007fefbfb0000 - 0x000007fefc1a4000 	C:\Windows\WinSxS\amd64_microsoft.windows.common-controls_6595b64144ccf1df_6.0.7601.18837_none_fa3b1e3d17594757\COMCTL32.dll
0x000007feff6f0000 - 0x000007feff761000 	C:\Windows\system32\SHLWAPI.dll
0x000007fefed80000 - 0x000007fefedae000 	C:\Windows\system32\IMM32.DLL
0x000007fefef10000 - 0x000007feff019000 	C:\Windows\system32\MSCTF.dll
0x0000000063250000 - 0x0000000063322000 	D:\java\jdk1.7.0_80\jre\bin\msvcr100.dll
0x0000000058940000 - 0x0000000059119000 	D:\java\jdk1.7.0_80\jre\bin\server\jvm.dll
0x000007fef37a0000 - 0x000007fef37a9000 	C:\Windows\system32\WSOCK32.dll
0x000007feff770000 - 0x000007feff7bd000 	C:\Windows\system32\WS2_32.dll
0x000007fefd840000 - 0x000007fefd848000 	C:\Windows\system32\NSI.dll
0x000007fef9e60000 - 0x000007fef9e9b000 	C:\Windows\system32\WINMM.dll
0x0000000077670000 - 0x0000000077677000 	C:\Windows\system32\PSAPI.DLL
0x0000000071aa0000 - 0x0000000071aaf000 	D:\java\jdk1.7.0_80\jre\bin\verify.dll
0x000000006b1a0000 - 0x000000006b1c8000 	D:\java\jdk1.7.0_80\jre\bin\java.dll
0x0000000070dc0000 - 0x0000000070dd6000 	D:\java\jdk1.7.0_80\jre\bin\zip.dll
0x00000000710f0000 - 0x000000007110a000 	D:\java\jdk1.7.0_80\jre\bin\net.dll
0x000007fefcc20000 - 0x000007fefcc75000 	C:\Windows\system32\mswsock.dll
0x000007fefcc10000 - 0x000007fefcc17000 	C:\Windows\System32\wship6.dll
0x0000000070760000 - 0x0000000070771000 	D:\java\jdk1.7.0_80\jre\bin\nio.dll

VM Arguments:
jvm_args: -Xmx1024M -Dfile.encoding=GBK -Duser.country=CN -Duser.language=zh -Duser.variant 
java_command: com.android.dx.command.Main --dex --num-threads=4 --output F:\AndroidStudioProjects\Thermal\app\build\intermediates\pre-dexed\debug\bmob-push-0.8-b6f6bad9e9cbfe7ddfa529c72e5b7722eb520a54.jar C:\Users\Administrator\.gradle\caches\modules-2\files-2.1\cn.bmob.android\bmob-push\0.8\2fe391ed9034cd023de1da05cb8da77e08b46245\bmob-push-0.8.jar
Launcher Type: SUN_STANDARD

Environment Variables:
JAVA_HOME=D:\java\jdk1.7.0_80
CLASSPATH=.;JAVA_HOME\lib;JAVA_HOME\lib\tools.jar
PATH=F:\AppData\Local\Android\sdk\platform-tools;E:\adt-bundle-windows-x86_64-20140702\sdk\platform-tools;E:\adt-bundle-windows-x86_64-20140702\sdk\sdk\tools;JAVA_HOME\bin;JAVA_HOME\jre\bin;C:\Program Files (x86)\AMD APP\bin\x86_64;C:\Program Files (x86)\AMD APP\bin\x86;C:\Windows\system32;C:\Windows;C:\Windows\System32\Wbem;C:\Windows\System32\WindowsPowerShell\v1.0\;C:\Program Files (x86)\AMD\ATI.ACE\Core-Static;C:\Program Files (x86)\Common Files\microsoft shared\TigerKin;C:\Program Files (x86)\Skype\Phone\;E:\Subversion\bin;C:\Program Files\TortoiseSVN\bin
USERNAME=Administrator
OS=Windows_NT
PROCESSOR_IDENTIFIER=AMD64 Family 21 Model 2 Stepping 0, AuthenticAMD



---------------  S Y S T E M  ---------------

OS: Windows 7 , 64 bit Build 7601 Service Pack 1

CPU:total 8 (8 cores per cpu, 1 threads per core) family 21 model 2 stepping 0, cmov, cx8, fxsr, mmx, sse, sse2, sse3, ssse3, sse4.1, sse4.2, popcnt, avx, aes, mmxext, 3dnowpref, lzcnt, sse4a, tsc, tscinvbit, tscinv

Memory: 4k page, physical 8354464k(1141960k free), swap 10449780k(5648k free)

vm_info: Java HotSpot(TM) 64-Bit Server VM (24.80-b11) for windows-amd64 JRE (1.7.0_80-b15), built on Apr 10 2015 11:26:34 by "java_re" with unknown MS VC++:1600

time: Tue May 24 17:09:26 2016
elapsed time: 4 seconds

