#
# There is insufficient memory for the Java Runtime Environment to continue.
# Native memory allocation (malloc) failed to allocate 173392 bytes for Chunk::new
# Possible reasons:
#   The system is out of physical RAM or swap space
#   In 32 bit mode, the process size limit was hit
# Possible solutions:
#   Reduce memory load on the system
#   Increase physical memory or swap space
#   Check if swap backing store is full
#   Use 64 bit Java on a 64 bit OS
#   Decrease Java heap size (-Xmx/-Xms)
#   Decrease number of Java threads
#   Decrease Java thread stack sizes (-Xss)
#   Set larger code cache with -XX:ReservedCodeCacheSize=
# This output file may be truncated or incomplete.
#
#  Out of Memory Error (allocation.cpp:323), pid=9820, tid=3408
#
# JRE version: Java(TM) SE Runtime Environment (7.0_80-b15) (build 1.7.0_80-b15)
# Java VM: Java HotSpot(TM) 64-Bit Server VM (24.80-b11 mixed mode windows-amd64 compressed oops)
# Failed to write core dump. Minidumps are not enabled by default on client versions of Windows
#

---------------  T H R E A D  ---------------

Current thread (0x0000000008d73000):  JavaThread "C2 CompilerThread1" daemon [_thread_in_native, id=3408, stack(0x000000000b640000,0x000000000b740000)]

Stack: [0x000000000b640000,0x000000000b740000]
[error occurred during error reporting (printing stack bounds), id 0xc0000005]


[error occurred during error reporting (printing native stack), id 0xc0000005]


Current CompileTask:
C2:   1689  112   !         com.android.dx.rop.code.RegisterSpec::intern (70 bytes)


---------------  P R O C E S S  ---------------

Java Threads: ( => current thread )
  0x000000000a070000 JavaThread "pool-1-thread-4" [_thread_blocked, id=9148, stack(0x000000000c4b0000,0x000000000c5b0000)]
  0x000000000a102000 JavaThread "pool-1-thread-3" [_thread_in_Java, id=6620, stack(0x000000000c2c0000,0x000000000c3c0000)]
  0x000000000a095000 JavaThread "pool-1-thread-2" [_thread_in_vm, id=10476, stack(0x000000000c070000,0x000000000c170000)]
  0x000000000a092000 JavaThread "pool-2-thread-1" [_thread_blocked, id=7596, stack(0x000000000be30000,0x000000000bf30000)]
  0x000000000a091800 JavaThread "pool-1-thread-1" [_thread_blocked, id=10000, stack(0x000000000bad0000,0x000000000bbd0000)]
  0x0000000008d79000 JavaThread "Service Thread" daemon [_thread_blocked, id=5388, stack(0x000000000b950000,0x000000000ba50000)]
=>0x0000000008d73000 JavaThread "C2 CompilerThread1" daemon [_thread_in_native, id=3408, stack(0x000000000b640000,0x000000000b740000)]
  0x0000000008d6f800 JavaThread "C2 CompilerThread0" daemon [_thread_blocked, id=9992, stack(0x000000000b750000,0x000000000b850000)]
  0x0000000008d6e800 JavaThread "Attach Listener" daemon [_thread_blocked, id=11024, stack(0x000000000b040000,0x000000000b140000)]
  0x0000000009f3d000 JavaThread "Signal Dispatcher" daemon [_thread_blocked, id=5504, stack(0x000000000b4a0000,0x000000000b5a0000)]
  0x0000000002626000 JavaThread "Finalizer" daemon [_thread_blocked, id=1868, stack(0x000000000b390000,0x000000000b490000)]
  0x0000000002625000 JavaThread "Reference Handler" daemon [_thread_blocked, id=9708, stack(0x000000000b1e0000,0x000000000b2e0000)]
  0x000000000252e800 JavaThread "main" [_thread_blocked, id=1600, stack(0x0000000002660000,0x0000000002760000)]

Other Threads:
  0x0000000008d5d000 VMThread [stack: 0x000000000af30000,0x000000000b030000] [id=4828]
  0x0000000008d7e000 WatcherThread [stack: 0x000000000bc00000,0x000000000bd00000] [id=10308]

VM state:not at safepoint (normal execution)

VM Mutex/Monitor currently owned by a thread: None

Heap
 PSYoungGen      total 38400K, used 18009K [0x00000000eaa80000, 0x00000000ed500000, 0x0000000100000000)
  eden space 33280K, 54% used [0x00000000eaa80000,0x00000000ebc16580,0x00000000ecb00000)
  from space 5120K, 0% used [0x00000000ed000000,0x00000000ed000000,0x00000000ed500000)
  to   space 5120K, 0% used [0x00000000ecb00000,0x00000000ecb00000,0x00000000ed000000)
 ParOldGen       total 87040K, used 0K [0x00000000c0000000, 0x00000000c5500000, 0x00000000eaa80000)
  object space 87040K, 0% used [0x00000000c0000000,0x00000000c0000000,0x00000000c5500000)
 PSPermGen       total 21504K, used 5731K [0x00000000bae00000, 0x00000000bc300000, 0x00000000c0000000)
  object space 21504K, 26% used [0x00000000bae00000,0x00000000bb398fd0,0x00000000bc300000)

Card table byte_map: [0x0000000005820000,0x0000000005a50000] byte_map_base: 0x0000000005249000

Polling page: 0x0000000000240000

Code Cache  [0x0000000002820000, 0x0000000002a90000, 0x0000000005820000)
 total_blobs=349 nmethods=111 adapters=191 free_code_cache=48605Kb largest_free_block=49758080

Compilation events (10 events):
Event: 1.672 Thread 0x0000000008d73000 nmethod 107 0x00000000028a7050 code [0x00000000028a71a0, 0x00000000028a72f8]
Event: 1.673 Thread 0x0000000008d6f800  108             com.android.dx.rop.type.Type::equals (31 bytes)
Event: 1.674 Thread 0x0000000008d6f800 nmethod 108 0x00000000028a6c90 code [0x00000000028a6de0, 0x00000000028a6f58]
Event: 1.677 Thread 0x0000000008d73000  109             com.android.dx.rop.code.RegisterSpec$ForComparison::set (16 bytes)
Event: 1.677 Thread 0x0000000008d73000 nmethod 109 0x000000000289ea10 code [0x000000000289eb40, 0x000000000289ebb8]
Event: 1.677 Thread 0x0000000008d73000  110             com.android.dx.rop.code.RegisterSpec$ForComparison::hashCode (16 bytes)
Event: 1.678 Thread 0x0000000008d6f800  111             com.android.dx.rop.code.RegisterSpec::access$600 (7 bytes)
Event: 1.679 Thread 0x0000000008d73000 nmethod 110 0x00000000028a66d0 code [0x00000000028a6840, 0x00000000028a69f8]
Event: 1.679 Thread 0x0000000008d73000  112   !         com.android.dx.rop.code.RegisterSpec::intern (70 bytes)
Event: 1.680 Thread 0x0000000008d6f800 nmethod 111 0x00000000028abb90 code [0x00000000028abce0, 0x00000000028abe58]

GC Heap History (0 events):
No events

Deoptimization events (4 events):
Event: 0.273 Thread 0x000000000252e800 Uncommon trap: reason=unstable_if action=reinterpret pc=0x0000000002880dc4 method=java.lang.String.indexOf(II)I @ 49
Event: 1.463 Thread 0x000000000a102000 Uncommon trap: reason=null_check action=make_not_entrant pc=0x000000000289a2f4 method=com.android.dx.rop.code.LocalItem.equals(Ljava/lang/Object;)Z @ 1
Event: 1.532 Thread 0x000000000a095000 Uncommon trap: reason=unstable_if action=reinterpret pc=0x0000000002893b60 method=java.util.BitSet.nextSetBit(I)I @ 87
Event: 1.609 Thread 0x000000000a102000 Uncommon trap: reason=unstable_if action=reinterpret pc=0x00000000028a0078 method=com.android.dx.cf.code.Ropper.labelToResultIndex(I)I @ 34

Internal exceptions (10 events):
Event: 0.706 Thread 0x000000000a070000 Threw 0x00000000eb599170 at C:\re\jdk7u80\2329\hotspot\src\share\vm\prims\jvm.cpp:1319
Event: 0.711 Thread 0x000000000a070000 Threw 0x00000000eb59f0a8 at C:\re\jdk7u80\2329\hotspot\src\share\vm\prims\jvm.cpp:1319
Event: 0.720 Thread 0x000000000a091800 Threw 0x00000000eafc8e78 at C:\re\jdk7u80\2329\hotspot\src\share\vm\prims\jvm.cpp:1319
Event: 0.795 Thread 0x000000000a102000 Threw 0x00000000eb3f7098 at C:\re\jdk7u80\2329\hotspot\src\share\vm\prims\jvm.cpp:1319
Event: 1.312 Thread 0x000000000a095000 Threw 0x00000000eb56bd98 at C:\re\jdk7u80\2329\hotspot\src\share\vm\prims\jvm.cpp:1319
Event: 1.345 Thread 0x000000000a070000 Threw 0x00000000eb618bd0 at C:\re\jdk7u80\2329\hotspot\src\share\vm\prims\jvm.cpp:1319
Event: 1.463 Thread 0x000000000a102000 Implicit null exception at 0x0000000002899f9b to 0x000000000289a2e1
Event: 1.604 Thread 0x000000000a102000 Threw 0x00000000eba2cd60 at C:\re\jdk7u80\2329\hotspot\src\share\vm\prims\jvm.cpp:1319
Event: 1.604 Thread 0x000000000a070000 Threw 0x00000000eb61e280 at C:\re\jdk7u80\2329\hotspot\src\share\vm\prims\jvm.cpp:1319
Event: 1.605 Thread 0x000000000a070000 Threw 0x00000000eb6236a8 at C:\re\jdk7u80\2329\hotspot\src\share\vm\prims\jvm.cpp:1319

Events (10 events):
Event: 1.545 loading class 0x0000000008baf5b0 done
Event: 1.604 loading class 0x000000000a02b6b0
Event: 1.604 loading class 0x000000000a02b6b0 done
Event: 1.604 loading class 0x000000000a1c3070
Event: 1.604 loading class 0x000000000a1c3070 done
Event: 1.605 loading class 0x000000000a1c3030
Event: 1.605 loading class 0x000000000a1c3030 done
Event: 1.609 Thread 0x000000000a102000 Uncommon trap: trap_request=0xffffff75 fr.pc=0x00000000028a0078
Event: 1.609 Thread 0x000000000a102000 DEOPT PACKING pc=0x00000000028a0078 sp=0x000000000c3bedb0
Event: 1.609 Thread 0x000000000a102000 DEOPT UNPACKING pc=0x0000000002859064 sp=0x000000000c3bed58 mode 2


Dynamic libraries:
0x000000013f570000 - 0x000000013f5a3000 	D:\java\jdk1.7.0_80\bin\java.exe
0x00000000774b0000 - 0x000000007765a000 	C:\Windows\SYSTEM32\ntdll.dll
0x0000000077290000 - 0x00000000773af000 	C:\Windows\system32\kernel32.dll
0x000007fefd460000 - 0x000007fefd4cb000 	C:\Windows\system32\KERNELBASE.dll
0x000007fefeca0000 - 0x000007fefed7b000 	C:\Windows\system32\ADVAPI32.dll
0x000007fefee50000 - 0x000007fefeeef000 	C:\Windows\system32\msvcrt.dll
0x000007fefde70000 - 0x000007fefde8f000 	C:\Windows\SYSTEM32\sechost.dll
0x000007feff5c0000 - 0x000007feff6ed000 	C:\Windows\system32\RPCRT4.dll
0x00000000773b0000 - 0x00000000774aa000 	C:\Windows\system32\USER32.dll
0x000007fefec30000 - 0x000007fefec97000 	C:\Windows\system32\GDI32.dll
0x000007fefec20000 - 0x000007fefec2e000 	C:\Windows\system32\LPK.dll
0x000007feff4f0000 - 0x000007feff5ba000 	C:\Windows\system32\USP10.dll
0x000007fefbfb0000 - 0x000007fefc1a4000 	C:\Windows\WinSxS\amd64_microsoft.windows.common-controls_6595b64144ccf1df_6.0.7601.18837_none_fa3b1e3d17594757\COMCTL32.dll
0x000007feff6f0000 - 0x000007feff761000 	C:\Windows\system32\SHLWAPI.dll
0x000007fefed80000 - 0x000007fefedae000 	C:\Windows\system32\IMM32.DLL
0x000007fefef10000 - 0x000007feff019000 	C:\Windows\system32\MSCTF.dll
0x0000000062840000 - 0x0000000062912000 	D:\java\jdk1.7.0_80\jre\bin\msvcr100.dll
0x0000000062d20000 - 0x00000000634f9000 	D:\java\jdk1.7.0_80\jre\bin\server\jvm.dll
0x000007fef37a0000 - 0x000007fef37a9000 	C:\Windows\system32\WSOCK32.dll
0x000007feff770000 - 0x000007feff7bd000 	C:\Windows\system32\WS2_32.dll
0x000007fefd840000 - 0x000007fefd848000 	C:\Windows\system32\NSI.dll
0x000007fef9e60000 - 0x000007fef9e9b000 	C:\Windows\system32\WINMM.dll
0x0000000077670000 - 0x0000000077677000 	C:\Windows\system32\PSAPI.DLL
0x0000000071ac0000 - 0x0000000071acf000 	D:\java\jdk1.7.0_80\jre\bin\verify.dll
0x000000006b8a0000 - 0x000000006b8c8000 	D:\java\jdk1.7.0_80\jre\bin\java.dll
0x00000000710f0000 - 0x0000000071106000 	D:\java\jdk1.7.0_80\jre\bin\zip.dll
0x0000000070dc0000 - 0x0000000070dda000 	D:\java\jdk1.7.0_80\jre\bin\net.dll
0x000007fefcc20000 - 0x000007fefcc75000 	C:\Windows\system32\mswsock.dll
0x000007fefcc10000 - 0x000007fefcc17000 	C:\Windows\System32\wship6.dll
0x00000000707b0000 - 0x00000000707c1000 	D:\java\jdk1.7.0_80\jre\bin\nio.dll

VM Arguments:
jvm_args: -Xmx1024M -Dfile.encoding=GBK -Duser.country=CN -Duser.language=zh -Duser.variant 
java_command: com.android.dx.command.Main --dex --num-threads=4 --output F:\AndroidStudioProjects\Thermal\app\build\intermediates\pre-dexed\debug\classes-e33bfd9b1b97e80166bf8f50ec3e954927a2a43a.jar F:\AndroidStudioProjects\Thermal\app\build\intermediates\exploded-aar\com.android.support\support-vector-drawable\23.2.1\jars\classes.jar
Launcher Type: SUN_STANDARD

Environment Variables:
JAVA_HOME=D:\java\jdk1.7.0_80
CLASSPATH=.;JAVA_HOME\lib;JAVA_HOME\lib\tools.jar
PATH=F:\AppData\Local\Android\sdk\platform-tools;E:\adt-bundle-windows-x86_64-20140702\sdk\platform-tools;E:\adt-bundle-windows-x86_64-20140702\sdk\sdk\tools;JAVA_HOME\bin;JAVA_HOME\jre\bin;C:\Program Files (x86)\AMD APP\bin\x86_64;C:\Program Files (x86)\AMD APP\bin\x86;C:\Windows\system32;C:\Windows;C:\Windows\System32\Wbem;C:\Windows\System32\WindowsPowerShell\v1.0\;C:\Program Files (x86)\AMD\ATI.ACE\Core-Static;C:\Program Files (x86)\Common Files\microsoft shared\TigerKin;C:\Program Files (x86)\Skype\Phone\;E:\Subversion\bin;C:\Program Files\TortoiseSVN\bin
USERNAME=Administrator
OS=Windows_NT
PROCESSOR_IDENTIFIER=AMD64 Family 21 Model 2 Stepping 0, AuthenticAMD



---------------  S Y S T E M  ---------------

OS: Windows 7 , 64 bit Build 7601 Service Pack 1

CPU:total 8 (8 cores per cpu, 1 threads per core) family 21 model 2 stepping 0, cmov, cx8, fxsr, mmx, sse, sse2, sse3, ssse3, sse4.1, sse4.2, popcnt, avx, aes, mmxext, 3dnowpref, lzcnt, sse4a, tsc, tscinvbit, tscinv

Memory: 4k page, physical 8354464k(1162676k free), swap 10449780k(5348k free)

vm_info: Java HotSpot(TM) 64-Bit Server VM (24.80-b11) for windows-amd64 JRE (1.7.0_80-b15), built on Apr 10 2015 11:26:34 by "java_re" with unknown MS VC++:1600

time: Tue May 24 16:45:41 2016
elapsed time: 1 seconds

