#
# There is insufficient memory for the Java Runtime Environment to continue.
# Native memory allocation (malloc) failed to allocate 254976 bytes for Chunk::new
# Possible reasons:
#   The system is out of physical RAM or swap space
#   In 32 bit mode, the process size limit was hit
# Possible solutions:
#   Reduce memory load on the system
#   Increase physical memory or swap space
#   Check if swap backing store is full
#   Use 64 bit Java on a 64 bit OS
#   Decrease Java heap size (-Xmx/-Xms)
#   Decrease number of Java threads
#   Decrease Java thread stack sizes (-Xss)
#   Set larger code cache with -XX:ReservedCodeCacheSize=
# This output file may be truncated or incomplete.
#
#  Out of Memory Error (allocation.cpp:323), pid=3428, tid=8696
#
# JRE version: Java(TM) SE Runtime Environment (7.0_80-b15) (build 1.7.0_80-b15)
# Java VM: Java HotSpot(TM) 64-Bit Server VM (24.80-b11 mixed mode windows-amd64 compressed oops)
# Failed to write core dump. Minidumps are not enabled by default on client versions of Windows
#

---------------  T H R E A D  ---------------

Current thread (0x0000000009eae000):  JavaThread "C2 CompilerThread1" daemon [_thread_in_native, id=8696, stack(0x000000000b9a0000,0x000000000baa0000)]

Stack: [0x000000000b9a0000,0x000000000baa0000]
[error occurred during error reporting (printing stack bounds), id 0xc0000005]


[error occurred during error reporting (printing native stack), id 0xc0000005]


Current CompileTask:
C2:   1435   87             com.android.dx.ssa.SsaMethod::computeReachability (131 bytes)


---------------  P R O C E S S  ---------------

Java Threads: ( => current thread )
  0x000000000a14e800 JavaThread "pool-1-thread-4" [_thread_in_Java, id=7916, stack(0x000000000c1b0000,0x000000000c2b0000)]
  0x000000000a14e000 JavaThread "pool-1-thread-3" [_thread_in_Java, id=8764, stack(0x000000000bcf0000,0x000000000bdf0000)]
  0x000000000a14d000 JavaThread "pool-1-thread-2" [_thread_in_Java, id=7448, stack(0x000000000b0b0000,0x000000000b1b0000)]
  0x000000000a14c800 JavaThread "pool-2-thread-1" [_thread_blocked, id=8736, stack(0x000000000c060000,0x000000000c160000)]
  0x000000000a14b800 JavaThread "pool-1-thread-1" [_thread_blocked, id=10424, stack(0x000000000bf20000,0x000000000c020000)]
  0x0000000008dff000 JavaThread "Service Thread" daemon [_thread_blocked, id=5316, stack(0x000000000bad0000,0x000000000bbd0000)]
=>0x0000000009eae000 JavaThread "C2 CompilerThread1" daemon [_thread_in_native, id=8696, stack(0x000000000b9a0000,0x000000000baa0000)]
  0x0000000009eaa000 JavaThread "C2 CompilerThread0" daemon [_thread_in_native, id=9656, stack(0x000000000b810000,0x000000000b910000)]
  0x0000000009ea9000 JavaThread "Attach Listener" daemon [_thread_blocked, id=9972, stack(0x000000000b580000,0x000000000b680000)]
  0x0000000009ea7000 JavaThread "Signal Dispatcher" daemon [_thread_blocked, id=5988, stack(0x000000000b380000,0x000000000b480000)]
  0x00000000025b6800 JavaThread "Finalizer" daemon [_thread_blocked, id=8576, stack(0x000000000b1c0000,0x000000000b2c0000)]
  0x00000000025b5800 JavaThread "Reference Handler" daemon [_thread_blocked, id=8376, stack(0x000000000af80000,0x000000000b080000)]
  0x00000000024be800 JavaThread "main" [_thread_in_Java, id=10248, stack(0x0000000002860000,0x0000000002960000)]

Other Threads:
  0x0000000008ddd000 VMThread [stack: 0x000000000ae70000,0x000000000af70000] [id=1868]
  0x0000000009ecf800 WatcherThread [stack: 0x000000000bbf0000,0x000000000bcf0000] [id=7692]

VM state:not at safepoint (normal execution)

VM Mutex/Monitor currently owned by a thread: None

Heap
 PSYoungGen      total 38400K, used 17640K [0x00000000eaa80000, 0x00000000ed500000, 0x0000000100000000)
  eden space 33280K, 53% used [0x00000000eaa80000,0x00000000ebbba1d8,0x00000000ecb00000)
  from space 5120K, 0% used [0x00000000ed000000,0x00000000ed000000,0x00000000ed500000)
  to   space 5120K, 0% used [0x00000000ecb00000,0x00000000ecb00000,0x00000000ed000000)
 ParOldGen       total 87040K, used 0K [0x00000000c0000000, 0x00000000c5500000, 0x00000000eaa80000)
  object space 87040K, 0% used [0x00000000c0000000,0x00000000c0000000,0x00000000c5500000)
 PSPermGen       total 21504K, used 5648K [0x00000000bae00000, 0x00000000bc300000, 0x00000000c0000000)
  object space 21504K, 26% used [0x00000000bae00000,0x00000000bb3842a8,0x00000000bc300000)

Card table byte_map: [0x0000000005960000,0x0000000005b90000] byte_map_base: 0x0000000005389000

Polling page: 0x0000000001b60000

Code Cache  [0x0000000002960000, 0x0000000002bd0000, 0x0000000005960000)
 total_blobs=325 nmethods=87 adapters=191 free_code_cache=48644Kb largest_free_block=49786944

Compilation events (10 events):
Event: 1.417 Thread 0x0000000009eaa000   84             java.util.AbstractCollection::<init> (5 bytes)
Event: 1.418 Thread 0x0000000009eaa000 nmethod 84 0x00000000029dced0 code [0x00000000029dd000, 0x00000000029dd058]
Event: 1.420 Thread 0x0000000009eae000   85             com.android.dx.ssa.NormalSsaInsn::getOpcode (8 bytes)
Event: 1.421 Thread 0x0000000009eae000 nmethod 85 0x00000000029db890 code [0x00000000029db9c0, 0x00000000029dba38]
Event: 1.421 Thread 0x0000000009eaa000   86             com.android.dx.rop.code.InsnList::get (9 bytes)
Event: 1.422 Thread 0x0000000009eaa000 nmethod 86 0x00000000029df290 code [0x00000000029df3e0, 0x00000000029df4b8]
Event: 1.424 Thread 0x0000000009eae000   87             com.android.dx.ssa.SsaMethod::computeReachability (131 bytes)
Event: 1.425 Thread 0x0000000009eaa000   88             java.lang.Long::numberOfTrailingZeros (116 bytes)
Event: 1.425 Thread 0x0000000009eaa000 nmethod 88 0x00000000029df010 code [0x00000000029df140, 0x00000000029df218]
Event: 1.427 Thread 0x0000000009eaa000   89             com.android.dx.ssa.back.LivenessAnalyzer::handleTailRecursion (94 bytes)

GC Heap History (0 events):
No events

Deoptimization events (3 events):
Event: 0.449 Thread 0x00000000024be800 Uncommon trap: reason=unstable_if action=reinterpret pc=0x00000000029c0dc4 method=java.lang.String.indexOf(II)I @ 49
Event: 1.366 Thread 0x000000000a14e800 Uncommon trap: reason=unstable_if action=reinterpret pc=0x00000000029d8660 method=java.util.BitSet.nextSetBit(I)I @ 87
Event: 1.417 Thread 0x000000000a14e000 Uncommon trap: reason=null_check action=make_not_entrant pc=0x00000000029dfbe0 method=com.android.dx.rop.code.LocalItem.equals(Ljava/lang/Object;)Z @ 1

Internal exceptions (10 events):
Event: 0.899 Thread 0x000000000a14e800 Threw 0x00000000eb783e30 at C:\re\jdk7u80\2329\hotspot\src\share\vm\prims\jvm.cpp:1319
Event: 0.899 Thread 0x000000000a14e800 Threw 0x00000000eb7880e8 at C:\re\jdk7u80\2329\hotspot\src\share\vm\prims\jvm.cpp:1319
Event: 0.900 Thread 0x000000000a14e800 Threw 0x00000000eb78b5a0 at C:\re\jdk7u80\2329\hotspot\src\share\vm\prims\jvm.cpp:1319
Event: 0.904 Thread 0x00000000024be800 Threw 0x00000000eb535660 at C:\re\jdk7u80\2329\hotspot\src\share\vm\prims\jvm.cpp:1319
Event: 0.904 Thread 0x00000000024be800 Threw 0x00000000eb53b6d0 at C:\re\jdk7u80\2329\hotspot\src\share\vm\prims\jvm.cpp:1319
Event: 0.905 Thread 0x00000000024be800 Threw 0x00000000eb53fdf0 at C:\re\jdk7u80\2329\hotspot\src\share\vm\prims\jvm.cpp:1319
Event: 0.907 Thread 0x00000000024be800 Threw 0x00000000eb547e88 at C:\re\jdk7u80\2329\hotspot\src\share\vm\prims\jvm.cpp:1319
Event: 0.941 Thread 0x000000000a14d000 Threw 0x00000000eb293260 at C:\re\jdk7u80\2329\hotspot\src\share\vm\prims\jvm.cpp:1319
Event: 0.957 Thread 0x000000000a14d000 Threw 0x00000000eb2a7f48 at C:\re\jdk7u80\2329\hotspot\src\share\vm\prims\jvm.cpp:1319
Event: 1.417 Thread 0x000000000a14e000 Implicit null exception at 0x00000000029df9e3 to 0x00000000029dfbb9

Events (10 events):
Event: 0.956 loading class 0x000000000a142450
Event: 0.956 loading class 0x000000000a142450 done
Event: 1.337 loading class 0x0000000008c37fe0
Event: 1.337 loading class 0x0000000008c37fe0 done
Event: 1.366 Thread 0x000000000a14e800 Uncommon trap: trap_request=0xffffff75 fr.pc=0x00000000029d8660
Event: 1.366 Thread 0x000000000a14e800 DEOPT PACKING pc=0x00000000029d8660 sp=0x000000000c2aecf0
Event: 1.366 Thread 0x000000000a14e800 DEOPT UNPACKING pc=0x0000000002999064 sp=0x000000000c2aec88 mode 2
Event: 1.417 Thread 0x000000000a14e000 Uncommon trap: trap_request=0xfffffff4 fr.pc=0x00000000029dfbe0
Event: 1.417 Thread 0x000000000a14e000 DEOPT PACKING pc=0x00000000029dfbe0 sp=0x000000000bdee670
Event: 1.417 Thread 0x000000000a14e000 DEOPT UNPACKING pc=0x0000000002999064 sp=0x000000000bdee5b0 mode 2


Dynamic libraries:
0x000000013f570000 - 0x000000013f5a3000 	D:\java\jdk1.7.0_80\bin\java.exe
0x00000000774b0000 - 0x000000007765a000 	C:\Windows\SYSTEM32\ntdll.dll
0x0000000077290000 - 0x00000000773af000 	C:\Windows\system32\kernel32.dll
0x000007fefd460000 - 0x000007fefd4cb000 	C:\Windows\system32\KERNELBASE.dll
0x000007fefeca0000 - 0x000007fefed7b000 	C:\Windows\system32\ADVAPI32.dll
0x000007fefee50000 - 0x000007fefeeef000 	C:\Windows\system32\msvcrt.dll
0x000007fefde70000 - 0x000007fefde8f000 	C:\Windows\SYSTEM32\sechost.dll
0x000007feff5c0000 - 0x000007feff6ed000 	C:\Windows\system32\RPCRT4.dll
0x00000000773b0000 - 0x00000000774aa000 	C:\Windows\system32\USER32.dll
0x000007fefec30000 - 0x000007fefec97000 	C:\Windows\system32\GDI32.dll
0x000007fefec20000 - 0x000007fefec2e000 	C:\Windows\system32\LPK.dll
0x000007feff4f0000 - 0x000007feff5ba000 	C:\Windows\system32\USP10.dll
0x000007fefbfb0000 - 0x000007fefc1a4000 	C:\Windows\WinSxS\amd64_microsoft.windows.common-controls_6595b64144ccf1df_6.0.7601.18837_none_fa3b1e3d17594757\COMCTL32.dll
0x000007feff6f0000 - 0x000007feff761000 	C:\Windows\system32\SHLWAPI.dll
0x000007fefed80000 - 0x000007fefedae000 	C:\Windows\system32\IMM32.DLL
0x000007fefef10000 - 0x000007feff019000 	C:\Windows\system32\MSCTF.dll
0x0000000062840000 - 0x0000000062912000 	D:\java\jdk1.7.0_80\jre\bin\msvcr100.dll
0x0000000062d20000 - 0x00000000634f9000 	D:\java\jdk1.7.0_80\jre\bin\server\jvm.dll
0x000007fef37a0000 - 0x000007fef37a9000 	C:\Windows\system32\WSOCK32.dll
0x000007feff770000 - 0x000007feff7bd000 	C:\Windows\system32\WS2_32.dll
0x000007fefd840000 - 0x000007fefd848000 	C:\Windows\system32\NSI.dll
0x000007fef9e60000 - 0x000007fef9e9b000 	C:\Windows\system32\WINMM.dll
0x0000000077670000 - 0x0000000077677000 	C:\Windows\system32\PSAPI.DLL
0x0000000071ac0000 - 0x0000000071acf000 	D:\java\jdk1.7.0_80\jre\bin\verify.dll
0x000000006b8a0000 - 0x000000006b8c8000 	D:\java\jdk1.7.0_80\jre\bin\java.dll
0x00000000710f0000 - 0x0000000071106000 	D:\java\jdk1.7.0_80\jre\bin\zip.dll
0x0000000070dc0000 - 0x0000000070dda000 	D:\java\jdk1.7.0_80\jre\bin\net.dll
0x000007fefcc20000 - 0x000007fefcc75000 	C:\Windows\system32\mswsock.dll
0x000007fefcc10000 - 0x000007fefcc17000 	C:\Windows\System32\wship6.dll
0x00000000707b0000 - 0x00000000707c1000 	D:\java\jdk1.7.0_80\jre\bin\nio.dll

VM Arguments:
jvm_args: -Xmx1024M -Dfile.encoding=GBK -Duser.country=CN -Duser.language=zh -Duser.variant 
java_command: com.android.dx.command.Main --dex --num-threads=4 --output F:\AndroidStudioProjects\Thermal\app\build\intermediates\pre-dexed\debug\okhttp-2.4.0-1a88588d86205825a3225019b657d26fc4d4e22f.jar C:\Users\Administrator\.gradle\caches\modules-2\files-2.1\com.squareup.okhttp\okhttp\2.4.0\40340c0748190fe897baf7bffbc1b282734294e5\okhttp-2.4.0.jar
Launcher Type: SUN_STANDARD

Environment Variables:
JAVA_HOME=D:\java\jdk1.7.0_80
CLASSPATH=.;JAVA_HOME\lib;JAVA_HOME\lib\tools.jar
PATH=F:\AppData\Local\Android\sdk\platform-tools;E:\adt-bundle-windows-x86_64-20140702\sdk\platform-tools;E:\adt-bundle-windows-x86_64-20140702\sdk\sdk\tools;JAVA_HOME\bin;JAVA_HOME\jre\bin;C:\Program Files (x86)\AMD APP\bin\x86_64;C:\Program Files (x86)\AMD APP\bin\x86;C:\Windows\system32;C:\Windows;C:\Windows\System32\Wbem;C:\Windows\System32\WindowsPowerShell\v1.0\;C:\Program Files (x86)\AMD\ATI.ACE\Core-Static;C:\Program Files (x86)\Common Files\microsoft shared\TigerKin;C:\Program Files (x86)\Skype\Phone\;E:\Subversion\bin;C:\Program Files\TortoiseSVN\bin
USERNAME=Administrator
OS=Windows_NT
PROCESSOR_IDENTIFIER=AMD64 Family 21 Model 2 Stepping 0, AuthenticAMD



---------------  S Y S T E M  ---------------

OS: Windows 7 , 64 bit Build 7601 Service Pack 1

CPU:total 8 (8 cores per cpu, 1 threads per core) family 21 model 2 stepping 0, cmov, cx8, fxsr, mmx, sse, sse2, sse3, ssse3, sse4.1, sse4.2, popcnt, avx, aes, mmxext, 3dnowpref, lzcnt, sse4a, tsc, tscinvbit, tscinv

Memory: 4k page, physical 8354464k(1137644k free), swap 10449780k(5192k free)

vm_info: Java HotSpot(TM) 64-Bit Server VM (24.80-b11) for windows-amd64 JRE (1.7.0_80-b15), built on Apr 10 2015 11:26:34 by "java_re" with unknown MS VC++:1600

time: Tue May 24 16:42:42 2016
elapsed time: 1 seconds

