#
# There is insufficient memory for the Java Runtime Environment to continue.
# Native memory allocation (malloc) failed to allocate 263696 bytes for Chunk::new
# Possible reasons:
#   The system is out of physical RAM or swap space
#   In 32 bit mode, the process size limit was hit
# Possible solutions:
#   Reduce memory load on the system
#   Increase physical memory or swap space
#   Check if swap backing store is full
#   Use 64 bit Java on a 64 bit OS
#   Decrease Java heap size (-Xmx/-Xms)
#   Decrease number of Java threads
#   Decrease Java thread stack sizes (-Xss)
#   Set larger code cache with -XX:ReservedCodeCacheSize=
# This output file may be truncated or incomplete.
#
#  Out of Memory Error (allocation.cpp:323), pid=10856, tid=8636
#
# JRE version: Java(TM) SE Runtime Environment (7.0_80-b15) (build 1.7.0_80-b15)
# Java VM: Java HotSpot(TM) 64-Bit Server VM (24.80-b11 mixed mode windows-amd64 compressed oops)
# Failed to write core dump. Minidumps are not enabled by default on client versions of Windows
#

---------------  T H R E A D  ---------------

Current thread (0x0000000008fc4800):  JavaThread "C2 CompilerThread1" daemon [_thread_in_native, id=8636, stack(0x000000000b120000,0x000000000b220000)]

Stack: [0x000000000b120000,0x000000000b220000]
[error occurred during error reporting (printing stack bounds), id 0xc0000005]


[error occurred during error reporting (printing native stack), id 0xc0000005]


Current CompileTask:
C2:   1677   96             com.android.dx.ssa.SsaMethod::computeReachability (131 bytes)


---------------  P R O C E S S  ---------------

Java Threads: ( => current thread )
  0x000000000a142000 JavaThread "pool-1-thread-4" [_thread_in_Java, id=10844, stack(0x000000000c230000,0x000000000c330000)]
  0x000000000a13d800 JavaThread "pool-1-thread-3" [_thread_in_Java, id=5800, stack(0x000000000c040000,0x000000000c140000)]
  0x000000000a13c800 JavaThread "pool-1-thread-2" [_thread_blocked, id=7256, stack(0x000000000bf00000,0x000000000c000000)]
  0x000000000a1f6000 JavaThread "pool-2-thread-1" [_thread_blocked, id=10464, stack(0x000000000bd70000,0x000000000be70000)]
  0x000000000a1f4000 JavaThread "pool-1-thread-1" [_thread_in_Java, id=2600, stack(0x000000000bc10000,0x000000000bd10000)]
  0x0000000008fcd000 JavaThread "Service Thread" daemon [_thread_blocked, id=9476, stack(0x000000000b990000,0x000000000ba90000)]
=>0x0000000008fc4800 JavaThread "C2 CompilerThread1" daemon [_thread_in_native, id=8636, stack(0x000000000b120000,0x000000000b220000)]
  0x0000000008fc0800 JavaThread "C2 CompilerThread0" daemon [_thread_in_native, id=5152, stack(0x000000000b7a0000,0x000000000b8a0000)]
  0x0000000008fbf800 JavaThread "Attach Listener" daemon [_thread_blocked, id=6012, stack(0x000000000b600000,0x000000000b700000)]
  0x0000000009f6d000 JavaThread "Signal Dispatcher" daemon [_thread_blocked, id=9500, stack(0x000000000b460000,0x000000000b560000)]
  0x000000000254c000 JavaThread "Finalizer" daemon [_thread_blocked, id=10024, stack(0x000000000b220000,0x000000000b320000)]
  0x0000000002545800 JavaThread "Reference Handler" daemon [_thread_blocked, id=11208, stack(0x000000000b000000,0x000000000b100000)]
  0x000000000038e800 JavaThread "main" [_thread_blocked, id=10932, stack(0x0000000002670000,0x0000000002770000)]

Other Threads:
  0x0000000008fad000 VMThread [stack: 0x000000000ae70000,0x000000000af70000] [id=6636]
  0x0000000008fce000 WatcherThread [stack: 0x000000000b350000,0x000000000b450000] [id=8388]

VM state:not at safepoint (normal execution)

VM Mutex/Monitor currently owned by a thread: None

Heap
 PSYoungGen      total 38400K, used 21587K [0x00000000eaa80000, 0x00000000ed500000, 0x0000000100000000)
  eden space 33280K, 64% used [0x00000000eaa80000,0x00000000ebf94c50,0x00000000ecb00000)
  from space 5120K, 0% used [0x00000000ed000000,0x00000000ed000000,0x00000000ed500000)
  to   space 5120K, 0% used [0x00000000ecb00000,0x00000000ecb00000,0x00000000ed000000)
 ParOldGen       total 87040K, used 0K [0x00000000c0000000, 0x00000000c5500000, 0x00000000eaa80000)
  object space 87040K, 0% used [0x00000000c0000000,0x00000000c0000000,0x00000000c5500000)
 PSPermGen       total 21504K, used 5689K [0x00000000bae00000, 0x00000000bc300000, 0x00000000c0000000)
  object space 21504K, 26% used [0x00000000bae00000,0x00000000bb38e480,0x00000000bc300000)

Card table byte_map: [0x0000000005830000,0x0000000005a60000] byte_map_base: 0x0000000005259000

Polling page: 0x0000000000230000

Code Cache  [0x0000000002770000, 0x00000000029e0000, 0x0000000005770000)
 total_blobs=335 nmethods=97 adapters=191 free_code_cache=48639Kb largest_free_block=49781440

Compilation events (10 events):
Event: 1.664 Thread 0x0000000008fc4800 nmethod 92 0x00000000027eea10 code [0x00000000027eeb40, 0x00000000027eebb8]
Event: 1.664 Thread 0x0000000008fc4800   94             java.util.ArrayList$Itr::<init> (6 bytes)
Event: 1.664 Thread 0x0000000008fc0800 nmethod 93 0x00000000027ee750 code [0x00000000027ee8a0, 0x00000000027ee938]
Event: 1.665 Thread 0x0000000008fc4800 nmethod 94 0x00000000027ee510 code [0x00000000027ee640, 0x00000000027ee6b8]
Event: 1.665 Thread 0x0000000008fc0800   95             java.util.ArrayList::iterator (10 bytes)
Event: 1.665 Thread 0x0000000008fc4800   96             com.android.dx.ssa.SsaMethod::computeReachability (131 bytes)
Event: 1.666 Thread 0x0000000008fc0800 nmethod 95 0x00000000027f2e10 code [0x00000000027f2f60, 0x00000000027f3018]
Event: 1.668 Thread 0x0000000008fc0800   97             com.android.dx.rop.code.BasicBlockList::get (9 bytes)
Event: 1.669 Thread 0x0000000008fc0800 nmethod 97 0x00000000027f2ad0 code [0x00000000027f2c20, 0x00000000027f2cd8]
Event: 1.669 Thread 0x0000000008fc0800   98             com.android.dx.rop.code.RegisterSpecSet::mutableCopy (57 bytes)

GC Heap History (0 events):
No events

Deoptimization events (3 events):
Event: 0.402 Thread 0x000000000038e800 Uncommon trap: reason=unstable_if action=reinterpret pc=0x00000000027d0ac4 method=java.lang.String.indexOf(II)I @ 49
Event: 0.420 Thread 0x000000000038e800 Uncommon trap: reason=unstable_if action=reinterpret pc=0x00000000027d1ac4 method=java.lang.String.compareTo(Ljava/lang/String;)I @ 38
Event: 0.920 Thread 0x000000000a13c800 Uncommon trap: reason=class_check action=maybe_recompile pc=0x00000000027ea034 method=com.android.dx.ssa.NormalSsaInsn.accept(Lcom/android/dx/ssa/SsaInsn$Visitor;)V @ 9

Internal exceptions (10 events):
Event: 0.725 Thread 0x000000000a1f4000 Threw 0x00000000eba685c0 at C:\re\jdk7u80\2329\hotspot\src\share\vm\prims\jvm.cpp:1319
Event: 0.726 Thread 0x000000000a1f4000 Threw 0x00000000eba6cae0 at C:\re\jdk7u80\2329\hotspot\src\share\vm\prims\jvm.cpp:1319
Event: 0.726 Thread 0x000000000a1f4000 Threw 0x00000000eba71d70 at C:\re\jdk7u80\2329\hotspot\src\share\vm\prims\jvm.cpp:1319
Event: 0.727 Thread 0x000000000a1f4000 Threw 0x00000000eba77420 at C:\re\jdk7u80\2329\hotspot\src\share\vm\prims\jvm.cpp:1319
Event: 0.727 Thread 0x000000000a1f4000 Threw 0x00000000eba7c848 at C:\re\jdk7u80\2329\hotspot\src\share\vm\prims\jvm.cpp:1319
Event: 0.748 Thread 0x000000000038e800 Threw 0x00000000eb46cff0 at C:\re\jdk7u80\2329\hotspot\src\share\vm\prims\jvm.cpp:1319
Event: 0.799 Thread 0x000000000a142000 Threw 0x00000000eb807230 at C:\re\jdk7u80\2329\hotspot\src\share\vm\prims\jvm.cpp:1319
Event: 0.882 Thread 0x000000000a142000 Threw 0x00000000ebc80698 at C:\re\jdk7u80\2329\hotspot\src\share\vm\prims\jvm.cpp:1319
Event: 0.936 Thread 0x000000000a13d800 Threw 0x00000000ebdb21d8 at C:\re\jdk7u80\2329\hotspot\src\share\vm\prims\jvm.cpp:1319
Event: 1.673 Thread 0x000000000038e800 Threw 0x00000000ebe68680 at C:\re\jdk7u80\2329\hotspot\src\share\vm\prims\jvm.cpp:1319

Events (10 events):
Event: 0.936 loading class 0x000000000a1f5600
Event: 0.936 loading class 0x000000000a1f5600 done
Event: 0.939 loading class 0x0000000008e03be0
Event: 0.939 loading class 0x0000000008e03be0 done
Event: 0.939 loading class 0x0000000008e03bb0
Event: 0.939 loading class 0x0000000008e03bb0 done
Event: 1.664 loading class 0x0000000008dff5b0
Event: 1.664 loading class 0x0000000008dff5b0 done
Event: 1.673 loading class 0x000000000a0df1a0
Event: 1.673 loading class 0x000000000a0df1a0 done


Dynamic libraries:
0x000000013f980000 - 0x000000013f9b3000 	D:\java\jdk1.7.0_80\bin\java.exe
0x00000000774b0000 - 0x000000007765a000 	C:\Windows\SYSTEM32\ntdll.dll
0x0000000077290000 - 0x00000000773af000 	C:\Windows\system32\kernel32.dll
0x000007fefd460000 - 0x000007fefd4cb000 	C:\Windows\system32\KERNELBASE.dll
0x000007fefeca0000 - 0x000007fefed7b000 	C:\Windows\system32\ADVAPI32.dll
0x000007fefee50000 - 0x000007fefeeef000 	C:\Windows\system32\msvcrt.dll
0x000007fefde70000 - 0x000007fefde8f000 	C:\Windows\SYSTEM32\sechost.dll
0x000007feff5c0000 - 0x000007feff6ed000 	C:\Windows\system32\RPCRT4.dll
0x00000000773b0000 - 0x00000000774aa000 	C:\Windows\system32\USER32.dll
0x000007fefec30000 - 0x000007fefec97000 	C:\Windows\system32\GDI32.dll
0x000007fefec20000 - 0x000007fefec2e000 	C:\Windows\system32\LPK.dll
0x000007feff4f0000 - 0x000007feff5ba000 	C:\Windows\system32\USP10.dll
0x000007fefbfb0000 - 0x000007fefc1a4000 	C:\Windows\WinSxS\amd64_microsoft.windows.common-controls_6595b64144ccf1df_6.0.7601.18837_none_fa3b1e3d17594757\COMCTL32.dll
0x000007feff6f0000 - 0x000007feff761000 	C:\Windows\system32\SHLWAPI.dll
0x000007fefed80000 - 0x000007fefedae000 	C:\Windows\system32\IMM32.DLL
0x000007fefef10000 - 0x000007feff019000 	C:\Windows\system32\MSCTF.dll
0x000000005a080000 - 0x000000005a152000 	D:\java\jdk1.7.0_80\jre\bin\msvcr100.dll
0x0000000059340000 - 0x0000000059b19000 	D:\java\jdk1.7.0_80\jre\bin\server\jvm.dll
0x000007fef37a0000 - 0x000007fef37a9000 	C:\Windows\system32\WSOCK32.dll
0x000007feff770000 - 0x000007feff7bd000 	C:\Windows\system32\WS2_32.dll
0x000007fefd840000 - 0x000007fefd848000 	C:\Windows\system32\NSI.dll
0x000007fef9e60000 - 0x000007fef9e9b000 	C:\Windows\system32\WINMM.dll
0x0000000077670000 - 0x0000000077677000 	C:\Windows\system32\PSAPI.DLL
0x000000005b070000 - 0x000000005b07f000 	D:\java\jdk1.7.0_80\jre\bin\verify.dll
0x000000005b040000 - 0x000000005b068000 	D:\java\jdk1.7.0_80\jre\bin\java.dll
0x000000005aff0000 - 0x000000005b006000 	D:\java\jdk1.7.0_80\jre\bin\zip.dll
0x000000005afd0000 - 0x000000005afea000 	D:\java\jdk1.7.0_80\jre\bin\net.dll
0x000007fefcc20000 - 0x000007fefcc75000 	C:\Windows\system32\mswsock.dll
0x000007fefcc10000 - 0x000007fefcc17000 	C:\Windows\System32\wship6.dll
0x000000005afb0000 - 0x000000005afc1000 	D:\java\jdk1.7.0_80\jre\bin\nio.dll

VM Arguments:
jvm_args: -Xmx1024M -Dfile.encoding=GBK -Duser.country=CN -Duser.language=zh -Duser.variant 
java_command: com.android.dx.command.Main --dex --num-threads=4 --output F:\AndroidStudioProjects\Thermal\app\build\intermediates\pre-dexed\debug\classes-a1dd7f1374890fd43fd70cbcd3d3003a50c028fe.jar F:\AndroidStudioProjects\Thermal\app\build\intermediates\exploded-aar\com.android.support\appcompat-v7\23.2.1\jars\classes.jar
Launcher Type: SUN_STANDARD

Environment Variables:
JAVA_HOME=D:\java\jdk1.7.0_80
CLASSPATH=.;JAVA_HOME\lib;JAVA_HOME\lib\tools.jar
PATH=F:\AppData\Local\Android\sdk\platform-tools;E:\adt-bundle-windows-x86_64-20140702\sdk\platform-tools;E:\adt-bundle-windows-x86_64-20140702\sdk\sdk\tools;JAVA_HOME\bin;JAVA_HOME\jre\bin;C:\Program Files (x86)\AMD APP\bin\x86_64;C:\Program Files (x86)\AMD APP\bin\x86;C:\Windows\system32;C:\Windows;C:\Windows\System32\Wbem;C:\Windows\System32\WindowsPowerShell\v1.0\;C:\Program Files (x86)\AMD\ATI.ACE\Core-Static;C:\Program Files (x86)\Common Files\microsoft shared\TigerKin;C:\Program Files (x86)\Skype\Phone\;E:\Subversion\bin;C:\Program Files\TortoiseSVN\bin
USERNAME=Administrator
OS=Windows_NT
PROCESSOR_IDENTIFIER=AMD64 Family 21 Model 2 Stepping 0, AuthenticAMD



---------------  S Y S T E M  ---------------

OS: Windows 7 , 64 bit Build 7601 Service Pack 1

CPU:total 8 (8 cores per cpu, 1 threads per core) family 21 model 2 stepping 0, cmov, cx8, fxsr, mmx, sse, sse2, sse3, ssse3, sse4.1, sse4.2, popcnt, avx, aes, mmxext, 3dnowpref, lzcnt, sse4a, tsc, tscinvbit, tscinv

Memory: 4k page, physical 8354464k(986820k free), swap 10449780k(5280k free)

vm_info: Java HotSpot(TM) 64-Bit Server VM (24.80-b11) for windows-amd64 JRE (1.7.0_80-b15), built on Apr 10 2015 11:26:34 by "java_re" with unknown MS VC++:1600

time: Tue May 24 11:33:49 2016
elapsed time: 1 seconds

