#
# There is insufficient memory for the Java Runtime Environment to continue.
# Native memory allocation (malloc) failed to allocate 1661856 bytes for Chunk::new
# Possible reasons:
#   The system is out of physical RAM or swap space
#   In 32 bit mode, the process size limit was hit
# Possible solutions:
#   Reduce memory load on the system
#   Increase physical memory or swap space
#   Check if swap backing store is full
#   Use 64 bit Java on a 64 bit OS
#   Decrease Java heap size (-Xmx/-Xms)
#   Decrease number of Java threads
#   Decrease Java thread stack sizes (-Xss)
#   Set larger code cache with -XX:ReservedCodeCacheSize=
# This output file may be truncated or incomplete.
#
#  Out of Memory Error (allocation.cpp:323), pid=5576, tid=3876
#
# JRE version: Java(TM) SE Runtime Environment (7.0_80-b15) (build 1.7.0_80-b15)
# Java VM: Java HotSpot(TM) 64-Bit Server VM (24.80-b11 mixed mode windows-amd64 compressed oops)
# Failed to write core dump. Minidumps are not enabled by default on client versions of Windows
#

---------------  T H R E A D  ---------------

Current thread (0x000000000a0d5800):  JavaThread "C2 CompilerThread1" daemon [_thread_in_native, id=3876, stack(0x000000000baf0000,0x000000000bbf0000)]

Stack: [0x000000000baf0000,0x000000000bbf0000]
[error occurred during error reporting (printing stack bounds), id 0xc0000005]


[error occurred during error reporting (printing native stack), id 0xc0000005]


Current CompileTask:
C2:   4781  220             com.android.dx.ssa.SCCP::run (298 bytes)


---------------  P R O C E S S  ---------------

Java Threads: ( => current thread )
  0x000000000a333800 JavaThread "pool-1-thread-4" [_thread_blocked, id=2152, stack(0x000000000c5d0000,0x000000000c6d0000)]
  0x000000000a332000 JavaThread "pool-1-thread-3" [_thread_blocked, id=10620, stack(0x000000000c470000,0x000000000c570000)]
  0x000000000a331000 JavaThread "pool-1-thread-2" [_thread_blocked, id=8664, stack(0x000000000bdc0000,0x000000000bec0000)]
  0x000000000a1e3000 JavaThread "pool-2-thread-1" [_thread_blocked, id=3800, stack(0x000000000c1e0000,0x000000000c2e0000)]
  0x000000000a1dd000 JavaThread "pool-1-thread-1" [_thread_in_Java, id=9656, stack(0x000000000c040000,0x000000000c140000)]
  0x000000000a0d7800 JavaThread "Service Thread" daemon [_thread_blocked, id=8956, stack(0x000000000b950000,0x000000000ba50000)]
=>0x000000000a0d5800 JavaThread "C2 CompilerThread1" daemon [_thread_in_native, id=3876, stack(0x000000000baf0000,0x000000000bbf0000)]
  0x0000000009128800 JavaThread "C2 CompilerThread0" daemon [_thread_in_native, id=7916, stack(0x000000000afc0000,0x000000000b0c0000)]
  0x000000000a0c6000 JavaThread "Attach Listener" daemon [_thread_blocked, id=9260, stack(0x000000000b810000,0x000000000b910000)]
  0x000000000a0c4000 JavaThread "Signal Dispatcher" daemon [_thread_blocked, id=3328, stack(0x000000000b680000,0x000000000b780000)]
  0x00000000025ac000 JavaThread "Finalizer" daemon [_thread_blocked, id=8944, stack(0x000000000b530000,0x000000000b630000)]
  0x00000000025a5800 JavaThread "Reference Handler" daemon [_thread_blocked, id=8768, stack(0x000000000b380000,0x000000000b480000)]
  0x000000000028e800 JavaThread "main" [_thread_in_Java, id=10608, stack(0x0000000002800000,0x0000000002900000)]

Other Threads:
  0x000000000910d000 VMThread [stack: 0x000000000b1a0000,0x000000000b2a0000] [id=7924]
  0x000000000a0e4000 WatcherThread [stack: 0x000000000bc70000,0x000000000bd70000] [id=8716]

VM state:not at safepoint (normal execution)

VM Mutex/Monitor currently owned by a thread: None

Heap
 PSYoungGen      total 38400K, used 14431K [0x00000000eaa80000, 0x00000000ef580000, 0x0000000100000000)
  eden space 33280K, 28% used [0x00000000eaa80000,0x00000000eb39f668,0x00000000ecb00000)
  from space 5120K, 99% used [0x00000000ecb00000,0x00000000ecff8638,0x00000000ed000000)
  to   space 5120K, 0% used [0x00000000ef080000,0x00000000ef080000,0x00000000ef580000)
 ParOldGen       total 87040K, used 1452K [0x00000000c0000000, 0x00000000c5500000, 0x00000000eaa80000)
  object space 87040K, 1% used [0x00000000c0000000,0x00000000c016b140,0x00000000c5500000)
 PSPermGen       total 21504K, used 5833K [0x00000000bae00000, 0x00000000bc300000, 0x00000000c0000000)
  object space 21504K, 27% used [0x00000000bae00000,0x00000000bb3b2708,0x00000000bc300000)

Card table byte_map: [0x0000000005900000,0x0000000005b30000] byte_map_base: 0x0000000005329000

Polling page: 0x0000000000230000

Code Cache  [0x0000000002900000, 0x0000000002b70000, 0x0000000005900000)
 total_blobs=456 nmethods=220 adapters=189 free_code_cache=48326Kb largest_free_block=49460544

Compilation events (10 events):
Event: 4.715 Thread 0x000000000a0d5800 nmethod 215 0x00000000029c7610 code [0x00000000029c7780, 0x00000000029c7978]
Event: 4.715 Thread 0x000000000a0d5800  216             com.android.dx.ssa.SsaMethod$2::addToUses (48 bytes)
Event: 4.728 Thread 0x000000000a0d5800 nmethod 216 0x00000000029c56d0 code [0x00000000029c5880, 0x00000000029c6078]
Event: 4.728 Thread 0x000000000a0d5800  217   !         com.android.dx.util.IntList::set (53 bytes)
Event: 4.729 Thread 0x000000000a0d5800 nmethod 217 0x00000000029b3a50 code [0x00000000029b3ba0, 0x00000000029b3c78]
Event: 4.729 Thread 0x000000000a0d5800  218             java.lang.AbstractStringBuilder::ensureCapacityInternal (16 bytes)
Event: 4.732 Thread 0x000000000a0d5800 nmethod 218 0x00000000029d2c90 code [0x00000000029d2de0, 0x00000000029d3018]
Event: 4.732 Thread 0x000000000a0d5800  219             com.android.dx.ssa.SsaRenamer::access$000 (5 bytes)
Event: 4.732 Thread 0x000000000a0d5800 nmethod 219 0x00000000029d3190 code [0x00000000029d32c0, 0x00000000029d3318]
Event: 4.732 Thread 0x000000000a0d5800  220             com.android.dx.ssa.SCCP::run (298 bytes)

GC Heap History (2 events):
Event: 3.348 GC heap before
{Heap before GC invocations=1 (full 0):
 PSYoungGen      total 38400K, used 33280K [0x00000000eaa80000, 0x00000000ed500000, 0x0000000100000000)
  eden space 33280K, 100% used [0x00000000eaa80000,0x00000000ecb00000,0x00000000ecb00000)
  from space 5120K, 0% used [0x00000000ed000000,0x00000000ed000000,0x00000000ed500000)
  to   space 5120K, 0% used [0x00000000ecb00000,0x00000000ecb00000,0x00000000ed000000)
 ParOldGen       total 87040K, used 0K [0x00000000c0000000, 0x00000000c5500000, 0x00000000eaa80000)
  object space 87040K, 0% used [0x00000000c0000000,0x00000000c0000000,0x00000000c5500000)
 PSPermGen       total 21504K, used 5806K [0x00000000bae00000, 0x00000000bc300000, 0x00000000c0000000)
  object space 21504K, 27% used [0x00000000bae00000,0x00000000bb3ab968,0x00000000bc300000)
Event: 4.272 GC heap after
Heap after GC invocations=1 (full 0):
 PSYoungGen      total 38400K, used 5089K [0x00000000eaa80000, 0x00000000ef580000, 0x0000000100000000)
  eden space 33280K, 0% used [0x00000000eaa80000,0x00000000eaa80000,0x00000000ecb00000)
  from space 5120K, 99% used [0x00000000ecb00000,0x00000000ecff8638,0x00000000ed000000)
  to   space 5120K, 0% used [0x00000000ef080000,0x00000000ef080000,0x00000000ef580000)
 ParOldGen       total 87040K, used 1452K [0x00000000c0000000, 0x00000000c5500000, 0x00000000eaa80000)
  object space 87040K, 1% used [0x00000000c0000000,0x00000000c016b140,0x00000000c5500000)
 PSPermGen       total 21504K, used 5806K [0x00000000bae00000, 0x00000000bc300000, 0x00000000c0000000)
  object space 21504K, 27% used [0x00000000bae00000,0x00000000bb3ab968,0x00000000bc300000)
}

Deoptimization events (9 events):
Event: 2.002 Thread 0x000000000028e800 Uncommon trap: reason=unstable_if action=reinterpret pc=0x0000000002960dc4 method=java.lang.String.indexOf(II)I @ 49
Event: 2.277 Thread 0x000000000028e800 Uncommon trap: reason=unstable_if action=reinterpret pc=0x0000000002967444 method=java.lang.String.compareTo(Ljava/lang/String;)I @ 38
Event: 2.728 Thread 0x000000000a332000 Uncommon trap: reason=class_check action=maybe_recompile pc=0x000000000298cdac method=com.android.dx.ssa.NormalSsaInsn.accept(Lcom/android/dx/ssa/SsaInsn$Visitor;)V @ 9
Event: 2.833 Thread 0x000000000a332000 Uncommon trap: reason=class_check action=maybe_recompile pc=0x000000000298cdac method=com.android.dx.ssa.NormalSsaInsn.accept(Lcom/android/dx/ssa/SsaInsn$Visitor;)V @ 9
Event: 2.833 Thread 0x000000000a332000 Uncommon trap: reason=class_check action=maybe_recompile pc=0x0000000002978c34 method=com.android.dx.ssa.NormalSsaInsn.accept(Lcom/android/dx/ssa/SsaInsn$Visitor;)V @ 9
Event: 2.833 Thread 0x000000000a332000 Uncommon trap: reason=class_check action=maybe_recompile pc=0x0000000002978c34 method=com.android.dx.ssa.NormalSsaInsn.accept(Lcom/android/dx/ssa/SsaInsn$Visitor;)V @ 9
Event: 2.901 Thread 0x000000000a332000 Uncommon trap: reason=class_check action=maybe_recompile pc=0x000000000298cdac method=com.android.dx.ssa.NormalSsaInsn.accept(Lcom/android/dx/ssa/SsaInsn$Visitor;)V @ 9
Event: 4.417 Thread 0x000000000a331000 Uncommon trap: reason=unstable_if action=reinterpret pc=0x00000000029971c4 method=com.android.dx.rop.cst.Constant.compareTo(Lcom/android/dx/rop/cst/Constant;)I @ 12
Event: 4.688 Thread 0x000000000a1dd000 Uncommon trap: reason=unstable_if action=reinterpret pc=0x00000000029c1f2c method=com.android.dx.util.IntList.binarysearch(I)I @ 105

Internal exceptions (10 events):
Event: 2.460 Thread 0x000000000028e800 Threw 0x00000000eb470608 at C:\re\jdk7u80\2329\hotspot\src\share\vm\prims\jvm.cpp:1319
Event: 2.461 Thread 0x000000000028e800 Threw 0x00000000eb473438 at C:\re\jdk7u80\2329\hotspot\src\share\vm\prims\jvm.cpp:1319
Event: 2.464 Thread 0x000000000a1dd000 Threw 0x00000000eb57d4a8 at C:\re\jdk7u80\2329\hotspot\src\share\vm\prims\jvm.cpp:1319
Event: 2.468 Thread 0x000000000a333800 Threw 0x00000000eb413850 at C:\re\jdk7u80\2329\hotspot\src\share\vm\prims\jvm.cpp:1319
Event: 2.471 Thread 0x000000000028e800 Threw 0x00000000eb48b7a8 at C:\re\jdk7u80\2329\hotspot\src\share\vm\prims\jvm.cpp:1319
Event: 2.471 Thread 0x000000000a1dd000 Threw 0x00000000eb58d1c0 at C:\re\jdk7u80\2329\hotspot\src\share\vm\prims\jvm.cpp:1319
Event: 2.480 Thread 0x000000000a1dd000 Threw 0x00000000eb640db8 at C:\re\jdk7u80\2329\hotspot\src\share\vm\prims\jvm.cpp:1319
Event: 2.718 Thread 0x000000000a1dd000 Threw 0x00000000ebcbfdc8 at C:\re\jdk7u80\2329\hotspot\src\share\vm\prims\jvm.cpp:1319
Event: 2.855 Thread 0x000000000028e800 Threw 0x00000000ec129eb8 at C:\re\jdk7u80\2329\hotspot\src\share\vm\prims\jvm.cpp:1319
Event: 2.927 Thread 0x000000000028e800 Threw 0x00000000ec56f638 at C:\re\jdk7u80\2329\hotspot\src\share\vm\prims\jvm.cpp:1319

Events (10 events):
Event: 3.336 Executing VM operation: ParallelGCFailedAllocation
Event: 4.273 Executing VM operation: ParallelGCFailedAllocation done
Event: 4.417 Thread 0x000000000a331000 Uncommon trap: trap_request=0xffffff75 fr.pc=0x00000000029971c4
Event: 4.418 Thread 0x000000000a331000 DEOPT PACKING pc=0x00000000029971c4 sp=0x000000000bebe920
Event: 4.418 Thread 0x000000000a331000 DEOPT UNPACKING pc=0x0000000002939064 sp=0x000000000bebe8c0 mode 2
Event: 4.437 Executing VM operation: EnableBiasedLocking
Event: 4.438 Executing VM operation: EnableBiasedLocking done
Event: 4.688 Thread 0x000000000a1dd000 Uncommon trap: trap_request=0xffffff75 fr.pc=0x00000000029c1f2c
Event: 4.688 Thread 0x000000000a1dd000 DEOPT PACKING pc=0x00000000029c1f2c sp=0x000000000c13eaa0
Event: 4.688 Thread 0x000000000a1dd000 DEOPT UNPACKING pc=0x0000000002939064 sp=0x000000000c13e9c0 mode 2


Dynamic libraries:
0x000000013fad0000 - 0x000000013fb03000 	D:\java\jdk1.7.0_80\bin\java.exe
0x00000000774b0000 - 0x000000007765a000 	C:\Windows\SYSTEM32\ntdll.dll
0x0000000077290000 - 0x00000000773af000 	C:\Windows\system32\kernel32.dll
0x000007fefd460000 - 0x000007fefd4cb000 	C:\Windows\system32\KERNELBASE.dll
0x000007fefeca0000 - 0x000007fefed7b000 	C:\Windows\system32\ADVAPI32.dll
0x000007fefee50000 - 0x000007fefeeef000 	C:\Windows\system32\msvcrt.dll
0x000007fefde70000 - 0x000007fefde8f000 	C:\Windows\SYSTEM32\sechost.dll
0x000007feff5c0000 - 0x000007feff6ed000 	C:\Windows\system32\RPCRT4.dll
0x00000000773b0000 - 0x00000000774aa000 	C:\Windows\system32\USER32.dll
0x000007fefec30000 - 0x000007fefec97000 	C:\Windows\system32\GDI32.dll
0x000007fefec20000 - 0x000007fefec2e000 	C:\Windows\system32\LPK.dll
0x000007feff4f0000 - 0x000007feff5ba000 	C:\Windows\system32\USP10.dll
0x000007fefbfb0000 - 0x000007fefc1a4000 	C:\Windows\WinSxS\amd64_microsoft.windows.common-controls_6595b64144ccf1df_6.0.7601.18837_none_fa3b1e3d17594757\COMCTL32.dll
0x000007feff6f0000 - 0x000007feff761000 	C:\Windows\system32\SHLWAPI.dll
0x000007fefed80000 - 0x000007fefedae000 	C:\Windows\system32\IMM32.DLL
0x000007fefef10000 - 0x000007feff019000 	C:\Windows\system32\MSCTF.dll
0x0000000063250000 - 0x0000000063322000 	D:\java\jdk1.7.0_80\jre\bin\msvcr100.dll
0x0000000058940000 - 0x0000000059119000 	D:\java\jdk1.7.0_80\jre\bin\server\jvm.dll
0x000007fef37a0000 - 0x000007fef37a9000 	C:\Windows\system32\WSOCK32.dll
0x000007feff770000 - 0x000007feff7bd000 	C:\Windows\system32\WS2_32.dll
0x000007fefd840000 - 0x000007fefd848000 	C:\Windows\system32\NSI.dll
0x000007fef9e60000 - 0x000007fef9e9b000 	C:\Windows\system32\WINMM.dll
0x0000000077670000 - 0x0000000077677000 	C:\Windows\system32\PSAPI.DLL
0x0000000071aa0000 - 0x0000000071aaf000 	D:\java\jdk1.7.0_80\jre\bin\verify.dll
0x000000006b1a0000 - 0x000000006b1c8000 	D:\java\jdk1.7.0_80\jre\bin\java.dll
0x0000000070dc0000 - 0x0000000070dd6000 	D:\java\jdk1.7.0_80\jre\bin\zip.dll
0x00000000710f0000 - 0x000000007110a000 	D:\java\jdk1.7.0_80\jre\bin\net.dll
0x000007fefcc20000 - 0x000007fefcc75000 	C:\Windows\system32\mswsock.dll
0x000007fefcc10000 - 0x000007fefcc17000 	C:\Windows\System32\wship6.dll
0x0000000070760000 - 0x0000000070771000 	D:\java\jdk1.7.0_80\jre\bin\nio.dll

VM Arguments:
jvm_args: -Xmx1024M -Dfile.encoding=GBK -Duser.country=CN -Duser.language=zh -Duser.variant 
java_command: com.android.dx.command.Main --dex --num-threads=4 --output F:\AndroidStudioProjects\Thermal\app\build\intermediates\pre-dexed\debug\bmob-im-2.0.4-e5440192c790f429860c1442b1e33168c5f8fc9c.jar C:\Users\Administrator\.gradle\caches\modules-2\files-2.1\cn.bmob.android\bmob-im\2.0.4\1d03e14f65a1db94d060fe646817e20320581732\bmob-im-2.0.4.jar
Launcher Type: SUN_STANDARD

Environment Variables:
JAVA_HOME=D:\java\jdk1.7.0_80
CLASSPATH=.;JAVA_HOME\lib;JAVA_HOME\lib\tools.jar
PATH=F:\AppData\Local\Android\sdk\platform-tools;E:\adt-bundle-windows-x86_64-20140702\sdk\platform-tools;E:\adt-bundle-windows-x86_64-20140702\sdk\sdk\tools;JAVA_HOME\bin;JAVA_HOME\jre\bin;C:\Program Files (x86)\AMD APP\bin\x86_64;C:\Program Files (x86)\AMD APP\bin\x86;C:\Windows\system32;C:\Windows;C:\Windows\System32\Wbem;C:\Windows\System32\WindowsPowerShell\v1.0\;C:\Program Files (x86)\AMD\ATI.ACE\Core-Static;C:\Program Files (x86)\Common Files\microsoft shared\TigerKin;C:\Program Files (x86)\Skype\Phone\;E:\Subversion\bin;C:\Program Files\TortoiseSVN\bin
USERNAME=Administrator
OS=Windows_NT
PROCESSOR_IDENTIFIER=AMD64 Family 21 Model 2 Stepping 0, AuthenticAMD



---------------  S Y S T E M  ---------------

OS: Windows 7 , 64 bit Build 7601 Service Pack 1

CPU:total 8 (8 cores per cpu, 1 threads per core) family 21 model 2 stepping 0, cmov, cx8, fxsr, mmx, sse, sse2, sse3, ssse3, sse4.1, sse4.2, popcnt, avx, aes, mmxext, 3dnowpref, lzcnt, sse4a, tsc, tscinvbit, tscinv

Memory: 4k page, physical 8354464k(1237648k free), swap 10449780k(5236k free)

vm_info: Java HotSpot(TM) 64-Bit Server VM (24.80-b11) for windows-amd64 JRE (1.7.0_80-b15), built on Apr 10 2015 11:26:34 by "java_re" with unknown MS VC++:1600

time: Tue May 24 16:57:32 2016
elapsed time: 4 seconds

