#
# There is insufficient memory for the Java Runtime Environment to continue.
# Native memory allocation (malloc) failed to allocate 32744 bytes for ChunkPool::allocate
# Possible reasons:
#   The system is out of physical RAM or swap space
#   In 32 bit mode, the process size limit was hit
# Possible solutions:
#   Reduce memory load on the system
#   Increase physical memory or swap space
#   Check if swap backing store is full
#   Use 64 bit Java on a 64 bit OS
#   Decrease Java heap size (-Xmx/-Xms)
#   Decrease number of Java threads
#   Decrease Java thread stack sizes (-Xss)
#   Set larger code cache with -XX:ReservedCodeCacheSize=
# This output file may be truncated or incomplete.
#
#  Out of Memory Error (allocation.cpp:211), pid=11096, tid=9628
#
# JRE version: Java(TM) SE Runtime Environment (7.0_80-b15) (build 1.7.0_80-b15)
# Java VM: Java HotSpot(TM) 64-Bit Server VM (24.80-b11 mixed mode windows-amd64 compressed oops)
# Failed to write core dump. Minidumps are not enabled by default on client versions of Windows
#

---------------  T H R E A D  ---------------

Current thread (0x0000000008ef7800):  JavaThread "C2 CompilerThread0" daemon [_thread_in_native, id=9628, stack(0x000000000b800000,0x000000000b900000)]

Stack: [0x000000000b800000,0x000000000b900000]
[error occurred during error reporting (printing stack bounds), id 0xc0000005]


[error occurred during error reporting (printing native stack), id 0xc0000005]


Current CompileTask:
C2:    245    1             sun.misc.ASCIICaseInsensitiveComparator::compare (126 bytes)


---------------  P R O C E S S  ---------------

Java Threads: ( => current thread )
  0x0000000009faf000 JavaThread "Service Thread" daemon [_thread_blocked, id=10908, stack(0x000000000ba00000,0x000000000bb00000)]
  0x0000000008efb000 JavaThread "C2 CompilerThread1" daemon [_thread_blocked, id=10700, stack(0x000000000b480000,0x000000000b580000)]
=>0x0000000008ef7800 JavaThread "C2 CompilerThread0" daemon [_thread_in_native, id=9628, stack(0x000000000b800000,0x000000000b900000)]
  0x0000000009fa6000 JavaThread "Attach Listener" daemon [_thread_blocked, id=10896, stack(0x000000000b5f0000,0x000000000b6f0000)]
  0x0000000009fa4000 JavaThread "Signal Dispatcher" daemon [_thread_blocked, id=7608, stack(0x000000000b370000,0x000000000b470000)]
  0x00000000025bc000 JavaThread "Finalizer" daemon [_thread_blocked, id=10800, stack(0x000000000aef0000,0x000000000aff0000)]
  0x00000000025b5800 JavaThread "Reference Handler" daemon [_thread_blocked, id=9744, stack(0x000000000b170000,0x000000000b270000)]
  0x000000000036e800 JavaThread "main" [_thread_in_native, id=9840, stack(0x0000000002820000,0x0000000002920000)]

Other Threads:
  0x0000000008edd000 VMThread [stack: 0x000000000b020000,0x000000000b120000] [id=2016]
  0x0000000009fc0000 WatcherThread [stack: 0x000000000bc00000,0x000000000bd00000] [id=8952]

VM state:not at safepoint (normal execution)

VM Mutex/Monitor currently owned by a thread: None

Heap
 PSYoungGen      total 38400K, used 2001K [0x00000000eaa80000, 0x00000000ed500000, 0x0000000100000000)
  eden space 33280K, 6% used [0x00000000eaa80000,0x00000000eac74480,0x00000000ecb00000)
  from space 5120K, 0% used [0x00000000ed000000,0x00000000ed000000,0x00000000ed500000)
  to   space 5120K, 0% used [0x00000000ecb00000,0x00000000ecb00000,0x00000000ed000000)
 ParOldGen       total 87040K, used 0K [0x00000000c0000000, 0x00000000c5500000, 0x00000000eaa80000)
  object space 87040K, 0% used [0x00000000c0000000,0x00000000c0000000,0x00000000c5500000)
 PSPermGen       total 21504K, used 2888K [0x00000000bae00000, 0x00000000bc300000, 0x00000000c0000000)
  object space 21504K, 13% used [0x00000000bae00000,0x00000000bb0d22b0,0x00000000bc300000)

Card table byte_map: [0x0000000005920000,0x0000000005b50000] byte_map_base: 0x0000000005349000

Polling page: 0x00000000001c0000

Code Cache  [0x0000000002920000, 0x0000000002b90000, 0x0000000005920000)
 total_blobs=187 nmethods=0 adapters=141 free_code_cache=48767Kb largest_free_block=49926208

Compilation events (1 events):
Event: 0.235 Thread 0x0000000008ef7800    1             sun.misc.ASCIICaseInsensitiveComparator::compare (126 bytes)

GC Heap History (0 events):
No events

Deoptimization events (0 events):
No events

Internal exceptions (10 events):
Event: 0.044 Thread 0x000000000036e800 Threw 0x00000000eaa8f688 at C:\re\jdk7u80\2329\hotspot\src\share\vm\prims\jni.cpp:3991
Event: 0.175 Thread 0x000000000036e800 Threw 0x00000000eab13438 at C:\re\jdk7u80\2329\hotspot\src\share\vm\prims\jvm.cpp:1319
Event: 0.234 Thread 0x000000000036e800 Threw 0x00000000eab24628 at C:\re\jdk7u80\2329\hotspot\src\share\vm\prims\jvm.cpp:1319
Event: 0.236 Thread 0x000000000036e800 Threw 0x00000000eabcef40 at C:\re\jdk7u80\2329\hotspot\src\share\vm\prims\jvm.cpp:1319
Event: 0.238 Thread 0x000000000036e800 Threw 0x00000000eabe7a50 at C:\re\jdk7u80\2329\hotspot\src\share\vm\prims\jvm.cpp:1319
Event: 0.238 Thread 0x000000000036e800 Threw 0x00000000eabe97e8 at C:\re\jdk7u80\2329\hotspot\src\share\vm\prims\jvm.cpp:1319
Event: 0.239 Thread 0x000000000036e800 Threw 0x00000000eabed3f0 at C:\re\jdk7u80\2329\hotspot\src\share\vm\prims\jvm.cpp:1319
Event: 0.240 Thread 0x000000000036e800 Threw 0x00000000eabef408 at C:\re\jdk7u80\2329\hotspot\src\share\vm\prims\jvm.cpp:1319
Event: 0.241 Thread 0x000000000036e800 Threw 0x00000000eabf3978 at C:\re\jdk7u80\2329\hotspot\src\share\vm\prims\jvm.cpp:1319
Event: 0.243 Thread 0x000000000036e800 Threw 0x00000000eac057b0 at C:\re\jdk7u80\2329\hotspot\src\share\vm\prims\jvm.cpp:1319

Events (10 events):
Event: 0.240 loading class 0x000000000a025b70
Event: 0.240 loading class 0x000000000a025b70 done
Event: 0.241 loading class 0x000000000a0258b0
Event: 0.241 loading class 0x000000000a0258b0 done
Event: 0.243 loading class 0x0000000008efc190
Event: 0.243 loading class 0x0000000008efc190 done
Event: 0.243 loading class 0x0000000009fd8bb0
Event: 0.243 loading class 0x0000000009fd8bb0 done
Event: 0.243 loading class 0x000000000a01dda0
Event: 0.243 loading class 0x000000000a01dda0 done


Dynamic libraries:
0x000000013ff90000 - 0x000000013ffc3000 	D:\java\jdk1.7.0_80\bin\java.exe
0x0000000077250000 - 0x00000000773fa000 	C:\Windows\SYSTEM32\ntdll.dll
0x0000000077130000 - 0x000000007724f000 	C:\Windows\system32\kernel32.dll
0x000007fefd2e0000 - 0x000007fefd34b000 	C:\Windows\system32\KERNELBASE.dll
0x000007fefda80000 - 0x000007fefdb5b000 	C:\Windows\system32\ADVAPI32.dll
0x000007fefdf90000 - 0x000007fefe02f000 	C:\Windows\system32\msvcrt.dll
0x000007fefdb60000 - 0x000007fefdb7f000 	C:\Windows\SYSTEM32\sechost.dll
0x000007fefd560000 - 0x000007fefd68d000 	C:\Windows\system32\RPCRT4.dll
0x0000000077030000 - 0x000000007712a000 	C:\Windows\system32\USER32.dll
0x000007fefda10000 - 0x000007fefda77000 	C:\Windows\system32\GDI32.dll
0x000007fefda00000 - 0x000007fefda0e000 	C:\Windows\system32\LPK.dll
0x000007fefe110000 - 0x000007fefe1da000 	C:\Windows\system32\USP10.dll
0x000007fefbd50000 - 0x000007fefbf44000 	C:\Windows\WinSxS\amd64_microsoft.windows.common-controls_6595b64144ccf1df_6.0.7601.18837_none_fa3b1e3d17594757\COMCTL32.dll
0x000007fefd980000 - 0x000007fefd9f1000 	C:\Windows\system32\SHLWAPI.dll
0x000007fefe490000 - 0x000007fefe4be000 	C:\Windows\system32\IMM32.DLL
0x000007fefd870000 - 0x000007fefd979000 	C:\Windows\system32\MSCTF.dll
0x0000000059970000 - 0x0000000059a42000 	D:\java\jdk1.7.0_80\jre\bin\msvcr100.dll
0x0000000058b80000 - 0x0000000059359000 	D:\java\jdk1.7.0_80\jre\bin\server\jvm.dll
0x000007fef4b30000 - 0x000007fef4b39000 	C:\Windows\system32\WSOCK32.dll
0x000007fefddb0000 - 0x000007fefddfd000 	C:\Windows\system32\WS2_32.dll
0x000007feff550000 - 0x000007feff558000 	C:\Windows\system32\NSI.dll
0x000007fef9f60000 - 0x000007fef9f9b000 	C:\Windows\system32\WINMM.dll
0x0000000077420000 - 0x0000000077427000 	C:\Windows\system32\PSAPI.DLL
0x000000005de50000 - 0x000000005de5f000 	D:\java\jdk1.7.0_80\jre\bin\verify.dll
0x000000005b300000 - 0x000000005b328000 	D:\java\jdk1.7.0_80\jre\bin\java.dll
0x000000005d3e0000 - 0x000000005d3f6000 	D:\java\jdk1.7.0_80\jre\bin\zip.dll

VM Arguments:
jvm_args: -Djava.awt.headless=true -Xmx1024M -Dfile.encoding=GBK -Duser.country=CN -Duser.language=zh -Duser.variant 
java_command: com.android.dx.command.Main --dex --num-threads=4 --output F:\AndroidStudioProjects\Thermal\app\build\intermediates\pre-dexed\debug\com.android.support-support-vector-drawable-23.2.1_e33bfd9b1b97e80166bf8f50ec3e954927a2a43a.jar F:\AndroidStudioProjects\Thermal\app\build\intermediates\exploded-aar\com.android.support\support-vector-drawable\23.2.1\jars\classes.jar
Launcher Type: SUN_STANDARD

Environment Variables:
JAVA_HOME=D:\java\jdk1.7.0_80
CLASSPATH=.;JAVA_HOME\lib;JAVA_HOME\lib\tools.jar
PATH=F:\AppData\Local\Android\sdk\platform-tools;E:\adt-bundle-windows-x86_64-20140702\sdk\platform-tools;E:\adt-bundle-windows-x86_64-20140702\sdk\sdk\tools;JAVA_HOME\bin;JAVA_HOME\jre\bin;C:\Program Files (x86)\AMD APP\bin\x86_64;C:\Program Files (x86)\AMD APP\bin\x86;C:\Windows\system32;C:\Windows;C:\Windows\System32\Wbem;C:\Windows\System32\WindowsPowerShell\v1.0\;C:\Program Files (x86)\AMD\ATI.ACE\Core-Static;C:\Program Files (x86)\Common Files\microsoft shared\TigerKin;C:\Program Files (x86)\Skype\Phone\;E:\Subversion\bin;C:\Program Files\TortoiseSVN\bin
USERNAME=Administrator
OS=Windows_NT
PROCESSOR_IDENTIFIER=AMD64 Family 21 Model 2 Stepping 0, AuthenticAMD



---------------  S Y S T E M  ---------------

OS: Windows 7 , 64 bit Build 7601 Service Pack 1

CPU:total 8 (8 cores per cpu, 1 threads per core) family 21 model 2 stepping 0, cmov, cx8, fxsr, mmx, sse, sse2, sse3, ssse3, sse4.1, sse4.2, popcnt, avx, aes, mmxext, 3dnowpref, lzcnt, sse4a, tsc, tscinvbit, tscinv

Memory: 4k page, physical 8354464k(750040k free), swap 10449780k(5764k free)

vm_info: Java HotSpot(TM) 64-Bit Server VM (24.80-b11) for windows-amd64 JRE (1.7.0_80-b15), built on Apr 10 2015 11:26:34 by "java_re" with unknown MS VC++:1600

time: Fri May 20 14:24:47 2016
elapsed time: 0 seconds

