#
# There is insufficient memory for the Java Runtime Environment to continue.
# Native memory allocation (malloc) failed to allocate 55872 bytes for Chunk::new
# Possible reasons:
#   The system is out of physical RAM or swap space
#   In 32 bit mode, the process size limit was hit
# Possible solutions:
#   Reduce memory load on the system
#   Increase physical memory or swap space
#   Check if swap backing store is full
#   Use 64 bit Java on a 64 bit OS
#   Decrease Java heap size (-Xmx/-Xms)
#   Decrease number of Java threads
#   Decrease Java thread stack sizes (-Xss)
#   Set larger code cache with -XX:ReservedCodeCacheSize=
# This output file may be truncated or incomplete.
#
#  Out of Memory Error (allocation.cpp:323), pid=3876, tid=9228
#
# JRE version: Java(TM) SE Runtime Environment (7.0_80-b15) (build 1.7.0_80-b15)
# Java VM: Java HotSpot(TM) 64-Bit Server VM (24.80-b11 mixed mode windows-amd64 compressed oops)
# Failed to write core dump. Minidumps are not enabled by default on client versions of Windows
#

---------------  T H R E A D  ---------------

Current thread (0x0000000008d58000):  JavaThread "C2 CompilerThread0" daemon [_thread_in_native, id=9228, stack(0x000000000b700000,0x000000000b800000)]

Stack: [0x000000000b700000,0x000000000b800000]
[error occurred during error reporting (printing stack bounds), id 0xc0000005]


[error occurred during error reporting (printing native stack), id 0xc0000005]


Current CompileTask:
C2:   4124  293             com.android.dx.ssa.back.IdenticalBlockCombiner::process (323 bytes)


---------------  P R O C E S S  ---------------

Java Threads: ( => current thread )
  0x000000000a151800 JavaThread "pool-1-thread-4" [_thread_blocked, id=8256, stack(0x000000000c420000,0x000000000c520000)]
  0x000000000a079000 JavaThread "pool-1-thread-3" [_thread_blocked, id=1864, stack(0x000000000c2d0000,0x000000000c3d0000)]
  0x000000000a076800 JavaThread "pool-1-thread-2" [_thread_blocked, id=9504, stack(0x000000000c1d0000,0x000000000c2d0000)]
  0x000000000a10c000 JavaThread "pool-2-thread-1" [_thread_blocked, id=10168, stack(0x000000000bfb0000,0x000000000c0b0000)]
  0x000000000a19d800 JavaThread "pool-1-thread-1" [_thread_blocked, id=10036, stack(0x000000000b470000,0x000000000b570000)]
  0x0000000009f17800 JavaThread "Service Thread" daemon [_thread_blocked, id=9728, stack(0x000000000b880000,0x000000000b980000)]
  0x0000000008d5c000 JavaThread "C2 CompilerThread1" daemon [_thread_blocked, id=10052, stack(0x000000000b9b0000,0x000000000bab0000)]
=>0x0000000008d58000 JavaThread "C2 CompilerThread0" daemon [_thread_in_native, id=9228, stack(0x000000000b700000,0x000000000b800000)]
  0x0000000008d56800 JavaThread "Attach Listener" daemon [_thread_blocked, id=6060, stack(0x000000000b580000,0x000000000b680000)]
  0x0000000009f15000 JavaThread "Signal Dispatcher" daemon [_thread_blocked, id=6732, stack(0x000000000b360000,0x000000000b460000)]
  0x0000000002506000 JavaThread "Finalizer" daemon [_thread_blocked, id=7408, stack(0x000000000b1f0000,0x000000000b2f0000)]
  0x0000000002505000 JavaThread "Reference Handler" daemon [_thread_blocked, id=4132, stack(0x000000000aff0000,0x000000000b0f0000)]
  0x0000000001b9e800 JavaThread "main" [_thread_blocked, id=10816, stack(0x0000000002730000,0x0000000002830000)]

Other Threads:
  0x0000000008d3d800 VMThread [stack: 0x000000000aef0000,0x000000000aff0000] [id=6288]
  0x0000000009f20800 WatcherThread [stack: 0x000000000bc00000,0x000000000bd00000] [id=6496]

VM state:not at safepoint (normal execution)

VM Mutex/Monitor currently owned by a thread:  ([mutex/lock_event])
[0x0000000001b9c760] Heap_lock - owner thread: 0x000000000a079000

Heap
 PSYoungGen      total 38400K, used 5103K [0x00000000eaa80000, 0x00000000ed500000, 0x0000000100000000)
  eden space 33280K, 0% used [0x00000000eaa80000,0x00000000eaa80040,0x00000000ecb00000)
  from space 5120K, 99% used [0x00000000ed000000,0x00000000ed4fbe98,0x00000000ed500000)
  to   space 5120K, 0% used [0x00000000ecb00000,0x00000000ecb00000,0x00000000ed000000)
 ParOldGen       total 87040K, used 5315K [0x00000000c0000000, 0x00000000c5500000, 0x00000000eaa80000)
  object space 87040K, 6% used [0x00000000c0000000,0x00000000c0530db0,0x00000000c5500000)
 PSPermGen       total 21504K, used 5912K [0x00000000bae00000, 0x00000000bc300000, 0x00000000c0000000)
  object space 21504K, 27% used [0x00000000bae00000,0x00000000bb3c6198,0x00000000bc300000)

Card table byte_map: [0x0000000005830000,0x0000000005a60000] byte_map_base: 0x0000000005259000

Polling page: 0x0000000001b60000

Code Cache  [0x0000000002830000, 0x0000000002aa0000, 0x0000000005830000)
 total_blobs=532 nmethods=294 adapters=191 free_code_cache=47997Kb largest_free_block=49121920

Compilation events (10 events):
Event: 3.880 Thread 0x0000000008d58000 nmethod 289 0x00000000029386d0 code [0x0000000002938820, 0x0000000002938918]
Event: 3.880 Thread 0x0000000008d58000  291             com.android.dx.ssa.SsaMethod::blockIndexToRopLabel (21 bytes)
Event: 3.880 Thread 0x0000000008d5c000 nmethod 290 0x0000000002934e10 code [0x0000000002934f60, 0x0000000002935098]
Event: 3.880 Thread 0x0000000008d5c000  292             com.android.dx.ssa.SsaBasicBlock::getRopLabelSuccessorList (57 bytes)
Event: 3.881 Thread 0x0000000008d58000 nmethod 291 0x0000000002950990 code [0x0000000002950ae0, 0x0000000002950bd8]
Event: 3.881 Thread 0x0000000008d58000  293             com.android.dx.ssa.back.IdenticalBlockCombiner::process (323 bytes)
Event: 3.892 Thread 0x0000000008d5c000 nmethod 292 0x0000000002951550 code [0x00000000029516e0, 0x0000000002951ed8]
Event: 3.892 Thread 0x0000000008d5c000  294             com.android.dx.rop.code.BasicBlockList::forEachInsn (39 bytes)
Event: 3.896 Thread 0x0000000008d5c000 nmethod 294 0x0000000002956d90 code [0x0000000002956ee0, 0x0000000002957178]
Event: 3.896 Thread 0x0000000008d5c000  295             com.android.dx.rop.code.LocalVariableExtractor::processBlock (327 bytes)

GC Heap History (4 events):
Event: 2.358 GC heap before
{Heap before GC invocations=1 (full 0):
 PSYoungGen      total 38400K, used 33280K [0x00000000eaa80000, 0x00000000ed500000, 0x0000000100000000)
  eden space 33280K, 100% used [0x00000000eaa80000,0x00000000ecb00000,0x00000000ecb00000)
  from space 5120K, 0% used [0x00000000ed000000,0x00000000ed000000,0x00000000ed500000)
  to   space 5120K, 0% used [0x00000000ecb00000,0x00000000ecb00000,0x00000000ed000000)
 ParOldGen       total 87040K, used 0K [0x00000000c0000000, 0x00000000c5500000, 0x00000000eaa80000)
  object space 87040K, 0% used [0x00000000c0000000,0x00000000c0000000,0x00000000c5500000)
 PSPermGen       total 21504K, used 5832K [0x00000000bae00000, 0x00000000bc300000, 0x00000000c0000000)
  object space 21504K, 27% used [0x00000000bae00000,0x00000000bb3b2218,0x00000000bc300000)
Event: 3.470 GC heap after
Heap after GC invocations=1 (full 0):
 PSYoungGen      total 38400K, used 5119K [0x00000000eaa80000, 0x00000000ed500000, 0x0000000100000000)
  eden space 33280K, 0% used [0x00000000eaa80000,0x00000000eaa80000,0x00000000ecb00000)
  from space 5120K, 99% used [0x00000000ecb00000,0x00000000ecfffca8,0x00000000ed000000)
  to   space 5120K, 0% used [0x00000000ed000000,0x00000000ed000000,0x00000000ed500000)
 ParOldGen       total 87040K, used 1994K [0x00000000c0000000, 0x00000000c5500000, 0x00000000eaa80000)
  object space 87040K, 2% used [0x00000000c0000000,0x00000000c01f2a30,0x00000000c5500000)
 PSPermGen       total 21504K, used 5832K [0x00000000bae00000, 0x00000000bc300000, 0x00000000c0000000)
  object space 21504K, 27% used [0x00000000bae00000,0x00000000bb3b2218,0x00000000bc300000)
}
Event: 3.897 GC heap before
{Heap before GC invocations=2 (full 0):
 PSYoungGen      total 38400K, used 38399K [0x00000000eaa80000, 0x00000000ed500000, 0x0000000100000000)
  eden space 33280K, 100% used [0x00000000eaa80000,0x00000000ecb00000,0x00000000ecb00000)
  from space 5120K, 99% used [0x00000000ecb00000,0x00000000ecfffca8,0x00000000ed000000)
  to   space 5120K, 0% used [0x00000000ed000000,0x00000000ed000000,0x00000000ed500000)
 ParOldGen       total 87040K, used 1994K [0x00000000c0000000, 0x00000000c5500000, 0x00000000eaa80000)
  object space 87040K, 2% used [0x00000000c0000000,0x00000000c01f2a30,0x00000000c5500000)
 PSPermGen       total 21504K, used 5912K [0x00000000bae00000, 0x00000000bc300000, 0x00000000c0000000)
  object space 21504K, 27% used [0x00000000bae00000,0x00000000bb3c6198,0x00000000bc300000)
Event: 4.115 GC heap after
Heap after GC invocations=2 (full 0):
 PSYoungGen      total 38400K, used 5103K [0x00000000eaa80000, 0x00000000ed500000, 0x0000000100000000)
  eden space 33280K, 0% used [0x00000000eaa80000,0x00000000eaa80000,0x00000000ecb00000)
  from space 5120K, 99% used [0x00000000ed000000,0x00000000ed4fbe98,0x00000000ed500000)
  to   space 5120K, 0% used [0x00000000ecb00000,0x00000000ecb00000,0x00000000ed000000)
 ParOldGen       total 87040K, used 5315K [0x00000000c0000000, 0x00000000c5500000, 0x00000000eaa80000)
  object space 87040K, 6% used [0x00000000c0000000,0x00000000c0530db0,0x00000000c5500000)
 PSPermGen       total 21504K, used 5912K [0x00000000bae00000, 0x00000000bc300000, 0x00000000c0000000)
  object space 21504K, 27% used [0x00000000bae00000,0x00000000bb3c6198,0x00000000bc300000)
}

Deoptimization events (10 events):
Event: 3.653 Thread 0x000000000a079000 Uncommon trap: reason=bimorphic action=maybe_recompile pc=0x00000000028fc524 method=java.util.HashMap.put(Ljava/lang/Object;Ljava/lang/Object;)Ljava/lang/Object; @ 83
Event: 3.673 Thread 0x000000000a151800 Uncommon trap: reason=unstable_if action=reinterpret pc=0x00000000028d60d0 method=com.android.dx.rop.code.RegisterSpec.intersect(Lcom/android/dx/rop/code/RegisterSpec;Z)Lcom/android/dx/rop/code/RegisterSpec; @ 8
Event: 3.684 Thread 0x000000000a151800 Uncommon trap: reason=bimorphic action=maybe_recompile pc=0x00000000028fc524 method=java.util.HashMap.put(Ljava/lang/Object;Ljava/lang/Object;)Ljava/lang/Object; @ 83
Event: 3.684 Thread 0x000000000a151800 Uncommon trap: reason=bimorphic action=maybe_recompile pc=0x00000000028fc524 method=java.util.HashMap.put(Ljava/lang/Object;Ljava/lang/Object;)Ljava/lang/Object; @ 83
Event: 3.773 Thread 0x000000000a079000 Uncommon trap: reason=class_check action=maybe_recompile pc=0x0000000002916af0 method=com.android.dx.cf.code.Ropper.processBlock(Lcom/android/dx/cf/code/ByteBlock;Lcom/android/dx/cf/code/Frame;[I)V @ 711
Event: 3.778 Thread 0x000000000a079000 Uncommon trap: reason=class_check action=maybe_recompile pc=0x0000000002916af0 method=com.android.dx.cf.code.Ropper.processBlock(Lcom/android/dx/cf/code/ByteBlock;Lcom/android/dx/cf/code/Frame;[I)V @ 711
Event: 3.794 Thread 0x000000000a079000 Uncommon trap: reason=class_check action=maybe_recompile pc=0x0000000002916af0 method=com.android.dx.cf.code.Ropper.processBlock(Lcom/android/dx/cf/code/ByteBlock;Lcom/android/dx/cf/code/Frame;[I)V @ 711
Event: 3.807 Thread 0x000000000a079000 Uncommon trap: reason=class_check action=maybe_recompile pc=0x0000000002916af0 method=com.android.dx.cf.code.Ropper.processBlock(Lcom/android/dx/cf/code/ByteBlock;Lcom/android/dx/cf/code/Frame;[I)V @ 711
Event: 3.826 Thread 0x000000000a19d800 Uncommon trap: reason=unstable_if action=reinterpret pc=0x00000000028fee30 method=com.android.dx.ssa.Dominators.run()V @ 346
Event: 3.832 Thread 0x000000000a151800 Uncommon trap: reason=unstable_if action=reinterpret pc=0x0000000002930a5c method=com.android.dx.ssa.SCCP.simulateStmt(Lcom/android/dx/ssa/SsaInsn;)V @ 59

Internal exceptions (10 events):
Event: 1.070 Thread 0x000000000a076800 Threw 0x00000000eb7fd2d0 at C:\re\jdk7u80\2329\hotspot\src\share\vm\prims\jvm.cpp:1319
Event: 1.071 Thread 0x000000000a076800 Threw 0x00000000eb8007f8 at C:\re\jdk7u80\2329\hotspot\src\share\vm\prims\jvm.cpp:1319
Event: 1.074 Thread 0x000000000a079000 Threw 0x00000000eb2bb398 at C:\re\jdk7u80\2329\hotspot\src\share\vm\prims\jvm.cpp:1319
Event: 1.075 Thread 0x000000000a079000 Threw 0x00000000eb2c1208 at C:\re\jdk7u80\2329\hotspot\src\share\vm\prims\jvm.cpp:1319
Event: 1.076 Thread 0x000000000a079000 Threw 0x00000000eb2c5728 at C:\re\jdk7u80\2329\hotspot\src\share\vm\prims\jvm.cpp:1319
Event: 1.109 Thread 0x000000000a079000 Threw 0x00000000eb2e6950 at C:\re\jdk7u80\2329\hotspot\src\share\vm\prims\jvm.cpp:1319
Event: 1.408 Thread 0x0000000001b9e800 Threw 0x00000000eb6d3938 at C:\re\jdk7u80\2329\hotspot\src\share\vm\prims\jvm.cpp:1319
Event: 2.070 Thread 0x0000000001b9e800 Implicit null exception at 0x00000000028f3f6c to 0x00000000028f51ed
Event: 3.851 Thread 0x000000000a151800 Threw 0x00000000ec5d6f78 at C:\re\jdk7u80\2329\hotspot\src\share\vm\prims\jvm.cpp:1319
Event: 3.890 Thread 0x0000000001b9e800 Threw 0x00000000eca3ebe0 at C:\re\jdk7u80\2329\hotspot\src\share\vm\prims\jvm.cpp:1319

Events (10 events):
Event: 3.826 Thread 0x000000000a19d800 DEOPT UNPACKING pc=0x0000000002869064 sp=0x000000000b56e848 mode 2
Event: 3.832 Thread 0x000000000a151800 Uncommon trap: trap_request=0xffffff75 fr.pc=0x0000000002930a5c
Event: 3.832 Thread 0x000000000a151800 DEOPT PACKING pc=0x0000000002930a5c sp=0x000000000c51ed20
Event: 3.832 Thread 0x000000000a151800 DEOPT UNPACKING pc=0x0000000002869064 sp=0x000000000c51ec98 mode 2
Event: 3.851 loading class 0x000000000a04a920
Event: 3.851 loading class 0x000000000a04a920 done
Event: 3.890 loading class 0x000000000a12c5e0
Event: 3.890 loading class 0x000000000a12c5e0 done
Event: 3.897 Executing VM operation: ParallelGCFailedAllocation
Event: 4.115 Executing VM operation: ParallelGCFailedAllocation done


Dynamic libraries:
0x000000013fad0000 - 0x000000013fb03000 	D:\java\jdk1.7.0_80\bin\java.exe
0x00000000774b0000 - 0x000000007765a000 	C:\Windows\SYSTEM32\ntdll.dll
0x0000000077290000 - 0x00000000773af000 	C:\Windows\system32\kernel32.dll
0x000007fefd460000 - 0x000007fefd4cb000 	C:\Windows\system32\KERNELBASE.dll
0x000007fefeca0000 - 0x000007fefed7b000 	C:\Windows\system32\ADVAPI32.dll
0x000007fefee50000 - 0x000007fefeeef000 	C:\Windows\system32\msvcrt.dll
0x000007fefde70000 - 0x000007fefde8f000 	C:\Windows\SYSTEM32\sechost.dll
0x000007feff5c0000 - 0x000007feff6ed000 	C:\Windows\system32\RPCRT4.dll
0x00000000773b0000 - 0x00000000774aa000 	C:\Windows\system32\USER32.dll
0x000007fefec30000 - 0x000007fefec97000 	C:\Windows\system32\GDI32.dll
0x000007fefec20000 - 0x000007fefec2e000 	C:\Windows\system32\LPK.dll
0x000007feff4f0000 - 0x000007feff5ba000 	C:\Windows\system32\USP10.dll
0x000007fefbfb0000 - 0x000007fefc1a4000 	C:\Windows\WinSxS\amd64_microsoft.windows.common-controls_6595b64144ccf1df_6.0.7601.18837_none_fa3b1e3d17594757\COMCTL32.dll
0x000007feff6f0000 - 0x000007feff761000 	C:\Windows\system32\SHLWAPI.dll
0x000007fefed80000 - 0x000007fefedae000 	C:\Windows\system32\IMM32.DLL
0x000007fefef10000 - 0x000007feff019000 	C:\Windows\system32\MSCTF.dll
0x0000000063250000 - 0x0000000063322000 	D:\java\jdk1.7.0_80\jre\bin\msvcr100.dll
0x0000000058940000 - 0x0000000059119000 	D:\java\jdk1.7.0_80\jre\bin\server\jvm.dll
0x000007fef37a0000 - 0x000007fef37a9000 	C:\Windows\system32\WSOCK32.dll
0x000007feff770000 - 0x000007feff7bd000 	C:\Windows\system32\WS2_32.dll
0x000007fefd840000 - 0x000007fefd848000 	C:\Windows\system32\NSI.dll
0x000007fef9e60000 - 0x000007fef9e9b000 	C:\Windows\system32\WINMM.dll
0x0000000077670000 - 0x0000000077677000 	C:\Windows\system32\PSAPI.DLL
0x0000000071aa0000 - 0x0000000071aaf000 	D:\java\jdk1.7.0_80\jre\bin\verify.dll
0x000000006b1a0000 - 0x000000006b1c8000 	D:\java\jdk1.7.0_80\jre\bin\java.dll
0x0000000070dc0000 - 0x0000000070dd6000 	D:\java\jdk1.7.0_80\jre\bin\zip.dll
0x00000000710f0000 - 0x000000007110a000 	D:\java\jdk1.7.0_80\jre\bin\net.dll
0x000007fefcc20000 - 0x000007fefcc75000 	C:\Windows\system32\mswsock.dll
0x000007fefcc10000 - 0x000007fefcc17000 	C:\Windows\System32\wship6.dll
0x0000000070760000 - 0x0000000070771000 	D:\java\jdk1.7.0_80\jre\bin\nio.dll

VM Arguments:
jvm_args: -Xmx1024M -Dfile.encoding=GBK -Duser.country=CN -Duser.language=zh -Duser.variant 
java_command: com.android.dx.command.Main --dex --num-threads=4 --output F:\AndroidStudioProjects\Thermal\app\build\intermediates\pre-dexed\debug\okhttp-3.2.0-e97c4d684058659f4c78fd063d89ce0d8b400297.jar C:\Users\Administrator\.gradle\caches\modules-2\files-2.1\com.squareup.okhttp3\okhttp\3.2.0\f7873a2ebde246a45c2a8d6f3247108b4c88a879\okhttp-3.2.0.jar
Launcher Type: SUN_STANDARD

Environment Variables:
JAVA_HOME=D:\java\jdk1.7.0_80
CLASSPATH=.;JAVA_HOME\lib;JAVA_HOME\lib\tools.jar
PATH=F:\AppData\Local\Android\sdk\platform-tools;E:\adt-bundle-windows-x86_64-20140702\sdk\platform-tools;E:\adt-bundle-windows-x86_64-20140702\sdk\sdk\tools;JAVA_HOME\bin;JAVA_HOME\jre\bin;C:\Program Files (x86)\AMD APP\bin\x86_64;C:\Program Files (x86)\AMD APP\bin\x86;C:\Windows\system32;C:\Windows;C:\Windows\System32\Wbem;C:\Windows\System32\WindowsPowerShell\v1.0\;C:\Program Files (x86)\AMD\ATI.ACE\Core-Static;C:\Program Files (x86)\Common Files\microsoft shared\TigerKin;C:\Program Files (x86)\Skype\Phone\;E:\Subversion\bin;C:\Program Files\TortoiseSVN\bin
USERNAME=Administrator
OS=Windows_NT
PROCESSOR_IDENTIFIER=AMD64 Family 21 Model 2 Stepping 0, AuthenticAMD



---------------  S Y S T E M  ---------------

OS: Windows 7 , 64 bit Build 7601 Service Pack 1

CPU:total 8 (8 cores per cpu, 1 threads per core) family 21 model 2 stepping 0, cmov, cx8, fxsr, mmx, sse, sse2, sse3, ssse3, sse4.1, sse4.2, popcnt, avx, aes, mmxext, 3dnowpref, lzcnt, sse4a, tsc, tscinvbit, tscinv

Memory: 4k page, physical 8354464k(1131380k free), swap 10449780k(5216k free)

vm_info: Java HotSpot(TM) 64-Bit Server VM (24.80-b11) for windows-amd64 JRE (1.7.0_80-b15), built on Apr 10 2015 11:26:34 by "java_re" with unknown MS VC++:1600

time: Tue May 24 17:09:26 2016
elapsed time: 4 seconds

