#
# There is insufficient memory for the Java Runtime Environment to continue.
# Native memory allocation (malloc) failed to allocate 262160 bytes for Chunk::new
# Possible reasons:
#   The system is out of physical RAM or swap space
#   In 32 bit mode, the process size limit was hit
# Possible solutions:
#   Reduce memory load on the system
#   Increase physical memory or swap space
#   Check if swap backing store is full
#   Use 64 bit Java on a 64 bit OS
#   Decrease Java heap size (-Xmx/-Xms)
#   Decrease number of Java threads
#   Decrease Java thread stack sizes (-Xss)
#   Set larger code cache with -XX:ReservedCodeCacheSize=
# This output file may be truncated or incomplete.
#
#  Out of Memory Error (allocation.cpp:323), pid=6660, tid=7848
#
# JRE version: Java(TM) SE Runtime Environment (7.0_80-b15) (build 1.7.0_80-b15)
# Java VM: Java HotSpot(TM) 64-Bit Server VM (24.80-b11 mixed mode windows-amd64 compressed oops)
# Failed to write core dump. Minidumps are not enabled by default on client versions of Windows
#

---------------  T H R E A D  ---------------

Current thread (0x0000000008f24000):  JavaThread "C2 CompilerThread1" daemon [_thread_in_native, id=7848, stack(0x000000000b880000,0x000000000b980000)]

Stack: [0x000000000b880000,0x000000000b980000]
[error occurred during error reporting (printing stack bounds), id 0xc0000005]


[error occurred during error reporting (printing native stack), id 0xc0000005]


Current CompileTask:
C2:   4129  275   !         com.android.dx.cf.code.BytecodeArray::parseInstruction (2764 bytes)


---------------  P R O C E S S  ---------------

Java Threads: ( => current thread )
  0x000000000a10a000 JavaThread "pool-1-thread-4" [_thread_in_Java, id=5728, stack(0x000000000c3f0000,0x000000000c4f0000)]
  0x000000000a0bf800 JavaThread "pool-2-thread-1" [_thread_blocked, id=2292, stack(0x000000000c070000,0x000000000c170000)]
  0x0000000009fe7800 JavaThread "Service Thread" daemon [_thread_blocked, id=7692, stack(0x000000000bb00000,0x000000000bc00000)]
=>0x0000000008f24000 JavaThread "C2 CompilerThread1" daemon [_thread_in_native, id=7848, stack(0x000000000b880000,0x000000000b980000)]
  0x0000000008f20800 JavaThread "C2 CompilerThread0" daemon [_thread_in_native, id=3320, stack(0x000000000b720000,0x000000000b820000)]
  0x0000000008f1f000 JavaThread "Attach Listener" daemon [_thread_blocked, id=5352, stack(0x000000000b4e0000,0x000000000b5e0000)]
  0x0000000009fd5000 JavaThread "Signal Dispatcher" daemon [_thread_blocked, id=10132, stack(0x000000000b370000,0x000000000b470000)]
  0x0000000002676800 JavaThread "Finalizer" daemon [_thread_blocked, id=10584, stack(0x000000000af80000,0x000000000b080000)]
  0x0000000002675000 JavaThread "Reference Handler" daemon [_thread_blocked, id=10896, stack(0x000000000b230000,0x000000000b330000)]
  0x00000000003ae800 JavaThread "main" [_thread_blocked, id=10836, stack(0x00000000026b0000,0x00000000027b0000)]

Other Threads:
  0x0000000008f0d800 VMThread [stack: 0x000000000b0a0000,0x000000000b1a0000] [id=8996]
  0x0000000009ff0800 WatcherThread [stack: 0x000000000bd00000,0x000000000be00000] [id=1828]

VM state:not at safepoint (normal execution)

VM Mutex/Monitor currently owned by a thread: None

Heap
 PSYoungGen      total 38400K, used 6553K [0x00000000eaa80000, 0x00000000ed500000, 0x0000000100000000)
  eden space 33280K, 4% used [0x00000000eaa80000,0x00000000eabec960,0x00000000ecb00000)
  from space 5120K, 99% used [0x00000000ecb00000,0x00000000ecff9c80,0x00000000ed000000)
  to   space 5120K, 0% used [0x00000000ed000000,0x00000000ed000000,0x00000000ed500000)
 ParOldGen       total 87040K, used 1057K [0x00000000c0000000, 0x00000000c5500000, 0x00000000eaa80000)
  object space 87040K, 1% used [0x00000000c0000000,0x00000000c01086f0,0x00000000c5500000)
 PSPermGen       total 21504K, used 5902K [0x00000000bae00000, 0x00000000bc300000, 0x00000000c0000000)
  object space 21504K, 27% used [0x00000000bae00000,0x00000000bb3c39c8,0x00000000bc300000)

Card table byte_map: [0x0000000005990000,0x0000000005bc0000] byte_map_base: 0x00000000053b9000

Polling page: 0x0000000000140000

Code Cache  [0x00000000028d0000, 0x0000000002b40000, 0x00000000058d0000)
 total_blobs=522 nmethods=284 adapters=191 free_code_cache=48066Kb largest_free_block=49188032

Compilation events (10 events):
Event: 4.107 Thread 0x0000000008f20800 nmethod 280 0x0000000002952b50 code [0x0000000002952c80, 0x0000000002952d18]
Event: 4.112 Thread 0x0000000008f20800  281             com.android.dx.util.IntList::contains (14 bytes)
Event: 4.115 Thread 0x0000000008f20800 nmethod 281 0x00000000029dd090 code [0x00000000029dd1e0, 0x00000000029dd398]
Event: 4.117 Thread 0x0000000008f20800  282             com.android.dx.dex.code.CodeAddress::<init> (11 bytes)
Event: 4.117 Thread 0x0000000008f20800 nmethod 282 0x00000000029dcdd0 code [0x00000000029dcf20, 0x00000000029dcfb8]
Event: 4.118 Thread 0x0000000008f20800  283             com.android.dx.dex.code.CodeAddress::<init> (7 bytes)
Event: 4.118 Thread 0x0000000008f20800 nmethod 283 0x0000000002952890 code [0x00000000029529e0, 0x0000000002952a78]
Event: 4.119 Thread 0x0000000008f20800  284             com.android.dx.rop.code.InsnList::getLast (11 bytes)
Event: 4.120 Thread 0x0000000008f20800 nmethod 284 0x00000000029c1a50 code [0x00000000029c1ba0, 0x00000000029c1c78]
Event: 4.126 Thread 0x0000000008f20800  285             com.android.dx.util.LabeledList::set (45 bytes)

GC Heap History (2 events):
Event: 3.086 GC heap before
{Heap before GC invocations=1 (full 0):
 PSYoungGen      total 38400K, used 33280K [0x00000000eaa80000, 0x00000000ed500000, 0x0000000100000000)
  eden space 33280K, 100% used [0x00000000eaa80000,0x00000000ecb00000,0x00000000ecb00000)
  from space 5120K, 0% used [0x00000000ed000000,0x00000000ed000000,0x00000000ed500000)
  to   space 5120K, 0% used [0x00000000ecb00000,0x00000000ecb00000,0x00000000ed000000)
 ParOldGen       total 87040K, used 0K [0x00000000c0000000, 0x00000000c5500000, 0x00000000eaa80000)
  object space 87040K, 0% used [0x00000000c0000000,0x00000000c0000000,0x00000000c5500000)
 PSPermGen       total 21504K, used 5896K [0x00000000bae00000, 0x00000000bc300000, 0x00000000c0000000)
  object space 21504K, 27% used [0x00000000bae00000,0x00000000bb3c2090,0x00000000bc300000)
Event: 4.071 GC heap after
Heap after GC invocations=1 (full 0):
 PSYoungGen      total 38400K, used 5095K [0x00000000eaa80000, 0x00000000ed500000, 0x0000000100000000)
  eden space 33280K, 0% used [0x00000000eaa80000,0x00000000eaa80000,0x00000000ecb00000)
  from space 5120K, 99% used [0x00000000ecb00000,0x00000000ecff9c80,0x00000000ed000000)
  to   space 5120K, 0% used [0x00000000ed000000,0x00000000ed000000,0x00000000ed500000)
 ParOldGen       total 87040K, used 1057K [0x00000000c0000000, 0x00000000c5500000, 0x00000000eaa80000)
  object space 87040K, 1% used [0x00000000c0000000,0x00000000c01086f0,0x00000000c5500000)
 PSPermGen       total 21504K, used 5896K [0x00000000bae00000, 0x00000000bc300000, 0x00000000c0000000)
  object space 21504K, 27% used [0x00000000bae00000,0x00000000bb3c2090,0x00000000bc300000)
}

Deoptimization events (10 events):
Event: 2.240 Thread 0x000000000a178800 Uncommon trap: reason=unstable_if action=reinterpret pc=0x00000000029756cc method=com.android.dx.rop.code.RegisterSpecSet.put(Lcom/android/dx/rop/code/RegisterSpec;)V @ 77
Event: 2.240 Thread 0x000000000a178800 Uncommon trap: reason=unstable_if action=reinterpret pc=0x0000000002941ea8 method=com.android.dx.rop.code.RegisterSpecSet.put(Lcom/android/dx/rop/code/RegisterSpec;)V @ 77
Event: 2.248 Thread 0x000000000a179800 Uncommon trap: reason=null_check action=make_not_entrant pc=0x00000000029614d0 method=com.android.dx.rop.type.Type.equals(Ljava/lang/Object;)Z @ 8
Event: 2.281 Thread 0x000000000a179800 Uncommon trap: reason=unstable_if action=reinterpret pc=0x000000000294ec9c method=com.android.dx.rop.code.RegisterSpec.equals(ILcom/android/dx/rop/type/TypeBearer;Lcom/android/dx/rop/code/LocalItem;)Z @ 42
Event: 2.905 Thread 0x000000000a10a000 Uncommon trap: reason=unstable_if action=reinterpret pc=0x00000000029ccd58 method=com.android.dx.ssa.Dominators.run()V @ 346
Event: 3.067 Thread 0x000000000a10a000 Uncommon trap: reason=unstable_if action=reinterpret pc=0x00000000029e141c method=com.android.dx.cf.code.Ropper.processBlock(Lcom/android/dx/cf/code/ByteBlock;Lcom/android/dx/cf/code/Frame;[I)V @ 413
Event: 3.067 Thread 0x000000000a10a000 Uncommon trap: reason=unstable_if action=reinterpret pc=0x000000000299f2ec method=com.android.dx.util.IntList.binarysearch(I)I @ 105
Event: 3.068 Thread 0x000000000a10a000 Uncommon trap: reason=unstable_if action=reinterpret pc=0x00000000029ad118 method=com.android.dx.ssa.SsaBasicBlock.newFromRop(Lcom/android/dx/rop/code/RopMethod;ILcom/android/dx/ssa/SsaMethod;)Lcom/android/dx/ssa/SsaBasicBlock; @ 164
Event: 3.072 Thread 0x000000000a10a000 Uncommon trap: reason=unstable_if action=reinterpret pc=0x00000000029c778c method=com.android.dx.ssa.back.IdenticalBlockCombiner.process()Lcom/android/dx/rop/code/RopMethod; @ 207
Event: 3.072 Thread 0x000000000a10a000 Uncommon trap: reason=unstable_if action=reinterpret pc=0x00000000029d5d7c method=com.android.dx.rop.code.LocalVariableExtractor.processBlock(I)V @ 35

Internal exceptions (10 events):
Event: 0.577 Thread 0x000000000a179800 Threw 0x00000000eb5e8c78 at C:\re\jdk7u80\2329\hotspot\src\share\vm\prims\jvm.cpp:1319
Event: 0.607 Thread 0x000000000a10a000 Threw 0x00000000eb14e620 at C:\re\jdk7u80\2329\hotspot\src\share\vm\prims\jvm.cpp:1319
Event: 0.659 Thread 0x000000000a179800 Threw 0x00000000eb5fbb18 at C:\re\jdk7u80\2329\hotspot\src\share\vm\prims\jvm.cpp:1319
Event: 0.681 Thread 0x000000000a178800 Threw 0x00000000eb64f9e8 at C:\re\jdk7u80\2329\hotspot\src\share\vm\prims\jvm.cpp:1319
Event: 0.961 Thread 0x000000000a10a000 Threw 0x00000000eb851a18 at C:\re\jdk7u80\2329\hotspot\src\share\vm\prims\jvm.cpp:1319
Event: 0.961 Thread 0x000000000a10a000 Threw 0x00000000eb8570c8 at C:\re\jdk7u80\2329\hotspot\src\share\vm\prims\jvm.cpp:1319
Event: 0.962 Thread 0x000000000a10a000 Threw 0x00000000eb85c4f0 at C:\re\jdk7u80\2329\hotspot\src\share\vm\prims\jvm.cpp:1319
Event: 0.979 Thread 0x000000000a179800 Threw 0x00000000eba3bff0 at C:\re\jdk7u80\2329\hotspot\src\share\vm\prims\jvm.cpp:1319
Event: 1.393 Thread 0x000000000a179800 Threw 0x00000000ebbc86f0 at C:\re\jdk7u80\2329\hotspot\src\share\vm\prims\jvm.cpp:1319
Event: 2.248 Thread 0x000000000a179800 Implicit null exception at 0x00000000029613d2 to 0x00000000029614c2

Events (10 events):
Event: 3.068 Thread 0x000000000a10a000 DEOPT PACKING pc=0x00000000029ad118 sp=0x000000000c4eebc0
Event: 3.068 Thread 0x000000000a10a000 DEOPT UNPACKING pc=0x0000000002909064 sp=0x000000000c4eeba0 mode 2
Event: 3.072 Thread 0x000000000a10a000 Uncommon trap: trap_request=0xffffff75 fr.pc=0x00000000029c778c
Event: 3.072 Thread 0x000000000a10a000 DEOPT PACKING pc=0x00000000029c778c sp=0x000000000c4eec80
Event: 3.072 Thread 0x000000000a10a000 DEOPT UNPACKING pc=0x0000000002909064 sp=0x000000000c4eec10 mode 2
Event: 3.072 Thread 0x000000000a10a000 Uncommon trap: trap_request=0xffffff75 fr.pc=0x00000000029d5d7c
Event: 3.072 Thread 0x000000000a10a000 DEOPT PACKING pc=0x00000000029d5d7c sp=0x000000000c4eed90
Event: 3.072 Thread 0x000000000a10a000 DEOPT UNPACKING pc=0x0000000002909064 sp=0x000000000c4eed20 mode 2
Event: 3.086 Executing VM operation: ParallelGCFailedAllocation
Event: 4.071 Executing VM operation: ParallelGCFailedAllocation done


Dynamic libraries:
0x000000013fad0000 - 0x000000013fb03000 	D:\java\jdk1.7.0_80\bin\java.exe
0x00000000774b0000 - 0x000000007765a000 	C:\Windows\SYSTEM32\ntdll.dll
0x0000000077290000 - 0x00000000773af000 	C:\Windows\system32\kernel32.dll
0x000007fefd460000 - 0x000007fefd4cb000 	C:\Windows\system32\KERNELBASE.dll
0x000007fefeca0000 - 0x000007fefed7b000 	C:\Windows\system32\ADVAPI32.dll
0x000007fefee50000 - 0x000007fefeeef000 	C:\Windows\system32\msvcrt.dll
0x000007fefde70000 - 0x000007fefde8f000 	C:\Windows\SYSTEM32\sechost.dll
0x000007feff5c0000 - 0x000007feff6ed000 	C:\Windows\system32\RPCRT4.dll
0x00000000773b0000 - 0x00000000774aa000 	C:\Windows\system32\USER32.dll
0x000007fefec30000 - 0x000007fefec97000 	C:\Windows\system32\GDI32.dll
0x000007fefec20000 - 0x000007fefec2e000 	C:\Windows\system32\LPK.dll
0x000007feff4f0000 - 0x000007feff5ba000 	C:\Windows\system32\USP10.dll
0x000007fefbfb0000 - 0x000007fefc1a4000 	C:\Windows\WinSxS\amd64_microsoft.windows.common-controls_6595b64144ccf1df_6.0.7601.18837_none_fa3b1e3d17594757\COMCTL32.dll
0x000007feff6f0000 - 0x000007feff761000 	C:\Windows\system32\SHLWAPI.dll
0x000007fefed80000 - 0x000007fefedae000 	C:\Windows\system32\IMM32.DLL
0x000007fefef10000 - 0x000007feff019000 	C:\Windows\system32\MSCTF.dll
0x0000000063250000 - 0x0000000063322000 	D:\java\jdk1.7.0_80\jre\bin\msvcr100.dll
0x0000000058940000 - 0x0000000059119000 	D:\java\jdk1.7.0_80\jre\bin\server\jvm.dll
0x000007fef37a0000 - 0x000007fef37a9000 	C:\Windows\system32\WSOCK32.dll
0x000007feff770000 - 0x000007feff7bd000 	C:\Windows\system32\WS2_32.dll
0x000007fefd840000 - 0x000007fefd848000 	C:\Windows\system32\NSI.dll
0x000007fef9e60000 - 0x000007fef9e9b000 	C:\Windows\system32\WINMM.dll
0x0000000077670000 - 0x0000000077677000 	C:\Windows\system32\PSAPI.DLL
0x0000000071aa0000 - 0x0000000071aaf000 	D:\java\jdk1.7.0_80\jre\bin\verify.dll
0x000000006b1a0000 - 0x000000006b1c8000 	D:\java\jdk1.7.0_80\jre\bin\java.dll
0x0000000070dc0000 - 0x0000000070dd6000 	D:\java\jdk1.7.0_80\jre\bin\zip.dll
0x00000000710f0000 - 0x000000007110a000 	D:\java\jdk1.7.0_80\jre\bin\net.dll
0x000007fefcc20000 - 0x000007fefcc75000 	C:\Windows\system32\mswsock.dll
0x000007fefcc10000 - 0x000007fefcc17000 	C:\Windows\System32\wship6.dll
0x0000000070760000 - 0x0000000070771000 	D:\java\jdk1.7.0_80\jre\bin\nio.dll

VM Arguments:
jvm_args: -Xmx1024M -Dfile.encoding=GBK -Duser.country=CN -Duser.language=zh -Duser.variant 
java_command: com.android.dx.command.Main --dex --num-threads=4 --output F:\AndroidStudioProjects\Thermal\app\build\intermediates\pre-dexed\debug\classes-e33bfd9b1b97e80166bf8f50ec3e954927a2a43a.jar F:\AndroidStudioProjects\Thermal\app\build\intermediates\exploded-aar\com.android.support\support-vector-drawable\23.2.1\jars\classes.jar
Launcher Type: SUN_STANDARD

Environment Variables:
JAVA_HOME=D:\java\jdk1.7.0_80
CLASSPATH=.;JAVA_HOME\lib;JAVA_HOME\lib\tools.jar
PATH=F:\AppData\Local\Android\sdk\platform-tools;E:\adt-bundle-windows-x86_64-20140702\sdk\platform-tools;E:\adt-bundle-windows-x86_64-20140702\sdk\sdk\tools;JAVA_HOME\bin;JAVA_HOME\jre\bin;C:\Program Files (x86)\AMD APP\bin\x86_64;C:\Program Files (x86)\AMD APP\bin\x86;C:\Windows\system32;C:\Windows;C:\Windows\System32\Wbem;C:\Windows\System32\WindowsPowerShell\v1.0\;C:\Program Files (x86)\AMD\ATI.ACE\Core-Static;C:\Program Files (x86)\Common Files\microsoft shared\TigerKin;C:\Program Files (x86)\Skype\Phone\;E:\Subversion\bin;C:\Program Files\TortoiseSVN\bin
USERNAME=Administrator
OS=Windows_NT
PROCESSOR_IDENTIFIER=AMD64 Family 21 Model 2 Stepping 0, AuthenticAMD



---------------  S Y S T E M  ---------------

OS: Windows 7 , 64 bit Build 7601 Service Pack 1

CPU:total 8 (8 cores per cpu, 1 threads per core) family 21 model 2 stepping 0, cmov, cx8, fxsr, mmx, sse, sse2, sse3, ssse3, sse4.1, sse4.2, popcnt, avx, aes, mmxext, 3dnowpref, lzcnt, sse4a, tsc, tscinvbit, tscinv

Memory: 4k page, physical 8354464k(1137496k free), swap 10449780k(5016k free)

vm_info: Java HotSpot(TM) 64-Bit Server VM (24.80-b11) for windows-amd64 JRE (1.7.0_80-b15), built on Apr 10 2015 11:26:34 by "java_re" with unknown MS VC++:1600

time: Tue May 24 17:09:26 2016
elapsed time: 4 seconds

